Calling target program-options parser
[19:10:09.460] [bmv2] [D] [thread 101348] Set default default entry for table 'MyIngress.ipv4_host': NoAction - 
Adding interface s3-eth1 as port 1
[19:10:09.460] [bmv2] [D] [thread 101348] Adding interface s3-eth1 as port 1
Adding interface s3-eth2 as port 2
[19:10:09.472] [bmv2] [D] [thread 101348] Adding interface s3-eth2 as port 2
Adding interface br-s3-hw as port 3
[19:10:09.482] [bmv2] [D] [thread 101348] Adding interface br-s3-hw as port 3
Server listening on 0.0.0.0:50053
[19:10:09.484] [bmv2] [I] [thread 101348] Starting Thrift server on port 9092
[19:10:09.485] [bmv2] [I] [thread 101348] Thrift server was started
[19:10:09.494] [bmv2] [D] [thread 101370] [0.0] [cxt 0] Processing packet received on port 2
[19:10:09.494] [bmv2] [D] [thread 101370] [0.0] [cxt 0] Parser 'parser': start
[19:10:09.494] [bmv2] [D] [thread 101370] [0.0] [cxt 0] Parser 'parser' entering state 'start'
[19:10:09.494] [bmv2] [D] [thread 101370] [0.0] [cxt 0] Extracting header 'ethernet'
[19:10:09.494] [bmv2] [D] [thread 101370] [0.0] [cxt 0] Parser state 'start': key is 86dd
[19:10:09.494] [bmv2] [T] [thread 101370] [0.0] [cxt 0] Bytes parsed: 14
[19:10:09.494] [bmv2] [D] [thread 101370] [0.0] [cxt 0] Parser 'parser': end
[19:10:09.494] [bmv2] [D] [thread 101370] [0.0] [cxt 0] Pipeline 'ingress': start
[19:10:09.494] [bmv2] [T] [thread 101370] [0.0] [cxt 0] basic.p4(120) Condition "hdr.ipv4.isValid()" (node_2) is false
[19:10:09.494] [bmv2] [D] [thread 101370] [0.0] [cxt 0] Pipeline 'ingress': end
[19:10:09.494] [bmv2] [D] [thread 101370] [0.0] [cxt 0] Egress port is 0
[19:10:09.494] [bmv2] [D] [thread 101370] [1.0] [cxt 0] Processing packet received on port 2
[19:10:09.494] [bmv2] [D] [thread 101370] [1.0] [cxt 0] Parser 'parser': start
[19:10:09.494] [bmv2] [D] [thread 101370] [1.0] [cxt 0] Parser 'parser' entering state 'start'
[19:10:09.494] [bmv2] [D] [thread 101370] [1.0] [cxt 0] Extracting header 'ethernet'
[19:10:09.494] [bmv2] [D] [thread 101370] [1.0] [cxt 0] Parser state 'start': key is 86dd
[19:10:09.494] [bmv2] [T] [thread 101370] [1.0] [cxt 0] Bytes parsed: 14
[19:10:09.494] [bmv2] [D] [thread 101370] [1.0] [cxt 0] Parser 'parser': end
[19:10:09.494] [bmv2] [D] [thread 101370] [1.0] [cxt 0] Pipeline 'ingress': start
[19:10:09.494] [bmv2] [T] [thread 101370] [1.0] [cxt 0] basic.p4(120) Condition "hdr.ipv4.isValid()" (node_2) is false
[19:10:09.494] [bmv2] [D] [thread 101370] [1.0] [cxt 0] Pipeline 'ingress': end
[19:10:09.494] [bmv2] [D] [thread 101370] [1.0] [cxt 0] Egress port is 0
[19:10:09.495] [bmv2] [D] [thread 101372] [0.0] [cxt 0] Pipeline 'egress': start
[19:10:09.495] [bmv2] [D] [thread 101372] [0.0] [cxt 0] Pipeline 'egress': end
[19:10:09.495] [bmv2] [D] [thread 101372] [0.0] [cxt 0] Deparser 'deparser': start
[19:10:09.495] [bmv2] [D] [thread 101372] [0.0] [cxt 0] Deparsing header 'ethernet'
[19:10:09.495] [bmv2] [D] [thread 101372] [0.0] [cxt 0] Deparser 'deparser': end
[19:10:09.495] [bmv2] [D] [thread 101372] [1.0] [cxt 0] Pipeline 'egress': start
[19:10:09.495] [bmv2] [D] [thread 101372] [1.0] [cxt 0] Pipeline 'egress': end
[19:10:09.495] [bmv2] [D] [thread 101372] [1.0] [cxt 0] Deparser 'deparser': start
[19:10:09.495] [bmv2] [D] [thread 101372] [1.0] [cxt 0] Deparsing header 'ethernet'
[19:10:09.495] [bmv2] [D] [thread 101372] [1.0] [cxt 0] Deparser 'deparser': end
[19:10:09.495] [bmv2] [D] [thread 101376] [0.0] [cxt 0] Transmitting packet of size 90 out of port 0
[19:10:09.495] [bmv2] [D] [thread 101376] [1.0] [cxt 0] Transmitting packet of size 70 out of port 0
[19:10:09.624] [bmv2] [D] [thread 101370] [2.0] [cxt 0] Processing packet received on port 1
[19:10:09.624] [bmv2] [D] [thread 101370] [2.0] [cxt 0] Parser 'parser': start
[19:10:09.624] [bmv2] [D] [thread 101370] [2.0] [cxt 0] Parser 'parser' entering state 'start'
[19:10:09.624] [bmv2] [D] [thread 101370] [2.0] [cxt 0] Extracting header 'ethernet'
[19:10:09.624] [bmv2] [D] [thread 101370] [2.0] [cxt 0] Parser state 'start': key is 86dd
[19:10:09.624] [bmv2] [T] [thread 101370] [2.0] [cxt 0] Bytes parsed: 14
[19:10:09.624] [bmv2] [D] [thread 101370] [2.0] [cxt 0] Parser 'parser': end
[19:10:09.624] [bmv2] [D] [thread 101370] [2.0] [cxt 0] Pipeline 'ingress': start
[19:10:09.624] [bmv2] [T] [thread 101370] [2.0] [cxt 0] basic.p4(120) Condition "hdr.ipv4.isValid()" (node_2) is false
[19:10:09.624] [bmv2] [D] [thread 101370] [2.0] [cxt 0] Pipeline 'ingress': end
[19:10:09.624] [bmv2] [D] [thread 101370] [2.0] [cxt 0] Egress port is 0
[19:10:09.624] [bmv2] [D] [thread 101370] [3.0] [cxt 0] Processing packet received on port 1
[19:10:09.624] [bmv2] [D] [thread 101370] [3.0] [cxt 0] Parser 'parser': start
[19:10:09.624] [bmv2] [D] [thread 101370] [3.0] [cxt 0] Parser 'parser' entering state 'start'
[19:10:09.624] [bmv2] [D] [thread 101370] [3.0] [cxt 0] Extracting header 'ethernet'
[19:10:09.624] [bmv2] [D] [thread 101370] [3.0] [cxt 0] Parser state 'start': key is 86dd
[19:10:09.624] [bmv2] [T] [thread 101370] [3.0] [cxt 0] Bytes parsed: 14
[19:10:09.624] [bmv2] [D] [thread 101370] [3.0] [cxt 0] Parser 'parser': end
[19:10:09.624] [bmv2] [D] [thread 101370] [3.0] [cxt 0] Pipeline 'ingress': start
[19:10:09.624] [bmv2] [T] [thread 101370] [3.0] [cxt 0] basic.p4(120) Condition "hdr.ipv4.isValid()" (node_2) is false
[19:10:09.624] [bmv2] [D] [thread 101370] [3.0] [cxt 0] Pipeline 'ingress': end
[19:10:09.624] [bmv2] [D] [thread 101372] [2.0] [cxt 0] Pipeline 'egress': start
[19:10:09.624] [bmv2] [D] [thread 101372] [2.0] [cxt 0] Pipeline 'egress': end
[19:10:09.624] [bmv2] [D] [thread 101370] [3.0] [cxt 0] Egress port is 0
[19:10:09.624] [bmv2] [D] [thread 101372] [2.0] [cxt 0] Deparser 'deparser': start
[19:10:09.624] [bmv2] [D] [thread 101372] [2.0] [cxt 0] Deparsing header 'ethernet'
[19:10:09.624] [bmv2] [D] [thread 101372] [2.0] [cxt 0] Deparser 'deparser': end
[19:10:09.624] [bmv2] [D] [thread 101372] [3.0] [cxt 0] Pipeline 'egress': start
[19:10:09.624] [bmv2] [D] [thread 101372] [3.0] [cxt 0] Pipeline 'egress': end
[19:10:09.624] [bmv2] [D] [thread 101372] [3.0] [cxt 0] Deparser 'deparser': start
[19:10:09.624] [bmv2] [D] [thread 101372] [3.0] [cxt 0] Deparsing header 'ethernet'
[19:10:09.624] [bmv2] [D] [thread 101372] [3.0] [cxt 0] Deparser 'deparser': end
[19:10:09.624] [bmv2] [D] [thread 101376] [2.0] [cxt 0] Transmitting packet of size 90 out of port 0
[19:10:09.624] [bmv2] [D] [thread 101376] [3.0] [cxt 0] Transmitting packet of size 70 out of port 0
[19:10:09.758] [bmv2] [D] [thread 101370] [4.0] [cxt 0] Processing packet received on port 2
[19:10:09.758] [bmv2] [D] [thread 101370] [4.0] [cxt 0] Parser 'parser': start
[19:10:09.758] [bmv2] [D] [thread 101370] [4.0] [cxt 0] Parser 'parser' entering state 'start'
[19:10:09.758] [bmv2] [D] [thread 101370] [4.0] [cxt 0] Extracting header 'ethernet'
[19:10:09.758] [bmv2] [D] [thread 101370] [4.0] [cxt 0] Parser state 'start': key is 86dd
[19:10:09.758] [bmv2] [T] [thread 101370] [4.0] [cxt 0] Bytes parsed: 14
[19:10:09.758] [bmv2] [D] [thread 101370] [4.0] [cxt 0] Parser 'parser': end
[19:10:09.758] [bmv2] [D] [thread 101370] [4.0] [cxt 0] Pipeline 'ingress': start
[19:10:09.758] [bmv2] [T] [thread 101370] [4.0] [cxt 0] basic.p4(120) Condition "hdr.ipv4.isValid()" (node_2) is false
[19:10:09.758] [bmv2] [D] [thread 101370] [4.0] [cxt 0] Pipeline 'ingress': end
[19:10:09.758] [bmv2] [D] [thread 101370] [4.0] [cxt 0] Egress port is 0
[19:10:09.758] [bmv2] [D] [thread 101372] [4.0] [cxt 0] Pipeline 'egress': start
[19:10:09.758] [bmv2] [D] [thread 101372] [4.0] [cxt 0] Pipeline 'egress': end
[19:10:09.758] [bmv2] [D] [thread 101372] [4.0] [cxt 0] Deparser 'deparser': start
[19:10:09.758] [bmv2] [D] [thread 101372] [4.0] [cxt 0] Deparsing header 'ethernet'
[19:10:09.758] [bmv2] [D] [thread 101372] [4.0] [cxt 0] Deparser 'deparser': end
[19:10:09.758] [bmv2] [D] [thread 101376] [4.0] [cxt 0] Transmitting packet of size 90 out of port 0
[19:10:09.958] [bmv2] [D] [thread 101370] [5.0] [cxt 0] Processing packet received on port 1
[19:10:09.958] [bmv2] [D] [thread 101370] [5.0] [cxt 0] Parser 'parser': start
[19:10:09.958] [bmv2] [D] [thread 101370] [5.0] [cxt 0] Parser 'parser' entering state 'start'
[19:10:09.958] [bmv2] [D] [thread 101370] [5.0] [cxt 0] Extracting header 'ethernet'
[19:10:09.958] [bmv2] [D] [thread 101370] [5.0] [cxt 0] Parser state 'start': key is 86dd
[19:10:09.958] [bmv2] [T] [thread 101370] [5.0] [cxt 0] Bytes parsed: 14
[19:10:09.958] [bmv2] [D] [thread 101370] [5.0] [cxt 0] Parser 'parser': end
[19:10:09.958] [bmv2] [D] [thread 101370] [5.0] [cxt 0] Pipeline 'ingress': start
[19:10:09.958] [bmv2] [T] [thread 101370] [5.0] [cxt 0] basic.p4(120) Condition "hdr.ipv4.isValid()" (node_2) is false
[19:10:09.958] [bmv2] [D] [thread 101370] [5.0] [cxt 0] Pipeline 'ingress': end
[19:10:09.958] [bmv2] [D] [thread 101370] [5.0] [cxt 0] Egress port is 0
[19:10:09.958] [bmv2] [D] [thread 101372] [5.0] [cxt 0] Pipeline 'egress': start
[19:10:09.958] [bmv2] [D] [thread 101372] [5.0] [cxt 0] Pipeline 'egress': end
[19:10:09.958] [bmv2] [D] [thread 101372] [5.0] [cxt 0] Deparser 'deparser': start
[19:10:09.958] [bmv2] [D] [thread 101372] [5.0] [cxt 0] Deparsing header 'ethernet'
[19:10:09.958] [bmv2] [D] [thread 101372] [5.0] [cxt 0] Deparser 'deparser': end
[19:10:09.958] [bmv2] [D] [thread 101376] [5.0] [cxt 0] Transmitting packet of size 90 out of port 0
[19:10:12.886] [bmv2] [D] [thread 101370] [6.0] [cxt 0] Processing packet received on port 1
[19:10:12.886] [bmv2] [D] [thread 101370] [6.0] [cxt 0] Parser 'parser': start
[19:10:12.886] [bmv2] [D] [thread 101370] [6.0] [cxt 0] Parser 'parser' entering state 'start'
[19:10:12.886] [bmv2] [D] [thread 101370] [6.0] [cxt 0] Extracting header 'ethernet'
[19:10:12.886] [bmv2] [D] [thread 101370] [6.0] [cxt 0] Parser state 'start': key is 86dd
[19:10:12.887] [bmv2] [T] [thread 101370] [6.0] [cxt 0] Bytes parsed: 14
[19:10:12.887] [bmv2] [D] [thread 101370] [6.0] [cxt 0] Parser 'parser': end
[19:10:12.887] [bmv2] [D] [thread 101370] [6.0] [cxt 0] Pipeline 'ingress': start
[19:10:12.887] [bmv2] [T] [thread 101370] [6.0] [cxt 0] basic.p4(120) Condition "hdr.ipv4.isValid()" (node_2) is false
[19:10:12.887] [bmv2] [D] [thread 101370] [6.0] [cxt 0] Pipeline 'ingress': end
[19:10:12.887] [bmv2] [D] [thread 101370] [6.0] [cxt 0] Egress port is 0
[19:10:12.887] [bmv2] [D] [thread 101372] [6.0] [cxt 0] Pipeline 'egress': start
[19:10:12.887] [bmv2] [D] [thread 101372] [6.0] [cxt 0] Pipeline 'egress': end
[19:10:12.887] [bmv2] [D] [thread 101372] [6.0] [cxt 0] Deparser 'deparser': start
[19:10:12.887] [bmv2] [D] [thread 101372] [6.0] [cxt 0] Deparsing header 'ethernet'
[19:10:12.887] [bmv2] [D] [thread 101372] [6.0] [cxt 0] Deparser 'deparser': end
[19:10:12.887] [bmv2] [D] [thread 101376] [6.0] [cxt 0] Transmitting packet of size 70 out of port 0
[19:10:13.142] [bmv2] [D] [thread 101370] [7.0] [cxt 0] Processing packet received on port 2
[19:10:13.142] [bmv2] [D] [thread 101370] [7.0] [cxt 0] Parser 'parser': start
[19:10:13.142] [bmv2] [D] [thread 101370] [7.0] [cxt 0] Parser 'parser' entering state 'start'
[19:10:13.142] [bmv2] [D] [thread 101370] [7.0] [cxt 0] Extracting header 'ethernet'
[19:10:13.142] [bmv2] [D] [thread 101370] [7.0] [cxt 0] Parser state 'start': key is 86dd
[19:10:13.142] [bmv2] [T] [thread 101370] [7.0] [cxt 0] Bytes parsed: 14
[19:10:13.142] [bmv2] [D] [thread 101370] [7.0] [cxt 0] Parser 'parser': end
[19:10:13.142] [bmv2] [D] [thread 101370] [7.0] [cxt 0] Pipeline 'ingress': start
[19:10:13.142] [bmv2] [T] [thread 101370] [7.0] [cxt 0] basic.p4(120) Condition "hdr.ipv4.isValid()" (node_2) is false
[19:10:13.142] [bmv2] [D] [thread 101370] [7.0] [cxt 0] Pipeline 'ingress': end
[19:10:13.142] [bmv2] [D] [thread 101370] [7.0] [cxt 0] Egress port is 0
[19:10:13.142] [bmv2] [D] [thread 101372] [7.0] [cxt 0] Pipeline 'egress': start
[19:10:13.142] [bmv2] [D] [thread 101372] [7.0] [cxt 0] Pipeline 'egress': end
[19:10:13.142] [bmv2] [D] [thread 101372] [7.0] [cxt 0] Deparser 'deparser': start
[19:10:13.142] [bmv2] [D] [thread 101372] [7.0] [cxt 0] Deparsing header 'ethernet'
[19:10:13.142] [bmv2] [D] [thread 101372] [7.0] [cxt 0] Deparser 'deparser': end
[19:10:13.142] [bmv2] [D] [thread 101376] [7.0] [cxt 0] Transmitting packet of size 70 out of port 0
[19:10:14.230] [bmv2] [D] [thread 101370] [8.0] [cxt 0] Processing packet received on port 1
[19:10:14.230] [bmv2] [D] [thread 101370] [8.0] [cxt 0] Parser 'parser': start
[19:10:14.230] [bmv2] [D] [thread 101370] [8.0] [cxt 0] Parser 'parser' entering state 'start'
[19:10:14.230] [bmv2] [D] [thread 101370] [8.0] [cxt 0] Extracting header 'ethernet'
[19:10:14.231] [bmv2] [D] [thread 101370] [8.0] [cxt 0] Parser state 'start': key is 86dd
[19:10:14.231] [bmv2] [T] [thread 101370] [8.0] [cxt 0] Bytes parsed: 14
[19:10:14.231] [bmv2] [D] [thread 101370] [8.0] [cxt 0] Parser 'parser': end
[19:10:14.231] [bmv2] [D] [thread 101370] [8.0] [cxt 0] Pipeline 'ingress': start
[19:10:14.231] [bmv2] [T] [thread 101370] [8.0] [cxt 0] basic.p4(120) Condition "hdr.ipv4.isValid()" (node_2) is false
[19:10:14.231] [bmv2] [D] [thread 101370] [8.0] [cxt 0] Pipeline 'ingress': end
[19:10:14.231] [bmv2] [D] [thread 101370] [8.0] [cxt 0] Egress port is 0
[19:10:14.231] [bmv2] [D] [thread 101372] [8.0] [cxt 0] Pipeline 'egress': start
[19:10:14.231] [bmv2] [D] [thread 101372] [8.0] [cxt 0] Pipeline 'egress': end
[19:10:14.231] [bmv2] [D] [thread 101372] [8.0] [cxt 0] Deparser 'deparser': start
[19:10:14.231] [bmv2] [D] [thread 101372] [8.0] [cxt 0] Deparsing header 'ethernet'
[19:10:14.231] [bmv2] [D] [thread 101372] [8.0] [cxt 0] Deparser 'deparser': end
[19:10:14.231] [bmv2] [D] [thread 101376] [8.0] [cxt 0] Transmitting packet of size 70 out of port 0
[19:10:20.886] [bmv2] [D] [thread 101370] [9.0] [cxt 0] Processing packet received on port 2
[19:10:20.886] [bmv2] [D] [thread 101370] [9.0] [cxt 0] Parser 'parser': start
[19:10:20.886] [bmv2] [D] [thread 101370] [9.0] [cxt 0] Parser 'parser' entering state 'start'
[19:10:20.886] [bmv2] [D] [thread 101370] [9.0] [cxt 0] Extracting header 'ethernet'
[19:10:20.886] [bmv2] [D] [thread 101370] [9.0] [cxt 0] Parser state 'start': key is 86dd
[19:10:20.886] [bmv2] [T] [thread 101370] [9.0] [cxt 0] Bytes parsed: 14
[19:10:20.886] [bmv2] [D] [thread 101370] [9.0] [cxt 0] Parser 'parser': end
[19:10:20.887] [bmv2] [D] [thread 101370] [9.0] [cxt 0] Pipeline 'ingress': start
[19:10:20.887] [bmv2] [T] [thread 101370] [9.0] [cxt 0] basic.p4(120) Condition "hdr.ipv4.isValid()" (node_2) is false
[19:10:20.887] [bmv2] [D] [thread 101370] [9.0] [cxt 0] Pipeline 'ingress': end
[19:10:20.887] [bmv2] [D] [thread 101370] [9.0] [cxt 0] Egress port is 0
[19:10:20.887] [bmv2] [D] [thread 101370] [10.0] [cxt 0] Processing packet received on port 1
[19:10:20.887] [bmv2] [D] [thread 101370] [10.0] [cxt 0] Parser 'parser': start
[19:10:20.887] [bmv2] [D] [thread 101370] [10.0] [cxt 0] Parser 'parser' entering state 'start'
[19:10:20.887] [bmv2] [D] [thread 101370] [10.0] [cxt 0] Extracting header 'ethernet'
[19:10:20.887] [bmv2] [D] [thread 101372] [9.0] [cxt 0] Pipeline 'egress': start
[19:10:20.887] [bmv2] [D] [thread 101372] [9.0] [cxt 0] Pipeline 'egress': end
[19:10:20.887] [bmv2] [D] [thread 101370] [10.0] [cxt 0] Parser state 'start': key is 86dd
[19:10:20.887] [bmv2] [T] [thread 101370] [10.0] [cxt 0] Bytes parsed: 14
[19:10:20.887] [bmv2] [D] [thread 101370] [10.0] [cxt 0] Parser 'parser': end
[19:10:20.887] [bmv2] [D] [thread 101370] [10.0] [cxt 0] Pipeline 'ingress': start
[19:10:20.887] [bmv2] [D] [thread 101372] [9.0] [cxt 0] Deparser 'deparser': start
[19:10:20.887] [bmv2] [T] [thread 101370] [10.0] [cxt 0] basic.p4(120) Condition "hdr.ipv4.isValid()" (node_2) is false
[19:10:20.887] [bmv2] [D] [thread 101370] [10.0] [cxt 0] Pipeline 'ingress': end
[19:10:20.887] [bmv2] [D] [thread 101372] [9.0] [cxt 0] Deparsing header 'ethernet'
[19:10:20.887] [bmv2] [D] [thread 101370] [10.0] [cxt 0] Egress port is 0
[19:10:20.887] [bmv2] [D] [thread 101372] [9.0] [cxt 0] Deparser 'deparser': end
[19:10:20.887] [bmv2] [D] [thread 101372] [10.0] [cxt 0] Pipeline 'egress': start
[19:10:20.887] [bmv2] [D] [thread 101376] [9.0] [cxt 0] Transmitting packet of size 70 out of port 0
[19:10:20.887] [bmv2] [D] [thread 101372] [10.0] [cxt 0] Pipeline 'egress': end
[19:10:20.887] [bmv2] [D] [thread 101372] [10.0] [cxt 0] Deparser 'deparser': start
[19:10:20.887] [bmv2] [D] [thread 101372] [10.0] [cxt 0] Deparsing header 'ethernet'
[19:10:20.887] [bmv2] [D] [thread 101372] [10.0] [cxt 0] Deparser 'deparser': end
[19:10:20.887] [bmv2] [D] [thread 101376] [10.0] [cxt 0] Transmitting packet of size 70 out of port 0
[19:10:22.934] [bmv2] [D] [thread 101370] [11.0] [cxt 0] Processing packet received on port 1
[19:10:22.934] [bmv2] [D] [thread 101370] [11.0] [cxt 0] Parser 'parser': start
[19:10:22.934] [bmv2] [D] [thread 101370] [11.0] [cxt 0] Parser 'parser' entering state 'start'
[19:10:22.934] [bmv2] [D] [thread 101370] [11.0] [cxt 0] Extracting header 'ethernet'
[19:10:22.934] [bmv2] [D] [thread 101370] [11.0] [cxt 0] Parser state 'start': key is 86dd
[19:10:22.934] [bmv2] [T] [thread 101370] [11.0] [cxt 0] Bytes parsed: 14
[19:10:22.934] [bmv2] [D] [thread 101370] [11.0] [cxt 0] Parser 'parser': end
[19:10:22.934] [bmv2] [D] [thread 101370] [11.0] [cxt 0] Pipeline 'ingress': start
[19:10:22.935] [bmv2] [T] [thread 101370] [11.0] [cxt 0] basic.p4(120) Condition "hdr.ipv4.isValid()" (node_2) is false
[19:10:22.935] [bmv2] [D] [thread 101370] [11.0] [cxt 0] Pipeline 'ingress': end
[19:10:22.935] [bmv2] [D] [thread 101370] [11.0] [cxt 0] Egress port is 0
[19:10:22.935] [bmv2] [D] [thread 101372] [11.0] [cxt 0] Pipeline 'egress': start
[19:10:22.935] [bmv2] [D] [thread 101372] [11.0] [cxt 0] Pipeline 'egress': end
[19:10:22.935] [bmv2] [D] [thread 101372] [11.0] [cxt 0] Deparser 'deparser': start
[19:10:22.935] [bmv2] [D] [thread 101372] [11.0] [cxt 0] Deparsing header 'ethernet'
[19:10:22.935] [bmv2] [D] [thread 101372] [11.0] [cxt 0] Deparser 'deparser': end
[19:10:22.935] [bmv2] [D] [thread 101376] [11.0] [cxt 0] Transmitting packet of size 70 out of port 0
[19:10:35.734] [bmv2] [D] [thread 101370] [12.0] [cxt 0] Processing packet received on port 1
[19:10:35.734] [bmv2] [D] [thread 101370] [12.0] [cxt 0] Parser 'parser': start
[19:10:35.734] [bmv2] [D] [thread 101370] [12.0] [cxt 0] Parser 'parser' entering state 'start'
[19:10:35.734] [bmv2] [D] [thread 101370] [12.0] [cxt 0] Extracting header 'ethernet'
[19:10:35.735] [bmv2] [D] [thread 101370] [12.0] [cxt 0] Parser state 'start': key is 86dd
[19:10:35.735] [bmv2] [T] [thread 101370] [12.0] [cxt 0] Bytes parsed: 14
[19:10:35.735] [bmv2] [D] [thread 101370] [12.0] [cxt 0] Parser 'parser': end
[19:10:35.735] [bmv2] [D] [thread 101370] [12.0] [cxt 0] Pipeline 'ingress': start
[19:10:35.735] [bmv2] [T] [thread 101370] [12.0] [cxt 0] basic.p4(120) Condition "hdr.ipv4.isValid()" (node_2) is false
[19:10:35.735] [bmv2] [D] [thread 101370] [12.0] [cxt 0] Pipeline 'ingress': end
[19:10:35.735] [bmv2] [D] [thread 101370] [12.0] [cxt 0] Egress port is 0
[19:10:35.735] [bmv2] [D] [thread 101372] [12.0] [cxt 0] Pipeline 'egress': start
[19:10:35.735] [bmv2] [D] [thread 101372] [12.0] [cxt 0] Pipeline 'egress': end
[19:10:35.735] [bmv2] [D] [thread 101372] [12.0] [cxt 0] Deparser 'deparser': start
[19:10:35.735] [bmv2] [D] [thread 101372] [12.0] [cxt 0] Deparsing header 'ethernet'
[19:10:35.735] [bmv2] [D] [thread 101372] [12.0] [cxt 0] Deparser 'deparser': end
[19:10:35.735] [bmv2] [D] [thread 101376] [12.0] [cxt 0] Transmitting packet of size 70 out of port 0
[19:10:36.247] [bmv2] [D] [thread 101370] [13.0] [cxt 0] Processing packet received on port 2
[19:10:36.247] [bmv2] [D] [thread 101370] [13.0] [cxt 0] Parser 'parser': start
[19:10:36.247] [bmv2] [D] [thread 101370] [13.0] [cxt 0] Parser 'parser' entering state 'start'
[19:10:36.247] [bmv2] [D] [thread 101370] [13.0] [cxt 0] Extracting header 'ethernet'
[19:10:36.247] [bmv2] [D] [thread 101370] [13.0] [cxt 0] Parser state 'start': key is 86dd
[19:10:36.247] [bmv2] [T] [thread 101370] [13.0] [cxt 0] Bytes parsed: 14
[19:10:36.247] [bmv2] [D] [thread 101370] [13.0] [cxt 0] Parser 'parser': end
[19:10:36.247] [bmv2] [D] [thread 101370] [13.0] [cxt 0] Pipeline 'ingress': start
[19:10:36.247] [bmv2] [T] [thread 101370] [13.0] [cxt 0] basic.p4(120) Condition "hdr.ipv4.isValid()" (node_2) is false
[19:10:36.247] [bmv2] [D] [thread 101370] [13.0] [cxt 0] Pipeline 'ingress': end
[19:10:36.247] [bmv2] [D] [thread 101370] [13.0] [cxt 0] Egress port is 0
[19:10:36.247] [bmv2] [D] [thread 101372] [13.0] [cxt 0] Pipeline 'egress': start
[19:10:36.247] [bmv2] [D] [thread 101372] [13.0] [cxt 0] Pipeline 'egress': end
[19:10:36.247] [bmv2] [D] [thread 101372] [13.0] [cxt 0] Deparser 'deparser': start
[19:10:36.247] [bmv2] [D] [thread 101372] [13.0] [cxt 0] Deparsing header 'ethernet'
[19:10:36.247] [bmv2] [D] [thread 101372] [13.0] [cxt 0] Deparser 'deparser': end
[19:10:36.247] [bmv2] [D] [thread 101376] [13.0] [cxt 0] Transmitting packet of size 70 out of port 0
[19:10:39.830] [bmv2] [D] [thread 101370] [14.0] [cxt 0] Processing packet received on port 1
[19:10:39.830] [bmv2] [D] [thread 101370] [14.0] [cxt 0] Parser 'parser': start
[19:10:39.830] [bmv2] [D] [thread 101370] [14.0] [cxt 0] Parser 'parser' entering state 'start'
[19:10:39.830] [bmv2] [D] [thread 101370] [14.0] [cxt 0] Extracting header 'ethernet'
[19:10:39.830] [bmv2] [D] [thread 101370] [14.0] [cxt 0] Parser state 'start': key is 86dd
[19:10:39.830] [bmv2] [T] [thread 101370] [14.0] [cxt 0] Bytes parsed: 14
[19:10:39.830] [bmv2] [D] [thread 101370] [14.0] [cxt 0] Parser 'parser': end
[19:10:39.830] [bmv2] [D] [thread 101370] [14.0] [cxt 0] Pipeline 'ingress': start
[19:10:39.830] [bmv2] [T] [thread 101370] [14.0] [cxt 0] basic.p4(120) Condition "hdr.ipv4.isValid()" (node_2) is false
[19:10:39.831] [bmv2] [D] [thread 101370] [14.0] [cxt 0] Pipeline 'ingress': end
[19:10:39.831] [bmv2] [D] [thread 101370] [14.0] [cxt 0] Egress port is 0
[19:10:39.831] [bmv2] [D] [thread 101372] [14.0] [cxt 0] Pipeline 'egress': start
[19:10:39.831] [bmv2] [D] [thread 101372] [14.0] [cxt 0] Pipeline 'egress': end
[19:10:39.831] [bmv2] [D] [thread 101372] [14.0] [cxt 0] Deparser 'deparser': start
[19:10:39.831] [bmv2] [D] [thread 101372] [14.0] [cxt 0] Deparsing header 'ethernet'
[19:10:39.831] [bmv2] [D] [thread 101372] [14.0] [cxt 0] Deparser 'deparser': end
[19:10:39.831] [bmv2] [D] [thread 101376] [14.0] [cxt 0] Transmitting packet of size 70 out of port 0
[19:11:05.942] [bmv2] [D] [thread 101370] [15.0] [cxt 0] Processing packet received on port 1
[19:11:05.942] [bmv2] [D] [thread 101370] [15.0] [cxt 0] Parser 'parser': start
[19:11:05.942] [bmv2] [D] [thread 101370] [15.0] [cxt 0] Parser 'parser' entering state 'start'
[19:11:05.942] [bmv2] [D] [thread 101370] [15.0] [cxt 0] Extracting header 'ethernet'
[19:11:05.943] [bmv2] [D] [thread 101370] [15.0] [cxt 0] Parser state 'start': key is 86dd
[19:11:05.943] [bmv2] [T] [thread 101370] [15.0] [cxt 0] Bytes parsed: 14
[19:11:05.943] [bmv2] [D] [thread 101370] [15.0] [cxt 0] Parser 'parser': end
[19:11:05.943] [bmv2] [D] [thread 101370] [15.0] [cxt 0] Pipeline 'ingress': start
[19:11:05.943] [bmv2] [T] [thread 101370] [15.0] [cxt 0] basic.p4(120) Condition "hdr.ipv4.isValid()" (node_2) is false
[19:11:05.943] [bmv2] [D] [thread 101370] [15.0] [cxt 0] Pipeline 'ingress': end
[19:11:05.943] [bmv2] [D] [thread 101370] [15.0] [cxt 0] Egress port is 0
[19:11:05.943] [bmv2] [D] [thread 101372] [15.0] [cxt 0] Pipeline 'egress': start
[19:11:05.943] [bmv2] [D] [thread 101372] [15.0] [cxt 0] Pipeline 'egress': end
[19:11:05.943] [bmv2] [D] [thread 101372] [15.0] [cxt 0] Deparser 'deparser': start
[19:11:05.943] [bmv2] [D] [thread 101372] [15.0] [cxt 0] Deparsing header 'ethernet'
[19:11:05.943] [bmv2] [D] [thread 101372] [15.0] [cxt 0] Deparser 'deparser': end
[19:11:05.943] [bmv2] [D] [thread 101376] [15.0] [cxt 0] Transmitting packet of size 70 out of port 0
[19:11:06.966] [bmv2] [D] [thread 101370] [16.0] [cxt 0] Processing packet received on port 2
[19:11:06.967] [bmv2] [D] [thread 101370] [16.0] [cxt 0] Parser 'parser': start
[19:11:06.967] [bmv2] [D] [thread 101370] [16.0] [cxt 0] Parser 'parser' entering state 'start'
[19:11:06.967] [bmv2] [D] [thread 101370] [16.0] [cxt 0] Extracting header 'ethernet'
[19:11:06.967] [bmv2] [D] [thread 101370] [16.0] [cxt 0] Parser state 'start': key is 86dd
[19:11:06.967] [bmv2] [T] [thread 101370] [16.0] [cxt 0] Bytes parsed: 14
[19:11:06.967] [bmv2] [D] [thread 101370] [16.0] [cxt 0] Parser 'parser': end
[19:11:06.967] [bmv2] [D] [thread 101370] [16.0] [cxt 0] Pipeline 'ingress': start
[19:11:06.967] [bmv2] [T] [thread 101370] [16.0] [cxt 0] basic.p4(120) Condition "hdr.ipv4.isValid()" (node_2) is false
[19:11:06.967] [bmv2] [D] [thread 101370] [16.0] [cxt 0] Pipeline 'ingress': end
[19:11:06.967] [bmv2] [D] [thread 101370] [16.0] [cxt 0] Egress port is 0
[19:11:06.967] [bmv2] [D] [thread 101372] [16.0] [cxt 0] Pipeline 'egress': start
[19:11:06.967] [bmv2] [D] [thread 101372] [16.0] [cxt 0] Pipeline 'egress': end
[19:11:06.967] [bmv2] [D] [thread 101372] [16.0] [cxt 0] Deparser 'deparser': start
[19:11:06.967] [bmv2] [D] [thread 101372] [16.0] [cxt 0] Deparsing header 'ethernet'
[19:11:06.967] [bmv2] [D] [thread 101372] [16.0] [cxt 0] Deparser 'deparser': end
[19:11:06.967] [bmv2] [D] [thread 101376] [16.0] [cxt 0] Transmitting packet of size 70 out of port 0
[19:11:12.086] [bmv2] [D] [thread 101370] [17.0] [cxt 0] Processing packet received on port 1
[19:11:12.087] [bmv2] [D] [thread 101370] [17.0] [cxt 0] Parser 'parser': start
[19:11:12.087] [bmv2] [D] [thread 101370] [17.0] [cxt 0] Parser 'parser' entering state 'start'
[19:11:12.087] [bmv2] [D] [thread 101370] [17.0] [cxt 0] Extracting header 'ethernet'
[19:11:12.087] [bmv2] [D] [thread 101370] [17.0] [cxt 0] Parser state 'start': key is 86dd
[19:11:12.087] [bmv2] [T] [thread 101370] [17.0] [cxt 0] Bytes parsed: 14
[19:11:12.087] [bmv2] [D] [thread 101370] [17.0] [cxt 0] Parser 'parser': end
[19:11:12.087] [bmv2] [D] [thread 101370] [17.0] [cxt 0] Pipeline 'ingress': start
[19:11:12.087] [bmv2] [T] [thread 101370] [17.0] [cxt 0] basic.p4(120) Condition "hdr.ipv4.isValid()" (node_2) is false
[19:11:12.087] [bmv2] [D] [thread 101370] [17.0] [cxt 0] Pipeline 'ingress': end
[19:11:12.087] [bmv2] [D] [thread 101370] [17.0] [cxt 0] Egress port is 0
[19:11:12.087] [bmv2] [D] [thread 101372] [17.0] [cxt 0] Pipeline 'egress': start
[19:11:12.087] [bmv2] [D] [thread 101372] [17.0] [cxt 0] Pipeline 'egress': end
[19:11:12.087] [bmv2] [D] [thread 101372] [17.0] [cxt 0] Deparser 'deparser': start
[19:11:12.087] [bmv2] [D] [thread 101372] [17.0] [cxt 0] Deparsing header 'ethernet'
[19:11:12.087] [bmv2] [D] [thread 101372] [17.0] [cxt 0] Deparser 'deparser': end
[19:11:12.087] [bmv2] [D] [thread 101376] [17.0] [cxt 0] Transmitting packet of size 70 out of port 0
[19:12:06.870] [bmv2] [D] [thread 101370] [18.0] [cxt 0] Processing packet received on port 1
[19:12:06.870] [bmv2] [D] [thread 101370] [18.0] [cxt 0] Parser 'parser': start
[19:12:06.870] [bmv2] [D] [thread 101370] [18.0] [cxt 0] Parser 'parser' entering state 'start'
[19:12:06.870] [bmv2] [D] [thread 101370] [18.0] [cxt 0] Extracting header 'ethernet'
[19:12:06.871] [bmv2] [D] [thread 101370] [18.0] [cxt 0] Parser state 'start': key is 86dd
[19:12:06.871] [bmv2] [T] [thread 101370] [18.0] [cxt 0] Bytes parsed: 14
[19:12:06.871] [bmv2] [D] [thread 101370] [18.0] [cxt 0] Parser 'parser': end
[19:12:06.871] [bmv2] [D] [thread 101370] [18.0] [cxt 0] Pipeline 'ingress': start
[19:12:06.871] [bmv2] [T] [thread 101370] [18.0] [cxt 0] basic.p4(120) Condition "hdr.ipv4.isValid()" (node_2) is false
[19:12:06.871] [bmv2] [D] [thread 101370] [18.0] [cxt 0] Pipeline 'ingress': end
[19:12:06.871] [bmv2] [D] [thread 101370] [18.0] [cxt 0] Egress port is 0
[19:12:06.871] [bmv2] [D] [thread 101370] [19.0] [cxt 0] Processing packet received on port 2
[19:12:06.871] [bmv2] [D] [thread 101370] [19.0] [cxt 0] Parser 'parser': start
[19:12:06.871] [bmv2] [D] [thread 101370] [19.0] [cxt 0] Parser 'parser' entering state 'start'
[19:12:06.871] [bmv2] [D] [thread 101370] [19.0] [cxt 0] Extracting header 'ethernet'
[19:12:06.871] [bmv2] [D] [thread 101372] [18.0] [cxt 0] Pipeline 'egress': start
[19:12:06.871] [bmv2] [D] [thread 101372] [18.0] [cxt 0] Pipeline 'egress': end
[19:12:06.871] [bmv2] [D] [thread 101372] [18.0] [cxt 0] Deparser 'deparser': start
[19:12:06.871] [bmv2] [D] [thread 101370] [19.0] [cxt 0] Parser state 'start': key is 86dd
[19:12:06.871] [bmv2] [T] [thread 101370] [19.0] [cxt 0] Bytes parsed: 14
[19:12:06.871] [bmv2] [D] [thread 101370] [19.0] [cxt 0] Parser 'parser': end
[19:12:06.871] [bmv2] [D] [thread 101372] [18.0] [cxt 0] Deparsing header 'ethernet'
[19:12:06.871] [bmv2] [D] [thread 101372] [18.0] [cxt 0] Deparser 'deparser': end
[19:12:06.871] [bmv2] [D] [thread 101370] [19.0] [cxt 0] Pipeline 'ingress': start
[19:12:06.871] [bmv2] [T] [thread 101370] [19.0] [cxt 0] basic.p4(120) Condition "hdr.ipv4.isValid()" (node_2) is false
[19:12:06.871] [bmv2] [D] [thread 101370] [19.0] [cxt 0] Pipeline 'ingress': end
[19:12:06.871] [bmv2] [D] [thread 101370] [19.0] [cxt 0] Egress port is 0
[19:12:06.871] [bmv2] [D] [thread 101376] [18.0] [cxt 0] Transmitting packet of size 70 out of port 0
[19:12:06.871] [bmv2] [D] [thread 101372] [19.0] [cxt 0] Pipeline 'egress': start
[19:12:06.871] [bmv2] [D] [thread 101372] [19.0] [cxt 0] Pipeline 'egress': end
[19:12:06.871] [bmv2] [D] [thread 101372] [19.0] [cxt 0] Deparser 'deparser': start
[19:12:06.871] [bmv2] [D] [thread 101372] [19.0] [cxt 0] Deparsing header 'ethernet'
[19:12:06.871] [bmv2] [D] [thread 101372] [19.0] [cxt 0] Deparser 'deparser': end
[19:12:06.872] [bmv2] [D] [thread 101376] [19.0] [cxt 0] Transmitting packet of size 70 out of port 0
[19:12:19.158] [bmv2] [D] [thread 101370] [20.0] [cxt 0] Processing packet received on port 1
[19:12:19.158] [bmv2] [D] [thread 101370] [20.0] [cxt 0] Parser 'parser': start
[19:12:19.158] [bmv2] [D] [thread 101370] [20.0] [cxt 0] Parser 'parser' entering state 'start'
[19:12:19.158] [bmv2] [D] [thread 101370] [20.0] [cxt 0] Extracting header 'ethernet'
[19:12:19.158] [bmv2] [D] [thread 101370] [20.0] [cxt 0] Parser state 'start': key is 86dd
[19:12:19.158] [bmv2] [T] [thread 101370] [20.0] [cxt 0] Bytes parsed: 14
[19:12:19.158] [bmv2] [D] [thread 101370] [20.0] [cxt 0] Parser 'parser': end
[19:12:19.158] [bmv2] [D] [thread 101370] [20.0] [cxt 0] Pipeline 'ingress': start
[19:12:19.158] [bmv2] [T] [thread 101370] [20.0] [cxt 0] basic.p4(120) Condition "hdr.ipv4.isValid()" (node_2) is false
[19:12:19.158] [bmv2] [D] [thread 101370] [20.0] [cxt 0] Pipeline 'ingress': end
[19:12:19.158] [bmv2] [D] [thread 101370] [20.0] [cxt 0] Egress port is 0
[19:12:19.159] [bmv2] [D] [thread 101372] [20.0] [cxt 0] Pipeline 'egress': start
[19:12:19.159] [bmv2] [D] [thread 101372] [20.0] [cxt 0] Pipeline 'egress': end
[19:12:19.159] [bmv2] [D] [thread 101372] [20.0] [cxt 0] Deparser 'deparser': start
[19:12:19.159] [bmv2] [D] [thread 101372] [20.0] [cxt 0] Deparsing header 'ethernet'
[19:12:19.159] [bmv2] [D] [thread 101372] [20.0] [cxt 0] Deparser 'deparser': end
[19:12:19.159] [bmv2] [D] [thread 101376] [20.0] [cxt 0] Transmitting packet of size 70 out of port 0
[19:14:05.654] [bmv2] [D] [thread 101370] [21.0] [cxt 0] Processing packet received on port 1
[19:14:05.654] [bmv2] [D] [thread 101370] [21.0] [cxt 0] Parser 'parser': start
[19:14:05.654] [bmv2] [D] [thread 101370] [21.0] [cxt 0] Parser 'parser' entering state 'start'
[19:14:05.654] [bmv2] [D] [thread 101370] [21.0] [cxt 0] Extracting header 'ethernet'
[19:14:05.654] [bmv2] [D] [thread 101370] [21.0] [cxt 0] Parser state 'start': key is 86dd
[19:14:05.654] [bmv2] [T] [thread 101370] [21.0] [cxt 0] Bytes parsed: 14
[19:14:05.655] [bmv2] [D] [thread 101370] [21.0] [cxt 0] Parser 'parser': end
[19:14:05.655] [bmv2] [D] [thread 101370] [21.0] [cxt 0] Pipeline 'ingress': start
[19:14:05.655] [bmv2] [T] [thread 101370] [21.0] [cxt 0] basic.p4(120) Condition "hdr.ipv4.isValid()" (node_2) is false
[19:14:05.655] [bmv2] [D] [thread 101370] [21.0] [cxt 0] Pipeline 'ingress': end
[19:14:05.655] [bmv2] [D] [thread 101370] [21.0] [cxt 0] Egress port is 0
[19:14:05.655] [bmv2] [D] [thread 101372] [21.0] [cxt 0] Pipeline 'egress': start
[19:14:05.655] [bmv2] [D] [thread 101372] [21.0] [cxt 0] Pipeline 'egress': end
[19:14:05.655] [bmv2] [D] [thread 101372] [21.0] [cxt 0] Deparser 'deparser': start
[19:14:05.655] [bmv2] [D] [thread 101372] [21.0] [cxt 0] Deparsing header 'ethernet'
[19:14:05.655] [bmv2] [D] [thread 101372] [21.0] [cxt 0] Deparser 'deparser': end
[19:14:05.655] [bmv2] [D] [thread 101376] [21.0] [cxt 0] Transmitting packet of size 70 out of port 0
[19:14:09.750] [bmv2] [D] [thread 101370] [22.0] [cxt 0] Processing packet received on port 2
[19:14:09.750] [bmv2] [D] [thread 101370] [22.0] [cxt 0] Parser 'parser': start
[19:14:09.750] [bmv2] [D] [thread 101370] [22.0] [cxt 0] Parser 'parser' entering state 'start'
[19:14:09.750] [bmv2] [D] [thread 101370] [22.0] [cxt 0] Extracting header 'ethernet'
[19:14:09.750] [bmv2] [D] [thread 101370] [22.0] [cxt 0] Parser state 'start': key is 86dd
[19:14:09.751] [bmv2] [T] [thread 101370] [22.0] [cxt 0] Bytes parsed: 14
[19:14:09.751] [bmv2] [D] [thread 101370] [22.0] [cxt 0] Parser 'parser': end
[19:14:09.751] [bmv2] [D] [thread 101370] [22.0] [cxt 0] Pipeline 'ingress': start
[19:14:09.751] [bmv2] [T] [thread 101370] [22.0] [cxt 0] basic.p4(120) Condition "hdr.ipv4.isValid()" (node_2) is false
[19:14:09.751] [bmv2] [D] [thread 101370] [22.0] [cxt 0] Pipeline 'ingress': end
[19:14:09.751] [bmv2] [D] [thread 101370] [22.0] [cxt 0] Egress port is 0
[19:14:09.751] [bmv2] [D] [thread 101372] [22.0] [cxt 0] Pipeline 'egress': start
[19:14:09.751] [bmv2] [D] [thread 101372] [22.0] [cxt 0] Pipeline 'egress': end
[19:14:09.751] [bmv2] [D] [thread 101372] [22.0] [cxt 0] Deparser 'deparser': start
[19:14:09.751] [bmv2] [D] [thread 101372] [22.0] [cxt 0] Deparsing header 'ethernet'
[19:14:09.751] [bmv2] [D] [thread 101372] [22.0] [cxt 0] Deparser 'deparser': end
[19:14:09.751] [bmv2] [D] [thread 101376] [22.0] [cxt 0] Transmitting packet of size 70 out of port 0
[19:14:38.422] [bmv2] [D] [thread 101370] [23.0] [cxt 0] Processing packet received on port 1
[19:14:38.422] [bmv2] [D] [thread 101370] [23.0] [cxt 0] Parser 'parser': start
[19:14:38.422] [bmv2] [D] [thread 101370] [23.0] [cxt 0] Parser 'parser' entering state 'start'
[19:14:38.422] [bmv2] [D] [thread 101370] [23.0] [cxt 0] Extracting header 'ethernet'
[19:14:38.422] [bmv2] [D] [thread 101370] [23.0] [cxt 0] Parser state 'start': key is 86dd
[19:14:38.423] [bmv2] [T] [thread 101370] [23.0] [cxt 0] Bytes parsed: 14
[19:14:38.423] [bmv2] [D] [thread 101370] [23.0] [cxt 0] Parser 'parser': end
[19:14:38.423] [bmv2] [D] [thread 101370] [23.0] [cxt 0] Pipeline 'ingress': start
[19:14:38.423] [bmv2] [T] [thread 101370] [23.0] [cxt 0] basic.p4(120) Condition "hdr.ipv4.isValid()" (node_2) is false
[19:14:38.423] [bmv2] [D] [thread 101370] [23.0] [cxt 0] Pipeline 'ingress': end
[19:14:38.423] [bmv2] [D] [thread 101370] [23.0] [cxt 0] Egress port is 0
[19:14:38.423] [bmv2] [D] [thread 101372] [23.0] [cxt 0] Pipeline 'egress': start
[19:14:38.423] [bmv2] [D] [thread 101372] [23.0] [cxt 0] Pipeline 'egress': end
[19:14:38.423] [bmv2] [D] [thread 101372] [23.0] [cxt 0] Deparser 'deparser': start
[19:14:38.423] [bmv2] [D] [thread 101372] [23.0] [cxt 0] Deparsing header 'ethernet'
[19:14:38.423] [bmv2] [D] [thread 101372] [23.0] [cxt 0] Deparser 'deparser': end
[19:14:38.423] [bmv2] [D] [thread 101376] [23.0] [cxt 0] Transmitting packet of size 70 out of port 0
[19:17:59.126] [bmv2] [D] [thread 101370] [24.0] [cxt 0] Processing packet received on port 1
[19:17:59.126] [bmv2] [D] [thread 101370] [24.0] [cxt 0] Parser 'parser': start
[19:17:59.126] [bmv2] [D] [thread 101370] [24.0] [cxt 0] Parser 'parser' entering state 'start'
[19:17:59.126] [bmv2] [D] [thread 101370] [24.0] [cxt 0] Extracting header 'ethernet'
[19:17:59.127] [bmv2] [D] [thread 101370] [24.0] [cxt 0] Parser state 'start': key is 86dd
[19:17:59.127] [bmv2] [T] [thread 101370] [24.0] [cxt 0] Bytes parsed: 14
[19:17:59.127] [bmv2] [D] [thread 101370] [24.0] [cxt 0] Parser 'parser': end
[19:17:59.127] [bmv2] [D] [thread 101370] [24.0] [cxt 0] Pipeline 'ingress': start
[19:17:59.127] [bmv2] [T] [thread 101370] [24.0] [cxt 0] basic.p4(120) Condition "hdr.ipv4.isValid()" (node_2) is false
[19:17:59.127] [bmv2] [D] [thread 101370] [24.0] [cxt 0] Pipeline 'ingress': end
[19:17:59.127] [bmv2] [D] [thread 101370] [24.0] [cxt 0] Egress port is 0
[19:17:59.127] [bmv2] [D] [thread 101372] [24.0] [cxt 0] Pipeline 'egress': start
[19:17:59.127] [bmv2] [D] [thread 101372] [24.0] [cxt 0] Pipeline 'egress': end
[19:17:59.127] [bmv2] [D] [thread 101372] [24.0] [cxt 0] Deparser 'deparser': start
[19:17:59.127] [bmv2] [D] [thread 101372] [24.0] [cxt 0] Deparsing header 'ethernet'
[19:17:59.127] [bmv2] [D] [thread 101372] [24.0] [cxt 0] Deparser 'deparser': end
[19:17:59.127] [bmv2] [D] [thread 101376] [24.0] [cxt 0] Transmitting packet of size 70 out of port 0
[19:18:03.222] [bmv2] [D] [thread 101370] [25.0] [cxt 0] Processing packet received on port 2
[19:18:03.222] [bmv2] [D] [thread 101370] [25.0] [cxt 0] Parser 'parser': start
[19:18:03.222] [bmv2] [D] [thread 101370] [25.0] [cxt 0] Parser 'parser' entering state 'start'
[19:18:03.222] [bmv2] [D] [thread 101370] [25.0] [cxt 0] Extracting header 'ethernet'
[19:18:03.222] [bmv2] [D] [thread 101370] [25.0] [cxt 0] Parser state 'start': key is 86dd
[19:18:03.222] [bmv2] [T] [thread 101370] [25.0] [cxt 0] Bytes parsed: 14
[19:18:03.222] [bmv2] [D] [thread 101370] [25.0] [cxt 0] Parser 'parser': end
[19:18:03.222] [bmv2] [D] [thread 101370] [25.0] [cxt 0] Pipeline 'ingress': start
[19:18:03.223] [bmv2] [T] [thread 101370] [25.0] [cxt 0] basic.p4(120) Condition "hdr.ipv4.isValid()" (node_2) is false
[19:18:03.223] [bmv2] [D] [thread 101370] [25.0] [cxt 0] Pipeline 'ingress': end
[19:18:03.223] [bmv2] [D] [thread 101370] [25.0] [cxt 0] Egress port is 0
[19:18:03.223] [bmv2] [D] [thread 101372] [25.0] [cxt 0] Pipeline 'egress': start
[19:18:03.223] [bmv2] [D] [thread 101372] [25.0] [cxt 0] Pipeline 'egress': end
[19:18:03.223] [bmv2] [D] [thread 101372] [25.0] [cxt 0] Deparser 'deparser': start
[19:18:03.223] [bmv2] [D] [thread 101372] [25.0] [cxt 0] Deparsing header 'ethernet'
[19:18:03.223] [bmv2] [D] [thread 101372] [25.0] [cxt 0] Deparser 'deparser': end
[19:18:03.223] [bmv2] [D] [thread 101376] [25.0] [cxt 0] Transmitting packet of size 70 out of port 0
[19:19:00.566] [bmv2] [D] [thread 101370] [26.0] [cxt 0] Processing packet received on port 1
[19:19:00.566] [bmv2] [D] [thread 101370] [26.0] [cxt 0] Parser 'parser': start
[19:19:00.566] [bmv2] [D] [thread 101370] [26.0] [cxt 0] Parser 'parser' entering state 'start'
[19:19:00.566] [bmv2] [D] [thread 101370] [26.0] [cxt 0] Extracting header 'ethernet'
[19:19:00.567] [bmv2] [D] [thread 101370] [26.0] [cxt 0] Parser state 'start': key is 86dd
[19:19:00.567] [bmv2] [T] [thread 101370] [26.0] [cxt 0] Bytes parsed: 14
[19:19:00.567] [bmv2] [D] [thread 101370] [26.0] [cxt 0] Parser 'parser': end
[19:19:00.567] [bmv2] [D] [thread 101370] [26.0] [cxt 0] Pipeline 'ingress': start
[19:19:00.567] [bmv2] [T] [thread 101370] [26.0] [cxt 0] basic.p4(120) Condition "hdr.ipv4.isValid()" (node_2) is false
[19:19:00.567] [bmv2] [D] [thread 101370] [26.0] [cxt 0] Pipeline 'ingress': end
[19:19:00.567] [bmv2] [D] [thread 101370] [26.0] [cxt 0] Egress port is 0
[19:19:00.567] [bmv2] [D] [thread 101372] [26.0] [cxt 0] Pipeline 'egress': start
[19:19:00.567] [bmv2] [D] [thread 101372] [26.0] [cxt 0] Pipeline 'egress': end
[19:19:00.567] [bmv2] [D] [thread 101372] [26.0] [cxt 0] Deparser 'deparser': start
[19:19:00.567] [bmv2] [D] [thread 101372] [26.0] [cxt 0] Deparsing header 'ethernet'
[19:19:00.567] [bmv2] [D] [thread 101372] [26.0] [cxt 0] Deparser 'deparser': end
[19:19:00.567] [bmv2] [D] [thread 101376] [26.0] [cxt 0] Transmitting packet of size 70 out of port 0
[19:23:55.478] [bmv2] [D] [thread 101370] [27.0] [cxt 0] Processing packet received on port 3
[19:23:55.479] [bmv2] [D] [thread 101370] [27.0] [cxt 0] Parser 'parser': start
[19:23:55.479] [bmv2] [D] [thread 101370] [27.0] [cxt 0] Parser 'parser' entering state 'start'
[19:23:55.479] [bmv2] [D] [thread 101370] [27.0] [cxt 0] Extracting header 'ethernet'
[19:23:55.479] [bmv2] [D] [thread 101370] [27.0] [cxt 0] Parser state 'start': key is 86dd
[19:23:55.479] [bmv2] [T] [thread 101370] [27.0] [cxt 0] Bytes parsed: 14
[19:23:55.479] [bmv2] [D] [thread 101370] [27.0] [cxt 0] Parser 'parser': end
[19:23:55.479] [bmv2] [D] [thread 101370] [27.0] [cxt 0] Pipeline 'ingress': start
[19:23:55.479] [bmv2] [T] [thread 101370] [27.0] [cxt 0] basic.p4(120) Condition "hdr.ipv4.isValid()" (node_2) is false
[19:23:55.479] [bmv2] [D] [thread 101370] [27.0] [cxt 0] Pipeline 'ingress': end
[19:23:55.479] [bmv2] [D] [thread 101370] [27.0] [cxt 0] Egress port is 0
[19:23:55.479] [bmv2] [D] [thread 101372] [27.0] [cxt 0] Pipeline 'egress': start
[19:23:55.479] [bmv2] [D] [thread 101372] [27.0] [cxt 0] Pipeline 'egress': end
[19:23:55.479] [bmv2] [D] [thread 101372] [27.0] [cxt 0] Deparser 'deparser': start
[19:23:55.479] [bmv2] [D] [thread 101372] [27.0] [cxt 0] Deparsing header 'ethernet'
[19:23:55.479] [bmv2] [D] [thread 101372] [27.0] [cxt 0] Deparser 'deparser': end
[19:23:55.479] [bmv2] [D] [thread 101376] [27.0] [cxt 0] Transmitting packet of size 70 out of port 0
[19:25:33.782] [bmv2] [D] [thread 101370] [28.0] [cxt 0] Processing packet received on port 1
[19:25:33.782] [bmv2] [D] [thread 101370] [28.0] [cxt 0] Parser 'parser': start
[19:25:33.782] [bmv2] [D] [thread 101370] [28.0] [cxt 0] Parser 'parser' entering state 'start'
[19:25:33.782] [bmv2] [D] [thread 101370] [28.0] [cxt 0] Extracting header 'ethernet'
[19:25:33.783] [bmv2] [D] [thread 101370] [28.0] [cxt 0] Parser state 'start': key is 86dd
[19:25:33.783] [bmv2] [T] [thread 101370] [28.0] [cxt 0] Bytes parsed: 14
[19:25:33.783] [bmv2] [D] [thread 101370] [28.0] [cxt 0] Parser 'parser': end
[19:25:33.783] [bmv2] [D] [thread 101370] [28.0] [cxt 0] Pipeline 'ingress': start
[19:25:33.783] [bmv2] [T] [thread 101370] [28.0] [cxt 0] basic.p4(120) Condition "hdr.ipv4.isValid()" (node_2) is false
[19:25:33.783] [bmv2] [D] [thread 101370] [28.0] [cxt 0] Pipeline 'ingress': end
[19:25:33.783] [bmv2] [D] [thread 101370] [28.0] [cxt 0] Egress port is 0
[19:25:33.783] [bmv2] [D] [thread 101372] [28.0] [cxt 0] Pipeline 'egress': start
[19:25:33.783] [bmv2] [D] [thread 101372] [28.0] [cxt 0] Pipeline 'egress': end
[19:25:33.783] [bmv2] [D] [thread 101372] [28.0] [cxt 0] Deparser 'deparser': start
[19:25:33.783] [bmv2] [D] [thread 101372] [28.0] [cxt 0] Deparsing header 'ethernet'
[19:25:33.783] [bmv2] [D] [thread 101372] [28.0] [cxt 0] Deparser 'deparser': end
[19:25:33.783] [bmv2] [D] [thread 101376] [28.0] [cxt 0] Transmitting packet of size 70 out of port 0
[19:26:06.550] [bmv2] [D] [thread 101370] [29.0] [cxt 0] Processing packet received on port 2
[19:26:06.550] [bmv2] [D] [thread 101370] [29.0] [cxt 0] Parser 'parser': start
[19:26:06.550] [bmv2] [D] [thread 101370] [29.0] [cxt 0] Parser 'parser' entering state 'start'
[19:26:06.550] [bmv2] [D] [thread 101370] [29.0] [cxt 0] Extracting header 'ethernet'
[19:26:06.550] [bmv2] [D] [thread 101370] [29.0] [cxt 0] Parser state 'start': key is 86dd
[19:26:06.550] [bmv2] [T] [thread 101370] [29.0] [cxt 0] Bytes parsed: 14
[19:26:06.550] [bmv2] [D] [thread 101370] [29.0] [cxt 0] Parser 'parser': end
[19:26:06.550] [bmv2] [D] [thread 101370] [29.0] [cxt 0] Pipeline 'ingress': start
[19:26:06.551] [bmv2] [T] [thread 101370] [29.0] [cxt 0] basic.p4(120) Condition "hdr.ipv4.isValid()" (node_2) is false
[19:26:06.551] [bmv2] [D] [thread 101370] [29.0] [cxt 0] Pipeline 'ingress': end
[19:26:06.551] [bmv2] [D] [thread 101370] [29.0] [cxt 0] Egress port is 0
[19:26:06.551] [bmv2] [D] [thread 101372] [29.0] [cxt 0] Pipeline 'egress': start
[19:26:06.551] [bmv2] [D] [thread 101372] [29.0] [cxt 0] Pipeline 'egress': end
[19:26:06.551] [bmv2] [D] [thread 101372] [29.0] [cxt 0] Deparser 'deparser': start
[19:26:06.551] [bmv2] [D] [thread 101372] [29.0] [cxt 0] Deparsing header 'ethernet'
[19:26:06.551] [bmv2] [D] [thread 101372] [29.0] [cxt 0] Deparser 'deparser': end
[19:26:06.551] [bmv2] [D] [thread 101376] [29.0] [cxt 0] Transmitting packet of size 70 out of port 0
[19:28:17.622] [bmv2] [D] [thread 101370] [30.0] [cxt 0] Processing packet received on port 1
[19:28:17.622] [bmv2] [D] [thread 101370] [30.0] [cxt 0] Parser 'parser': start
[19:28:17.622] [bmv2] [D] [thread 101370] [30.0] [cxt 0] Parser 'parser' entering state 'start'
[19:28:17.623] [bmv2] [D] [thread 101370] [30.0] [cxt 0] Extracting header 'ethernet'
[19:28:17.623] [bmv2] [D] [thread 101370] [30.0] [cxt 0] Parser state 'start': key is 86dd
[19:28:17.623] [bmv2] [T] [thread 101370] [30.0] [cxt 0] Bytes parsed: 14
[19:28:17.623] [bmv2] [D] [thread 101370] [30.0] [cxt 0] Parser 'parser': end
[19:28:17.623] [bmv2] [D] [thread 101370] [30.0] [cxt 0] Pipeline 'ingress': start
[19:28:17.623] [bmv2] [T] [thread 101370] [30.0] [cxt 0] basic.p4(120) Condition "hdr.ipv4.isValid()" (node_2) is false
[19:28:17.623] [bmv2] [D] [thread 101370] [30.0] [cxt 0] Pipeline 'ingress': end
[19:28:17.623] [bmv2] [D] [thread 101370] [30.0] [cxt 0] Egress port is 0
[19:28:17.623] [bmv2] [D] [thread 101372] [30.0] [cxt 0] Pipeline 'egress': start
[19:28:17.623] [bmv2] [D] [thread 101372] [30.0] [cxt 0] Pipeline 'egress': end
[19:28:17.623] [bmv2] [D] [thread 101372] [30.0] [cxt 0] Deparser 'deparser': start
[19:28:17.623] [bmv2] [D] [thread 101372] [30.0] [cxt 0] Deparsing header 'ethernet'
[19:28:17.623] [bmv2] [D] [thread 101372] [30.0] [cxt 0] Deparser 'deparser': end
[19:28:17.623] [bmv2] [D] [thread 101376] [30.0] [cxt 0] Transmitting packet of size 70 out of port 0
[19:40:51.286] [bmv2] [D] [thread 101370] [31.0] [cxt 0] Processing packet received on port 1
[19:40:51.286] [bmv2] [D] [thread 101370] [31.0] [cxt 0] Parser 'parser': start
[19:40:51.287] [bmv2] [D] [thread 101370] [31.0] [cxt 0] Parser 'parser' entering state 'start'
[19:40:51.287] [bmv2] [D] [thread 101370] [31.0] [cxt 0] Extracting header 'ethernet'
[19:40:51.287] [bmv2] [D] [thread 101370] [31.0] [cxt 0] Parser state 'start': key is 86dd
[19:40:51.287] [bmv2] [T] [thread 101370] [31.0] [cxt 0] Bytes parsed: 14
[19:40:51.287] [bmv2] [D] [thread 101370] [31.0] [cxt 0] Parser 'parser': end
[19:40:51.287] [bmv2] [D] [thread 101370] [31.0] [cxt 0] Pipeline 'ingress': start
[19:40:51.287] [bmv2] [T] [thread 101370] [31.0] [cxt 0] basic.p4(120) Condition "hdr.ipv4.isValid()" (node_2) is false
[19:40:51.287] [bmv2] [D] [thread 101370] [31.0] [cxt 0] Pipeline 'ingress': end
[19:40:51.287] [bmv2] [D] [thread 101370] [31.0] [cxt 0] Egress port is 0
[19:40:51.287] [bmv2] [D] [thread 101372] [31.0] [cxt 0] Pipeline 'egress': start
[19:40:51.287] [bmv2] [D] [thread 101372] [31.0] [cxt 0] Pipeline 'egress': end
[19:40:51.287] [bmv2] [D] [thread 101372] [31.0] [cxt 0] Deparser 'deparser': start
[19:40:51.287] [bmv2] [D] [thread 101372] [31.0] [cxt 0] Deparsing header 'ethernet'
[19:40:51.287] [bmv2] [D] [thread 101372] [31.0] [cxt 0] Deparser 'deparser': end
[19:40:51.287] [bmv2] [D] [thread 101376] [31.0] [cxt 0] Transmitting packet of size 70 out of port 0
[19:42:29.590] [bmv2] [D] [thread 101370] [32.0] [cxt 0] Processing packet received on port 2
[19:42:29.590] [bmv2] [D] [thread 101370] [32.0] [cxt 0] Parser 'parser': start
[19:42:29.590] [bmv2] [D] [thread 101370] [32.0] [cxt 0] Parser 'parser' entering state 'start'
[19:42:29.590] [bmv2] [D] [thread 101370] [32.0] [cxt 0] Extracting header 'ethernet'
[19:42:29.590] [bmv2] [D] [thread 101370] [32.0] [cxt 0] Parser state 'start': key is 86dd
[19:42:29.590] [bmv2] [T] [thread 101370] [32.0] [cxt 0] Bytes parsed: 14
[19:42:29.590] [bmv2] [D] [thread 101370] [32.0] [cxt 0] Parser 'parser': end
[19:42:29.591] [bmv2] [D] [thread 101370] [32.0] [cxt 0] Pipeline 'ingress': start
[19:42:29.591] [bmv2] [T] [thread 101370] [32.0] [cxt 0] basic.p4(120) Condition "hdr.ipv4.isValid()" (node_2) is false
[19:42:29.591] [bmv2] [D] [thread 101370] [32.0] [cxt 0] Pipeline 'ingress': end
[19:42:29.591] [bmv2] [D] [thread 101370] [32.0] [cxt 0] Egress port is 0
[19:42:29.591] [bmv2] [D] [thread 101372] [32.0] [cxt 0] Pipeline 'egress': start
[19:42:29.591] [bmv2] [D] [thread 101372] [32.0] [cxt 0] Pipeline 'egress': end
[19:42:29.591] [bmv2] [D] [thread 101372] [32.0] [cxt 0] Deparser 'deparser': start
[19:42:29.591] [bmv2] [D] [thread 101372] [32.0] [cxt 0] Deparsing header 'ethernet'
[19:42:29.591] [bmv2] [D] [thread 101372] [32.0] [cxt 0] Deparser 'deparser': end
[19:42:29.591] [bmv2] [D] [thread 101376] [32.0] [cxt 0] Transmitting packet of size 70 out of port 0
[19:46:51.734] [bmv2] [D] [thread 101370] [33.0] [cxt 0] Processing packet received on port 1
[19:46:51.734] [bmv2] [D] [thread 101370] [33.0] [cxt 0] Parser 'parser': start
[19:46:51.734] [bmv2] [D] [thread 101370] [33.0] [cxt 0] Parser 'parser' entering state 'start'
[19:46:51.734] [bmv2] [D] [thread 101370] [33.0] [cxt 0] Extracting header 'ethernet'
[19:46:51.734] [bmv2] [D] [thread 101370] [33.0] [cxt 0] Parser state 'start': key is 86dd
[19:46:51.734] [bmv2] [T] [thread 101370] [33.0] [cxt 0] Bytes parsed: 14
[19:46:51.734] [bmv2] [D] [thread 101370] [33.0] [cxt 0] Parser 'parser': end
[19:46:51.734] [bmv2] [D] [thread 101370] [33.0] [cxt 0] Pipeline 'ingress': start
[19:46:51.734] [bmv2] [T] [thread 101370] [33.0] [cxt 0] basic.p4(120) Condition "hdr.ipv4.isValid()" (node_2) is false
[19:46:51.735] [bmv2] [D] [thread 101370] [33.0] [cxt 0] Pipeline 'ingress': end
[19:46:51.735] [bmv2] [D] [thread 101370] [33.0] [cxt 0] Egress port is 0
[19:46:51.735] [bmv2] [D] [thread 101372] [33.0] [cxt 0] Pipeline 'egress': start
[19:46:51.735] [bmv2] [D] [thread 101372] [33.0] [cxt 0] Pipeline 'egress': end
[19:46:51.735] [bmv2] [D] [thread 101372] [33.0] [cxt 0] Deparser 'deparser': start
[19:46:51.735] [bmv2] [D] [thread 101372] [33.0] [cxt 0] Deparsing header 'ethernet'
[19:46:51.735] [bmv2] [D] [thread 101372] [33.0] [cxt 0] Deparser 'deparser': end
[19:46:51.735] [bmv2] [D] [thread 101376] [33.0] [cxt 0] Transmitting packet of size 70 out of port 0
[20:11:59.062] [bmv2] [D] [thread 101370] [34.0] [cxt 0] Processing packet received on port 1
[20:11:59.063] [bmv2] [D] [thread 101370] [34.0] [cxt 0] Parser 'parser': start
[20:11:59.063] [bmv2] [D] [thread 101370] [34.0] [cxt 0] Parser 'parser' entering state 'start'
[20:11:59.063] [bmv2] [D] [thread 101370] [34.0] [cxt 0] Extracting header 'ethernet'
[20:11:59.063] [bmv2] [D] [thread 101370] [34.0] [cxt 0] Parser state 'start': key is 86dd
[20:11:59.063] [bmv2] [T] [thread 101370] [34.0] [cxt 0] Bytes parsed: 14
[20:11:59.063] [bmv2] [D] [thread 101370] [34.0] [cxt 0] Parser 'parser': end
[20:11:59.063] [bmv2] [D] [thread 101370] [34.0] [cxt 0] Pipeline 'ingress': start
[20:11:59.063] [bmv2] [T] [thread 101370] [34.0] [cxt 0] basic.p4(120) Condition "hdr.ipv4.isValid()" (node_2) is false
[20:11:59.063] [bmv2] [D] [thread 101370] [34.0] [cxt 0] Pipeline 'ingress': end
[20:11:59.063] [bmv2] [D] [thread 101370] [34.0] [cxt 0] Egress port is 0
[20:11:59.063] [bmv2] [D] [thread 101372] [34.0] [cxt 0] Pipeline 'egress': start
[20:11:59.063] [bmv2] [D] [thread 101372] [34.0] [cxt 0] Pipeline 'egress': end
[20:11:59.063] [bmv2] [D] [thread 101372] [34.0] [cxt 0] Deparser 'deparser': start
[20:11:59.063] [bmv2] [D] [thread 101372] [34.0] [cxt 0] Deparsing header 'ethernet'
[20:11:59.063] [bmv2] [D] [thread 101372] [34.0] [cxt 0] Deparser 'deparser': end
[20:11:59.063] [bmv2] [D] [thread 101376] [34.0] [cxt 0] Transmitting packet of size 70 out of port 0
[20:13:37.366] [bmv2] [D] [thread 101370] [35.0] [cxt 0] Processing packet received on port 2
[20:13:37.366] [bmv2] [D] [thread 101370] [35.0] [cxt 0] Parser 'parser': start
[20:13:37.366] [bmv2] [D] [thread 101370] [35.0] [cxt 0] Parser 'parser' entering state 'start'
[20:13:37.366] [bmv2] [D] [thread 101370] [35.0] [cxt 0] Extracting header 'ethernet'
[20:13:37.366] [bmv2] [D] [thread 101370] [35.0] [cxt 0] Parser state 'start': key is 86dd
[20:13:37.367] [bmv2] [T] [thread 101370] [35.0] [cxt 0] Bytes parsed: 14
[20:13:37.367] [bmv2] [D] [thread 101370] [35.0] [cxt 0] Parser 'parser': end
[20:13:37.367] [bmv2] [D] [thread 101370] [35.0] [cxt 0] Pipeline 'ingress': start
[20:13:37.367] [bmv2] [T] [thread 101370] [35.0] [cxt 0] basic.p4(120) Condition "hdr.ipv4.isValid()" (node_2) is false
[20:13:37.367] [bmv2] [D] [thread 101370] [35.0] [cxt 0] Pipeline 'ingress': end
[20:13:37.367] [bmv2] [D] [thread 101370] [35.0] [cxt 0] Egress port is 0
[20:13:37.367] [bmv2] [D] [thread 101372] [35.0] [cxt 0] Pipeline 'egress': start
[20:13:37.367] [bmv2] [D] [thread 101372] [35.0] [cxt 0] Pipeline 'egress': end
[20:13:37.367] [bmv2] [D] [thread 101372] [35.0] [cxt 0] Deparser 'deparser': start
[20:13:37.367] [bmv2] [D] [thread 101372] [35.0] [cxt 0] Deparsing header 'ethernet'
[20:13:37.367] [bmv2] [D] [thread 101372] [35.0] [cxt 0] Deparser 'deparser': end
[20:13:37.367] [bmv2] [D] [thread 101376] [35.0] [cxt 0] Transmitting packet of size 70 out of port 0
[20:25:05.494] [bmv2] [D] [thread 101370] [36.0] [cxt 0] Processing packet received on port 1
[20:25:05.494] [bmv2] [D] [thread 101370] [36.0] [cxt 0] Parser 'parser': start
[20:25:05.495] [bmv2] [D] [thread 101370] [36.0] [cxt 0] Parser 'parser' entering state 'start'
[20:25:05.495] [bmv2] [D] [thread 101370] [36.0] [cxt 0] Extracting header 'ethernet'
[20:25:05.495] [bmv2] [D] [thread 101370] [36.0] [cxt 0] Parser state 'start': key is 86dd
[20:25:05.495] [bmv2] [T] [thread 101370] [36.0] [cxt 0] Bytes parsed: 14
[20:25:05.495] [bmv2] [D] [thread 101370] [36.0] [cxt 0] Parser 'parser': end
[20:25:05.495] [bmv2] [D] [thread 101370] [36.0] [cxt 0] Pipeline 'ingress': start
[20:25:05.495] [bmv2] [T] [thread 101370] [36.0] [cxt 0] basic.p4(120) Condition "hdr.ipv4.isValid()" (node_2) is false
[20:25:05.495] [bmv2] [D] [thread 101370] [36.0] [cxt 0] Pipeline 'ingress': end
[20:25:05.495] [bmv2] [D] [thread 101370] [36.0] [cxt 0] Egress port is 0
[20:25:05.495] [bmv2] [D] [thread 101370] [37.0] [cxt 0] Processing packet received on port 3
[20:25:05.495] [bmv2] [D] [thread 101370] [37.0] [cxt 0] Parser 'parser': start
[20:25:05.495] [bmv2] [D] [thread 101370] [37.0] [cxt 0] Parser 'parser' entering state 'start'
[20:25:05.495] [bmv2] [D] [thread 101370] [37.0] [cxt 0] Extracting header 'ethernet'
[20:25:05.495] [bmv2] [D] [thread 101372] [36.0] [cxt 0] Pipeline 'egress': start
[20:25:05.495] [bmv2] [D] [thread 101372] [36.0] [cxt 0] Pipeline 'egress': end
[20:25:05.495] [bmv2] [D] [thread 101370] [37.0] [cxt 0] Parser state 'start': key is 86dd
[20:25:05.495] [bmv2] [D] [thread 101372] [36.0] [cxt 0] Deparser 'deparser': start
[20:25:05.495] [bmv2] [D] [thread 101372] [36.0] [cxt 0] Deparsing header 'ethernet'
[20:25:05.495] [bmv2] [T] [thread 101370] [37.0] [cxt 0] Bytes parsed: 14
[20:25:05.495] [bmv2] [D] [thread 101372] [36.0] [cxt 0] Deparser 'deparser': end
[20:25:05.495] [bmv2] [D] [thread 101370] [37.0] [cxt 0] Parser 'parser': end
[20:25:05.495] [bmv2] [D] [thread 101370] [37.0] [cxt 0] Pipeline 'ingress': start
[20:25:05.495] [bmv2] [T] [thread 101370] [37.0] [cxt 0] basic.p4(120) Condition "hdr.ipv4.isValid()" (node_2) is false
[20:25:05.495] [bmv2] [D] [thread 101370] [37.0] [cxt 0] Pipeline 'ingress': end
[20:25:05.495] [bmv2] [D] [thread 101376] [36.0] [cxt 0] Transmitting packet of size 70 out of port 0
[20:25:05.495] [bmv2] [D] [thread 101370] [37.0] [cxt 0] Egress port is 0
[20:25:05.496] [bmv2] [D] [thread 101372] [37.0] [cxt 0] Pipeline 'egress': start
[20:25:05.496] [bmv2] [D] [thread 101372] [37.0] [cxt 0] Pipeline 'egress': end
[20:25:05.496] [bmv2] [D] [thread 101372] [37.0] [cxt 0] Deparser 'deparser': start
[20:25:05.496] [bmv2] [D] [thread 101372] [37.0] [cxt 0] Deparsing header 'ethernet'
[20:25:05.496] [bmv2] [D] [thread 101372] [37.0] [cxt 0] Deparser 'deparser': end
[20:25:05.496] [bmv2] [D] [thread 101376] [37.0] [cxt 0] Transmitting packet of size 70 out of port 0
[21:13:09.078] [bmv2] [D] [thread 101370] [38.0] [cxt 0] Processing packet received on port 2
[21:13:09.078] [bmv2] [D] [thread 101370] [38.0] [cxt 0] Parser 'parser': start
[21:13:09.078] [bmv2] [D] [thread 101370] [38.0] [cxt 0] Parser 'parser' entering state 'start'
[21:13:09.078] [bmv2] [D] [thread 101370] [38.0] [cxt 0] Extracting header 'ethernet'
[21:13:09.079] [bmv2] [D] [thread 101370] [38.0] [cxt 0] Parser state 'start': key is 86dd
[21:13:09.079] [bmv2] [T] [thread 101370] [38.0] [cxt 0] Bytes parsed: 14
[21:13:09.079] [bmv2] [D] [thread 101370] [38.0] [cxt 0] Parser 'parser': end
[21:13:09.079] [bmv2] [D] [thread 101370] [38.0] [cxt 0] Pipeline 'ingress': start
[21:13:09.079] [bmv2] [T] [thread 101370] [38.0] [cxt 0] basic.p4(120) Condition "hdr.ipv4.isValid()" (node_2) is false
[21:13:09.079] [bmv2] [D] [thread 101370] [38.0] [cxt 0] Pipeline 'ingress': end
[21:13:09.079] [bmv2] [D] [thread 101370] [38.0] [cxt 0] Egress port is 0
[21:13:09.079] [bmv2] [D] [thread 101372] [38.0] [cxt 0] Pipeline 'egress': start
[21:13:09.079] [bmv2] [D] [thread 101372] [38.0] [cxt 0] Pipeline 'egress': end
[21:13:09.079] [bmv2] [D] [thread 101372] [38.0] [cxt 0] Deparser 'deparser': start
[21:13:09.079] [bmv2] [D] [thread 101372] [38.0] [cxt 0] Deparsing header 'ethernet'
[21:13:09.079] [bmv2] [D] [thread 101372] [38.0] [cxt 0] Deparser 'deparser': end
[21:13:09.079] [bmv2] [D] [thread 101376] [38.0] [cxt 0] Transmitting packet of size 70 out of port 0
[21:17:31.222] [bmv2] [D] [thread 101370] [39.0] [cxt 0] Processing packet received on port 1
[21:17:31.222] [bmv2] [D] [thread 101370] [39.0] [cxt 0] Parser 'parser': start
[21:17:31.222] [bmv2] [D] [thread 101370] [39.0] [cxt 0] Parser 'parser' entering state 'start'
[21:17:31.223] [bmv2] [D] [thread 101370] [39.0] [cxt 0] Extracting header 'ethernet'
[21:17:31.223] [bmv2] [D] [thread 101370] [39.0] [cxt 0] Parser state 'start': key is 86dd
[21:17:31.223] [bmv2] [T] [thread 101370] [39.0] [cxt 0] Bytes parsed: 14
[21:17:31.223] [bmv2] [D] [thread 101370] [39.0] [cxt 0] Parser 'parser': end
[21:17:31.223] [bmv2] [D] [thread 101370] [39.0] [cxt 0] Pipeline 'ingress': start
[21:17:31.223] [bmv2] [T] [thread 101370] [39.0] [cxt 0] basic.p4(120) Condition "hdr.ipv4.isValid()" (node_2) is false
[21:17:31.223] [bmv2] [D] [thread 101370] [39.0] [cxt 0] Pipeline 'ingress': end
[21:17:31.223] [bmv2] [D] [thread 101370] [39.0] [cxt 0] Egress port is 0
[21:17:31.223] [bmv2] [D] [thread 101372] [39.0] [cxt 0] Pipeline 'egress': start
[21:17:31.223] [bmv2] [D] [thread 101372] [39.0] [cxt 0] Pipeline 'egress': end
[21:17:31.223] [bmv2] [D] [thread 101372] [39.0] [cxt 0] Deparser 'deparser': start
[21:17:31.223] [bmv2] [D] [thread 101372] [39.0] [cxt 0] Deparsing header 'ethernet'
[21:17:31.223] [bmv2] [D] [thread 101372] [39.0] [cxt 0] Deparser 'deparser': end
[21:17:31.223] [bmv2] [D] [thread 101376] [39.0] [cxt 0] Transmitting packet of size 70 out of port 0
[21:30:37.654] [bmv2] [D] [thread 101370] [40.0] [cxt 0] Processing packet received on port 1
[21:30:37.654] [bmv2] [D] [thread 101370] [40.0] [cxt 0] Parser 'parser': start
[21:30:37.655] [bmv2] [D] [thread 101370] [40.0] [cxt 0] Parser 'parser' entering state 'start'
[21:30:37.655] [bmv2] [D] [thread 101370] [40.0] [cxt 0] Extracting header 'ethernet'
[21:30:37.655] [bmv2] [D] [thread 101370] [40.0] [cxt 0] Parser state 'start': key is 86dd
[21:30:37.655] [bmv2] [T] [thread 101370] [40.0] [cxt 0] Bytes parsed: 14
[21:30:37.655] [bmv2] [D] [thread 101370] [40.0] [cxt 0] Parser 'parser': end
[21:30:37.655] [bmv2] [D] [thread 101370] [40.0] [cxt 0] Pipeline 'ingress': start
[21:30:37.655] [bmv2] [T] [thread 101370] [40.0] [cxt 0] basic.p4(120) Condition "hdr.ipv4.isValid()" (node_2) is false
[21:30:37.655] [bmv2] [D] [thread 101370] [40.0] [cxt 0] Pipeline 'ingress': end
[21:30:37.655] [bmv2] [D] [thread 101370] [40.0] [cxt 0] Egress port is 0
[21:30:37.655] [bmv2] [D] [thread 101370] [41.0] [cxt 0] Processing packet received on port 3
[21:30:37.655] [bmv2] [D] [thread 101370] [41.0] [cxt 0] Parser 'parser': start
[21:30:37.655] [bmv2] [D] [thread 101370] [41.0] [cxt 0] Parser 'parser' entering state 'start'
[21:30:37.655] [bmv2] [D] [thread 101372] [40.0] [cxt 0] Pipeline 'egress': start
[21:30:37.655] [bmv2] [D] [thread 101372] [40.0] [cxt 0] Pipeline 'egress': end
[21:30:37.655] [bmv2] [D] [thread 101372] [40.0] [cxt 0] Deparser 'deparser': start
[21:30:37.655] [bmv2] [D] [thread 101372] [40.0] [cxt 0] Deparsing header 'ethernet'
[21:30:37.655] [bmv2] [D] [thread 101370] [41.0] [cxt 0] Extracting header 'ethernet'
[21:30:37.655] [bmv2] [D] [thread 101372] [40.0] [cxt 0] Deparser 'deparser': end
[21:30:37.655] [bmv2] [D] [thread 101370] [41.0] [cxt 0] Parser state 'start': key is 86dd
[21:30:37.655] [bmv2] [T] [thread 101370] [41.0] [cxt 0] Bytes parsed: 14
[21:30:37.655] [bmv2] [D] [thread 101370] [41.0] [cxt 0] Parser 'parser': end
[21:30:37.655] [bmv2] [D] [thread 101376] [40.0] [cxt 0] Transmitting packet of size 70 out of port 0
[21:30:37.655] [bmv2] [D] [thread 101370] [41.0] [cxt 0] Pipeline 'ingress': start
[21:30:37.655] [bmv2] [T] [thread 101370] [41.0] [cxt 0] basic.p4(120) Condition "hdr.ipv4.isValid()" (node_2) is false
[21:30:37.655] [bmv2] [D] [thread 101370] [41.0] [cxt 0] Pipeline 'ingress': end
[21:30:37.655] [bmv2] [D] [thread 101370] [41.0] [cxt 0] Egress port is 0
[21:30:37.656] [bmv2] [D] [thread 101372] [41.0] [cxt 0] Pipeline 'egress': start
[21:30:37.656] [bmv2] [D] [thread 101372] [41.0] [cxt 0] Pipeline 'egress': end
[21:30:37.656] [bmv2] [D] [thread 101372] [41.0] [cxt 0] Deparser 'deparser': start
[21:30:37.656] [bmv2] [D] [thread 101372] [41.0] [cxt 0] Deparsing header 'ethernet'
[21:30:37.656] [bmv2] [D] [thread 101372] [41.0] [cxt 0] Deparser 'deparser': end
[21:30:37.656] [bmv2] [D] [thread 101376] [41.0] [cxt 0] Transmitting packet of size 70 out of port 0
[22:14:19.094] [bmv2] [D] [thread 101370] [42.0] [cxt 0] Processing packet received on port 1
[22:14:19.094] [bmv2] [D] [thread 101370] [42.0] [cxt 0] Parser 'parser': start
[22:14:19.094] [bmv2] [D] [thread 101370] [42.0] [cxt 0] Parser 'parser' entering state 'start'
[22:14:19.094] [bmv2] [D] [thread 101370] [42.0] [cxt 0] Extracting header 'ethernet'
[22:14:19.094] [bmv2] [D] [thread 101370] [42.0] [cxt 0] Parser state 'start': key is 86dd
[22:14:19.095] [bmv2] [T] [thread 101370] [42.0] [cxt 0] Bytes parsed: 14
[22:14:19.095] [bmv2] [D] [thread 101370] [42.0] [cxt 0] Parser 'parser': end
[22:14:19.095] [bmv2] [D] [thread 101370] [42.0] [cxt 0] Pipeline 'ingress': start
[22:14:19.095] [bmv2] [T] [thread 101370] [42.0] [cxt 0] basic.p4(120) Condition "hdr.ipv4.isValid()" (node_2) is false
[22:14:19.095] [bmv2] [D] [thread 101370] [42.0] [cxt 0] Pipeline 'ingress': end
[22:14:19.095] [bmv2] [D] [thread 101370] [42.0] [cxt 0] Egress port is 0
[22:14:19.095] [bmv2] [D] [thread 101370] [43.0] [cxt 0] Processing packet received on port 2
[22:14:19.095] [bmv2] [D] [thread 101370] [43.0] [cxt 0] Parser 'parser': start
[22:14:19.095] [bmv2] [D] [thread 101370] [43.0] [cxt 0] Parser 'parser' entering state 'start'
[22:14:19.095] [bmv2] [D] [thread 101370] [43.0] [cxt 0] Extracting header 'ethernet'
[22:14:19.095] [bmv2] [D] [thread 101370] [43.0] [cxt 0] Parser state 'start': key is 86dd
[22:14:19.095] [bmv2] [T] [thread 101370] [43.0] [cxt 0] Bytes parsed: 14
[22:14:19.095] [bmv2] [D] [thread 101370] [43.0] [cxt 0] Parser 'parser': end
[22:14:19.095] [bmv2] [D] [thread 101372] [42.0] [cxt 0] Pipeline 'egress': start
[22:14:19.095] [bmv2] [D] [thread 101372] [42.0] [cxt 0] Pipeline 'egress': end
[22:14:19.095] [bmv2] [D] [thread 101372] [42.0] [cxt 0] Deparser 'deparser': start
[22:14:19.095] [bmv2] [D] [thread 101370] [43.0] [cxt 0] Pipeline 'ingress': start
[22:14:19.095] [bmv2] [T] [thread 101370] [43.0] [cxt 0] basic.p4(120) Condition "hdr.ipv4.isValid()" (node_2) is false
[22:14:19.095] [bmv2] [D] [thread 101372] [42.0] [cxt 0] Deparsing header 'ethernet'
[22:14:19.095] [bmv2] [D] [thread 101372] [42.0] [cxt 0] Deparser 'deparser': end
[22:14:19.095] [bmv2] [D] [thread 101370] [43.0] [cxt 0] Pipeline 'ingress': end
[22:14:19.095] [bmv2] [D] [thread 101370] [43.0] [cxt 0] Egress port is 0
[22:14:19.095] [bmv2] [D] [thread 101376] [42.0] [cxt 0] Transmitting packet of size 70 out of port 0
[22:14:19.095] [bmv2] [D] [thread 101372] [43.0] [cxt 0] Pipeline 'egress': start
[22:14:19.095] [bmv2] [D] [thread 101372] [43.0] [cxt 0] Pipeline 'egress': end
[22:14:19.095] [bmv2] [D] [thread 101372] [43.0] [cxt 0] Deparser 'deparser': start
[22:14:19.095] [bmv2] [D] [thread 101372] [43.0] [cxt 0] Deparsing header 'ethernet'
[22:14:19.095] [bmv2] [D] [thread 101372] [43.0] [cxt 0] Deparser 'deparser': end
[22:14:19.095] [bmv2] [D] [thread 101376] [43.0] [cxt 0] Transmitting packet of size 70 out of port 0
[22:31:47.670] [bmv2] [D] [thread 101370] [44.0] [cxt 0] Processing packet received on port 1
[22:31:47.671] [bmv2] [D] [thread 101370] [44.0] [cxt 0] Parser 'parser': start
[22:31:47.671] [bmv2] [D] [thread 101370] [44.0] [cxt 0] Parser 'parser' entering state 'start'
[22:31:47.671] [bmv2] [D] [thread 101370] [44.0] [cxt 0] Extracting header 'ethernet'
[22:31:47.671] [bmv2] [D] [thread 101370] [44.0] [cxt 0] Parser state 'start': key is 86dd
[22:31:47.671] [bmv2] [T] [thread 101370] [44.0] [cxt 0] Bytes parsed: 14
[22:31:47.671] [bmv2] [D] [thread 101370] [44.0] [cxt 0] Parser 'parser': end
[22:31:47.671] [bmv2] [D] [thread 101370] [44.0] [cxt 0] Pipeline 'ingress': start
[22:31:47.671] [bmv2] [T] [thread 101370] [44.0] [cxt 0] basic.p4(120) Condition "hdr.ipv4.isValid()" (node_2) is false
[22:31:47.671] [bmv2] [D] [thread 101370] [44.0] [cxt 0] Pipeline 'ingress': end
[22:31:47.671] [bmv2] [D] [thread 101370] [44.0] [cxt 0] Egress port is 0
[22:31:47.671] [bmv2] [D] [thread 101372] [44.0] [cxt 0] Pipeline 'egress': start
[22:31:47.671] [bmv2] [D] [thread 101372] [44.0] [cxt 0] Pipeline 'egress': end
[22:31:47.671] [bmv2] [D] [thread 101372] [44.0] [cxt 0] Deparser 'deparser': start
[22:31:47.671] [bmv2] [D] [thread 101372] [44.0] [cxt 0] Deparsing header 'ethernet'
[22:31:47.671] [bmv2] [D] [thread 101372] [44.0] [cxt 0] Deparser 'deparser': end
[22:31:47.671] [bmv2] [D] [thread 101376] [44.0] [cxt 0] Transmitting packet of size 70 out of port 0
[22:36:09.814] [bmv2] [D] [thread 101370] [45.0] [cxt 0] Processing packet received on port 3
[22:36:09.814] [bmv2] [D] [thread 101370] [45.0] [cxt 0] Parser 'parser': start
[22:36:09.814] [bmv2] [D] [thread 101370] [45.0] [cxt 0] Parser 'parser' entering state 'start'
[22:36:09.814] [bmv2] [D] [thread 101370] [45.0] [cxt 0] Extracting header 'ethernet'
[22:36:09.814] [bmv2] [D] [thread 101370] [45.0] [cxt 0] Parser state 'start': key is 86dd
[22:36:09.814] [bmv2] [T] [thread 101370] [45.0] [cxt 0] Bytes parsed: 14
[22:36:09.814] [bmv2] [D] [thread 101370] [45.0] [cxt 0] Parser 'parser': end
[22:36:09.815] [bmv2] [D] [thread 101370] [45.0] [cxt 0] Pipeline 'ingress': start
[22:36:09.815] [bmv2] [T] [thread 101370] [45.0] [cxt 0] basic.p4(120) Condition "hdr.ipv4.isValid()" (node_2) is false
[22:36:09.815] [bmv2] [D] [thread 101370] [45.0] [cxt 0] Pipeline 'ingress': end
[22:36:09.815] [bmv2] [D] [thread 101370] [45.0] [cxt 0] Egress port is 0
[22:36:09.815] [bmv2] [D] [thread 101372] [45.0] [cxt 0] Pipeline 'egress': start
[22:36:09.815] [bmv2] [D] [thread 101372] [45.0] [cxt 0] Pipeline 'egress': end
[22:36:09.815] [bmv2] [D] [thread 101372] [45.0] [cxt 0] Deparser 'deparser': start
[22:36:09.815] [bmv2] [D] [thread 101372] [45.0] [cxt 0] Deparsing header 'ethernet'
[22:36:09.815] [bmv2] [D] [thread 101372] [45.0] [cxt 0] Deparser 'deparser': end
[22:36:09.815] [bmv2] [D] [thread 101376] [45.0] [cxt 0] Transmitting packet of size 70 out of port 0
[23:19:51.254] [bmv2] [D] [thread 101370] [46.0] [cxt 0] Processing packet received on port 1
[23:19:51.254] [bmv2] [D] [thread 101370] [46.0] [cxt 0] Parser 'parser': start
[23:19:51.254] [bmv2] [D] [thread 101370] [46.0] [cxt 0] Parser 'parser' entering state 'start'
[23:19:51.254] [bmv2] [D] [thread 101370] [46.0] [cxt 0] Extracting header 'ethernet'
[23:19:51.255] [bmv2] [D] [thread 101370] [46.0] [cxt 0] Parser state 'start': key is 86dd
[23:19:51.255] [bmv2] [T] [thread 101370] [46.0] [cxt 0] Bytes parsed: 14
[23:19:51.255] [bmv2] [D] [thread 101370] [46.0] [cxt 0] Parser 'parser': end
[23:19:51.255] [bmv2] [D] [thread 101370] [46.0] [cxt 0] Pipeline 'ingress': start
[23:19:51.255] [bmv2] [T] [thread 101370] [46.0] [cxt 0] basic.p4(120) Condition "hdr.ipv4.isValid()" (node_2) is false
[23:19:51.255] [bmv2] [D] [thread 101370] [46.0] [cxt 0] Pipeline 'ingress': end
[23:19:51.255] [bmv2] [D] [thread 101370] [46.0] [cxt 0] Egress port is 0
[23:19:51.255] [bmv2] [D] [thread 101370] [47.0] [cxt 0] Processing packet received on port 2
[23:19:51.255] [bmv2] [D] [thread 101370] [47.0] [cxt 0] Parser 'parser': start
[23:19:51.255] [bmv2] [D] [thread 101370] [47.0] [cxt 0] Parser 'parser' entering state 'start'
[23:19:51.255] [bmv2] [D] [thread 101370] [47.0] [cxt 0] Extracting header 'ethernet'
[23:19:51.255] [bmv2] [D] [thread 101372] [46.0] [cxt 0] Pipeline 'egress': start
[23:19:51.255] [bmv2] [D] [thread 101372] [46.0] [cxt 0] Pipeline 'egress': end
[23:19:51.255] [bmv2] [D] [thread 101372] [46.0] [cxt 0] Deparser 'deparser': start
[23:19:51.255] [bmv2] [D] [thread 101372] [46.0] [cxt 0] Deparsing header 'ethernet'
[23:19:51.255] [bmv2] [D] [thread 101372] [46.0] [cxt 0] Deparser 'deparser': end
[23:19:51.255] [bmv2] [D] [thread 101370] [47.0] [cxt 0] Parser state 'start': key is 86dd
[23:19:51.255] [bmv2] [T] [thread 101370] [47.0] [cxt 0] Bytes parsed: 14
[23:19:51.255] [bmv2] [D] [thread 101370] [47.0] [cxt 0] Parser 'parser': end
[23:19:51.255] [bmv2] [D] [thread 101376] [46.0] [cxt 0] Transmitting packet of size 70 out of port 0
[23:19:51.255] [bmv2] [D] [thread 101370] [47.0] [cxt 0] Pipeline 'ingress': start
[23:19:51.255] [bmv2] [T] [thread 101370] [47.0] [cxt 0] basic.p4(120) Condition "hdr.ipv4.isValid()" (node_2) is false
[23:19:51.255] [bmv2] [D] [thread 101370] [47.0] [cxt 0] Pipeline 'ingress': end
[23:19:51.255] [bmv2] [D] [thread 101370] [47.0] [cxt 0] Egress port is 0
[23:19:51.255] [bmv2] [D] [thread 101372] [47.0] [cxt 0] Pipeline 'egress': start
[23:19:51.255] [bmv2] [D] [thread 101372] [47.0] [cxt 0] Pipeline 'egress': end
[23:19:51.255] [bmv2] [D] [thread 101372] [47.0] [cxt 0] Deparser 'deparser': start
[23:19:51.255] [bmv2] [D] [thread 101372] [47.0] [cxt 0] Deparsing header 'ethernet'
[23:19:51.255] [bmv2] [D] [thread 101372] [47.0] [cxt 0] Deparser 'deparser': end
[23:19:51.255] [bmv2] [D] [thread 101376] [47.0] [cxt 0] Transmitting packet of size 70 out of port 0
[23:32:57.686] [bmv2] [D] [thread 101370] [48.0] [cxt 0] Processing packet received on port 3
[23:32:57.686] [bmv2] [D] [thread 101370] [48.0] [cxt 0] Parser 'parser': start
[23:32:57.686] [bmv2] [D] [thread 101370] [48.0] [cxt 0] Parser 'parser' entering state 'start'
[23:32:57.686] [bmv2] [D] [thread 101370] [48.0] [cxt 0] Extracting header 'ethernet'
[23:32:57.686] [bmv2] [D] [thread 101370] [48.0] [cxt 0] Parser state 'start': key is 86dd
[23:32:57.686] [bmv2] [T] [thread 101370] [48.0] [cxt 0] Bytes parsed: 14
[23:32:57.686] [bmv2] [D] [thread 101370] [48.0] [cxt 0] Parser 'parser': end
[23:32:57.686] [bmv2] [D] [thread 101370] [48.0] [cxt 0] Pipeline 'ingress': start
[23:32:57.686] [bmv2] [T] [thread 101370] [48.0] [cxt 0] basic.p4(120) Condition "hdr.ipv4.isValid()" (node_2) is false
[23:32:57.686] [bmv2] [D] [thread 101370] [48.0] [cxt 0] Pipeline 'ingress': end
[23:32:57.687] [bmv2] [D] [thread 101370] [48.0] [cxt 0] Egress port is 0
[23:32:57.687] [bmv2] [D] [thread 101372] [48.0] [cxt 0] Pipeline 'egress': start
[23:32:57.687] [bmv2] [D] [thread 101372] [48.0] [cxt 0] Pipeline 'egress': end
[23:32:57.687] [bmv2] [D] [thread 101372] [48.0] [cxt 0] Deparser 'deparser': start
[23:32:57.687] [bmv2] [D] [thread 101372] [48.0] [cxt 0] Deparsing header 'ethernet'
[23:32:57.687] [bmv2] [D] [thread 101372] [48.0] [cxt 0] Deparser 'deparser': end
[23:32:57.687] [bmv2] [D] [thread 101376] [48.0] [cxt 0] Transmitting packet of size 70 out of port 0
[23:37:19.830] [bmv2] [D] [thread 101370] [49.0] [cxt 0] Processing packet received on port 1
[23:37:19.831] [bmv2] [D] [thread 101370] [49.0] [cxt 0] Parser 'parser': start
[23:37:19.831] [bmv2] [D] [thread 101370] [49.0] [cxt 0] Parser 'parser' entering state 'start'
[23:37:19.831] [bmv2] [D] [thread 101370] [49.0] [cxt 0] Extracting header 'ethernet'
[23:37:19.831] [bmv2] [D] [thread 101370] [49.0] [cxt 0] Parser state 'start': key is 86dd
[23:37:19.831] [bmv2] [T] [thread 101370] [49.0] [cxt 0] Bytes parsed: 14
[23:37:19.831] [bmv2] [D] [thread 101370] [49.0] [cxt 0] Parser 'parser': end
[23:37:19.831] [bmv2] [D] [thread 101370] [49.0] [cxt 0] Pipeline 'ingress': start
[23:37:19.831] [bmv2] [T] [thread 101370] [49.0] [cxt 0] basic.p4(120) Condition "hdr.ipv4.isValid()" (node_2) is false
[23:37:19.831] [bmv2] [D] [thread 101370] [49.0] [cxt 0] Pipeline 'ingress': end
[23:37:19.831] [bmv2] [D] [thread 101370] [49.0] [cxt 0] Egress port is 0
[23:37:19.831] [bmv2] [D] [thread 101372] [49.0] [cxt 0] Pipeline 'egress': start
[23:37:19.831] [bmv2] [D] [thread 101372] [49.0] [cxt 0] Pipeline 'egress': end
[23:37:19.831] [bmv2] [D] [thread 101372] [49.0] [cxt 0] Deparser 'deparser': start
[23:37:19.831] [bmv2] [D] [thread 101372] [49.0] [cxt 0] Deparsing header 'ethernet'
[23:37:19.831] [bmv2] [D] [thread 101372] [49.0] [cxt 0] Deparser 'deparser': end
[23:37:19.831] [bmv2] [D] [thread 101376] [49.0] [cxt 0] Transmitting packet of size 70 out of port 0
[00:21:01.270] [bmv2] [D] [thread 101370] [50.0] [cxt 0] Processing packet received on port 2
[00:21:01.270] [bmv2] [D] [thread 101370] [50.0] [cxt 0] Parser 'parser': start
[00:21:01.270] [bmv2] [D] [thread 101370] [50.0] [cxt 0] Parser 'parser' entering state 'start'
[00:21:01.270] [bmv2] [D] [thread 101370] [50.0] [cxt 0] Extracting header 'ethernet'
[00:21:01.271] [bmv2] [D] [thread 101370] [50.0] [cxt 0] Parser state 'start': key is 86dd
[00:21:01.271] [bmv2] [T] [thread 101370] [50.0] [cxt 0] Bytes parsed: 14
[00:21:01.271] [bmv2] [D] [thread 101370] [50.0] [cxt 0] Parser 'parser': end
[00:21:01.271] [bmv2] [D] [thread 101370] [50.0] [cxt 0] Pipeline 'ingress': start
[00:21:01.271] [bmv2] [T] [thread 101370] [50.0] [cxt 0] basic.p4(120) Condition "hdr.ipv4.isValid()" (node_2) is false
[00:21:01.271] [bmv2] [D] [thread 101370] [50.0] [cxt 0] Pipeline 'ingress': end
[00:21:01.271] [bmv2] [D] [thread 101370] [50.0] [cxt 0] Egress port is 0
[00:21:01.271] [bmv2] [D] [thread 101372] [50.0] [cxt 0] Pipeline 'egress': start
[00:21:01.271] [bmv2] [D] [thread 101372] [50.0] [cxt 0] Pipeline 'egress': end
[00:21:01.271] [bmv2] [D] [thread 101372] [50.0] [cxt 0] Deparser 'deparser': start
[00:21:01.271] [bmv2] [D] [thread 101372] [50.0] [cxt 0] Deparsing header 'ethernet'
[00:21:01.271] [bmv2] [D] [thread 101372] [50.0] [cxt 0] Deparser 'deparser': end
[00:21:01.271] [bmv2] [D] [thread 101376] [50.0] [cxt 0] Transmitting packet of size 70 out of port 0
[00:25:23.414] [bmv2] [D] [thread 101370] [51.0] [cxt 0] Processing packet received on port 1
[00:25:23.414] [bmv2] [D] [thread 101370] [51.0] [cxt 0] Parser 'parser': start
[00:25:23.414] [bmv2] [D] [thread 101370] [51.0] [cxt 0] Parser 'parser' entering state 'start'
[00:25:23.414] [bmv2] [D] [thread 101370] [51.0] [cxt 0] Extracting header 'ethernet'
[00:25:23.414] [bmv2] [D] [thread 101370] [51.0] [cxt 0] Parser state 'start': key is 86dd
[00:25:23.414] [bmv2] [T] [thread 101370] [51.0] [cxt 0] Bytes parsed: 14
[00:25:23.414] [bmv2] [D] [thread 101370] [51.0] [cxt 0] Parser 'parser': end
[00:25:23.415] [bmv2] [D] [thread 101370] [51.0] [cxt 0] Pipeline 'ingress': start
[00:25:23.415] [bmv2] [T] [thread 101370] [51.0] [cxt 0] basic.p4(120) Condition "hdr.ipv4.isValid()" (node_2) is false
[00:25:23.415] [bmv2] [D] [thread 101370] [51.0] [cxt 0] Pipeline 'ingress': end
[00:25:23.415] [bmv2] [D] [thread 101370] [51.0] [cxt 0] Egress port is 0
[00:25:23.415] [bmv2] [D] [thread 101372] [51.0] [cxt 0] Pipeline 'egress': start
[00:25:23.415] [bmv2] [D] [thread 101372] [51.0] [cxt 0] Pipeline 'egress': end
[00:25:23.415] [bmv2] [D] [thread 101372] [51.0] [cxt 0] Deparser 'deparser': start
[00:25:23.415] [bmv2] [D] [thread 101372] [51.0] [cxt 0] Deparsing header 'ethernet'
[00:25:23.415] [bmv2] [D] [thread 101372] [51.0] [cxt 0] Deparser 'deparser': end
[00:25:23.415] [bmv2] [D] [thread 101376] [51.0] [cxt 0] Transmitting packet of size 70 out of port 0
[00:38:29.846] [bmv2] [D] [thread 101370] [52.0] [cxt 0] Processing packet received on port 1
[00:38:29.847] [bmv2] [D] [thread 101370] [52.0] [cxt 0] Parser 'parser': start
[00:38:29.847] [bmv2] [D] [thread 101370] [52.0] [cxt 0] Parser 'parser' entering state 'start'
[00:38:29.847] [bmv2] [D] [thread 101370] [52.0] [cxt 0] Extracting header 'ethernet'
[00:38:29.847] [bmv2] [D] [thread 101370] [52.0] [cxt 0] Parser state 'start': key is 86dd
[00:38:29.847] [bmv2] [T] [thread 101370] [52.0] [cxt 0] Bytes parsed: 14
[00:38:29.847] [bmv2] [D] [thread 101370] [52.0] [cxt 0] Parser 'parser': end
[00:38:29.847] [bmv2] [D] [thread 101370] [52.0] [cxt 0] Pipeline 'ingress': start
[00:38:29.847] [bmv2] [T] [thread 101370] [52.0] [cxt 0] basic.p4(120) Condition "hdr.ipv4.isValid()" (node_2) is false
[00:38:29.847] [bmv2] [D] [thread 101370] [52.0] [cxt 0] Pipeline 'ingress': end
[00:38:29.847] [bmv2] [D] [thread 101370] [52.0] [cxt 0] Egress port is 0
[00:38:29.847] [bmv2] [D] [thread 101370] [53.0] [cxt 0] Processing packet received on port 3
[00:38:29.847] [bmv2] [D] [thread 101370] [53.0] [cxt 0] Parser 'parser': start
[00:38:29.847] [bmv2] [D] [thread 101370] [53.0] [cxt 0] Parser 'parser' entering state 'start'
[00:38:29.847] [bmv2] [D] [thread 101370] [53.0] [cxt 0] Extracting header 'ethernet'
[00:38:29.847] [bmv2] [D] [thread 101370] [53.0] [cxt 0] Parser state 'start': key is 86dd
[00:38:29.847] [bmv2] [T] [thread 101370] [53.0] [cxt 0] Bytes parsed: 14
[00:38:29.847] [bmv2] [D] [thread 101370] [53.0] [cxt 0] Parser 'parser': end
[00:38:29.847] [bmv2] [D] [thread 101370] [53.0] [cxt 0] Pipeline 'ingress': start
[00:38:29.847] [bmv2] [T] [thread 101370] [53.0] [cxt 0] basic.p4(120) Condition "hdr.ipv4.isValid()" (node_2) is false
[00:38:29.847] [bmv2] [D] [thread 101370] [53.0] [cxt 0] Pipeline 'ingress': end
[00:38:29.847] [bmv2] [D] [thread 101372] [52.0] [cxt 0] Pipeline 'egress': start
[00:38:29.847] [bmv2] [D] [thread 101372] [52.0] [cxt 0] Pipeline 'egress': end
[00:38:29.847] [bmv2] [D] [thread 101372] [52.0] [cxt 0] Deparser 'deparser': start
[00:38:29.847] [bmv2] [D] [thread 101372] [52.0] [cxt 0] Deparsing header 'ethernet'
[00:38:29.847] [bmv2] [D] [thread 101370] [53.0] [cxt 0] Egress port is 0
[00:38:29.847] [bmv2] [D] [thread 101372] [52.0] [cxt 0] Deparser 'deparser': end
[00:38:29.847] [bmv2] [D] [thread 101372] [53.0] [cxt 0] Pipeline 'egress': start
[00:38:29.847] [bmv2] [D] [thread 101372] [53.0] [cxt 0] Pipeline 'egress': end
[00:38:29.847] [bmv2] [D] [thread 101372] [53.0] [cxt 0] Deparser 'deparser': start
[00:38:29.847] [bmv2] [D] [thread 101372] [53.0] [cxt 0] Deparsing header 'ethernet'
[00:38:29.847] [bmv2] [D] [thread 101376] [52.0] [cxt 0] Transmitting packet of size 70 out of port 0
[00:38:29.847] [bmv2] [D] [thread 101372] [53.0] [cxt 0] Deparser 'deparser': end
[00:38:29.847] [bmv2] [D] [thread 101376] [53.0] [cxt 0] Transmitting packet of size 70 out of port 0
