Calling target program-options parser
[11:50:56.596] [bmv2] [D] [thread 52613] Set default default entry for table 'MyIngress.ipv4_host': NoAction - 
Adding interface s4-eth1 as port 1
[11:50:56.596] [bmv2] [D] [thread 52613] Adding interface s4-eth1 as port 1
Adding interface s4-eth2 as port 2
[11:50:56.607] [bmv2] [D] [thread 52613] Adding interface s4-eth2 as port 2
Adding interface s4-eth3 as port 3
[11:50:56.608] [bmv2] [D] [thread 52613] Adding interface s4-eth3 as port 3
Adding interface s4-eth4 as port 4
[11:50:56.629] [bmv2] [D] [thread 52613] Adding interface s4-eth4 as port 4
Adding interface br-s4-hw as port 5
[11:50:56.630] [bmv2] [D] [thread 52613] Adding interface br-s4-hw as port 5
Server listening on 0.0.0.0:50054
[11:50:56.645] [bmv2] [I] [thread 52613] Starting Thrift server on port 9093
[11:50:56.645] [bmv2] [I] [thread 52613] Thrift server was started
[11:50:56.716] [bmv2] [D] [thread 52623] [0.0] [cxt 0] Processing packet received on port 1
[11:50:56.716] [bmv2] [D] [thread 52623] [0.0] [cxt 0] Parser 'parser': start
[11:50:56.716] [bmv2] [D] [thread 52623] [0.0] [cxt 0] Parser 'parser' entering state 'start'
[11:50:56.716] [bmv2] [D] [thread 52623] [0.0] [cxt 0] Extracting header 'ethernet'
[11:50:56.716] [bmv2] [D] [thread 52623] [0.0] [cxt 0] Parser state 'start': key is 86dd
[11:50:56.716] [bmv2] [T] [thread 52623] [0.0] [cxt 0] Bytes parsed: 14
[11:50:56.716] [bmv2] [D] [thread 52623] [0.0] [cxt 0] Parser 'parser': end
[11:50:56.716] [bmv2] [D] [thread 52623] [0.0] [cxt 0] Pipeline 'ingress': start
[11:50:56.716] [bmv2] [T] [thread 52623] [0.0] [cxt 0] basic.p4(120) Condition "hdr.ipv4.isValid()" (node_2) is false
[11:50:56.716] [bmv2] [D] [thread 52623] [0.0] [cxt 0] Pipeline 'ingress': end
[11:50:56.716] [bmv2] [D] [thread 52623] [0.0] [cxt 0] Egress port is 0
[11:50:56.716] [bmv2] [D] [thread 52624] [0.0] [cxt 0] Pipeline 'egress': start
[11:50:56.716] [bmv2] [D] [thread 52624] [0.0] [cxt 0] Pipeline 'egress': end
[11:50:56.716] [bmv2] [D] [thread 52624] [0.0] [cxt 0] Deparser 'deparser': start
[11:50:56.716] [bmv2] [D] [thread 52624] [0.0] [cxt 0] Deparsing header 'ethernet'
[11:50:56.716] [bmv2] [D] [thread 52624] [0.0] [cxt 0] Deparser 'deparser': end
[11:50:56.716] [bmv2] [D] [thread 52628] [0.0] [cxt 0] Transmitting packet of size 220 out of port 0
[11:50:56.720] [bmv2] [D] [thread 52623] [1.0] [cxt 0] Processing packet received on port 3
[11:50:56.720] [bmv2] [D] [thread 52623] [1.0] [cxt 0] Parser 'parser': start
[11:50:56.720] [bmv2] [D] [thread 52623] [1.0] [cxt 0] Parser 'parser' entering state 'start'
[11:50:56.720] [bmv2] [D] [thread 52623] [1.0] [cxt 0] Extracting header 'ethernet'
[11:50:56.720] [bmv2] [D] [thread 52623] [1.0] [cxt 0] Parser state 'start': key is 86dd
[11:50:56.720] [bmv2] [T] [thread 52623] [1.0] [cxt 0] Bytes parsed: 14
[11:50:56.720] [bmv2] [D] [thread 52623] [1.0] [cxt 0] Parser 'parser': end
[11:50:56.720] [bmv2] [D] [thread 52623] [1.0] [cxt 0] Pipeline 'ingress': start
[11:50:56.720] [bmv2] [T] [thread 52623] [1.0] [cxt 0] basic.p4(120) Condition "hdr.ipv4.isValid()" (node_2) is false
[11:50:56.720] [bmv2] [D] [thread 52623] [1.0] [cxt 0] Pipeline 'ingress': end
[11:50:56.720] [bmv2] [D] [thread 52623] [1.0] [cxt 0] Egress port is 0
[11:50:56.720] [bmv2] [D] [thread 52624] [1.0] [cxt 0] Pipeline 'egress': start
[11:50:56.720] [bmv2] [D] [thread 52623] [2.0] [cxt 0] Processing packet received on port 3
[11:50:56.720] [bmv2] [D] [thread 52623] [2.0] [cxt 0] Parser 'parser': start
[11:50:56.720] [bmv2] [D] [thread 52624] [1.0] [cxt 0] Pipeline 'egress': end
[11:50:56.720] [bmv2] [D] [thread 52623] [2.0] [cxt 0] Parser 'parser' entering state 'start'
[11:50:56.720] [bmv2] [D] [thread 52623] [2.0] [cxt 0] Extracting header 'ethernet'
[11:50:56.720] [bmv2] [D] [thread 52624] [1.0] [cxt 0] Deparser 'deparser': start
[11:50:56.720] [bmv2] [D] [thread 52623] [2.0] [cxt 0] Parser state 'start': key is 86dd
[11:50:56.720] [bmv2] [T] [thread 52623] [2.0] [cxt 0] Bytes parsed: 14
[11:50:56.720] [bmv2] [D] [thread 52624] [1.0] [cxt 0] Deparsing header 'ethernet'
[11:50:56.720] [bmv2] [D] [thread 52624] [1.0] [cxt 0] Deparser 'deparser': end
[11:50:56.720] [bmv2] [D] [thread 52623] [2.0] [cxt 0] Parser 'parser': end
[11:50:56.720] [bmv2] [D] [thread 52623] [2.0] [cxt 0] Pipeline 'ingress': start
[11:50:56.720] [bmv2] [T] [thread 52623] [2.0] [cxt 0] basic.p4(120) Condition "hdr.ipv4.isValid()" (node_2) is false
[11:50:56.720] [bmv2] [D] [thread 52623] [2.0] [cxt 0] Pipeline 'ingress': end
[11:50:56.720] [bmv2] [D] [thread 52623] [2.0] [cxt 0] Egress port is 0
[11:50:56.720] [bmv2] [D] [thread 52624] [2.0] [cxt 0] Pipeline 'egress': start
[11:50:56.720] [bmv2] [D] [thread 52624] [2.0] [cxt 0] Pipeline 'egress': end
[11:50:56.720] [bmv2] [D] [thread 52628] [1.0] [cxt 0] Transmitting packet of size 90 out of port 0
[11:50:56.720] [bmv2] [D] [thread 52624] [2.0] [cxt 0] Deparser 'deparser': start
[11:50:56.721] [bmv2] [D] [thread 52624] [2.0] [cxt 0] Deparsing header 'ethernet'
[11:50:56.721] [bmv2] [D] [thread 52624] [2.0] [cxt 0] Deparser 'deparser': end
[11:50:56.721] [bmv2] [D] [thread 52628] [2.0] [cxt 0] Transmitting packet of size 70 out of port 0
[11:50:56.726] [bmv2] [D] [thread 52623] [3.0] [cxt 0] Processing packet received on port 3
[11:50:56.726] [bmv2] [D] [thread 52623] [3.0] [cxt 0] Parser 'parser': start
[11:50:56.726] [bmv2] [D] [thread 52623] [3.0] [cxt 0] Parser 'parser' entering state 'start'
[11:50:56.726] [bmv2] [D] [thread 52623] [3.0] [cxt 0] Extracting header 'ethernet'
[11:50:56.726] [bmv2] [D] [thread 52623] [3.0] [cxt 0] Parser state 'start': key is 86dd
[11:50:56.726] [bmv2] [T] [thread 52623] [3.0] [cxt 0] Bytes parsed: 14
[11:50:56.726] [bmv2] [D] [thread 52623] [3.0] [cxt 0] Parser 'parser': end
[11:50:56.726] [bmv2] [D] [thread 52623] [3.0] [cxt 0] Pipeline 'ingress': start
[11:50:56.726] [bmv2] [T] [thread 52623] [3.0] [cxt 0] basic.p4(120) Condition "hdr.ipv4.isValid()" (node_2) is false
[11:50:56.726] [bmv2] [D] [thread 52623] [3.0] [cxt 0] Pipeline 'ingress': end
[11:50:56.726] [bmv2] [D] [thread 52623] [3.0] [cxt 0] Egress port is 0
[11:50:56.726] [bmv2] [D] [thread 52624] [3.0] [cxt 0] Pipeline 'egress': start
[11:50:56.726] [bmv2] [D] [thread 52624] [3.0] [cxt 0] Pipeline 'egress': end
[11:50:56.726] [bmv2] [D] [thread 52624] [3.0] [cxt 0] Deparser 'deparser': start
[11:50:56.726] [bmv2] [D] [thread 52624] [3.0] [cxt 0] Deparsing header 'ethernet'
[11:50:56.726] [bmv2] [D] [thread 52624] [3.0] [cxt 0] Deparser 'deparser': end
[11:50:56.726] [bmv2] [D] [thread 52628] [3.0] [cxt 0] Transmitting packet of size 90 out of port 0
[11:50:56.823] [bmv2] [D] [thread 52623] [4.0] [cxt 0] Processing packet received on port 3
[11:50:56.823] [bmv2] [D] [thread 52623] [4.0] [cxt 0] Parser 'parser': start
[11:50:56.823] [bmv2] [D] [thread 52623] [4.0] [cxt 0] Parser 'parser' entering state 'start'
[11:50:56.823] [bmv2] [D] [thread 52623] [4.0] [cxt 0] Extracting header 'ethernet'
[11:50:56.823] [bmv2] [D] [thread 52623] [4.0] [cxt 0] Parser state 'start': key is 86dd
[11:50:56.823] [bmv2] [T] [thread 52623] [4.0] [cxt 0] Bytes parsed: 14
[11:50:56.823] [bmv2] [D] [thread 52623] [4.0] [cxt 0] Parser 'parser': end
[11:50:56.823] [bmv2] [D] [thread 52623] [4.0] [cxt 0] Pipeline 'ingress': start
[11:50:56.823] [bmv2] [T] [thread 52623] [4.0] [cxt 0] basic.p4(120) Condition "hdr.ipv4.isValid()" (node_2) is false
[11:50:56.823] [bmv2] [D] [thread 52623] [4.0] [cxt 0] Pipeline 'ingress': end
[11:50:56.823] [bmv2] [D] [thread 52623] [4.0] [cxt 0] Egress port is 0
[11:50:56.823] [bmv2] [D] [thread 52624] [4.0] [cxt 0] Pipeline 'egress': start
[11:50:56.823] [bmv2] [D] [thread 52624] [4.0] [cxt 0] Pipeline 'egress': end
[11:50:56.823] [bmv2] [D] [thread 52624] [4.0] [cxt 0] Deparser 'deparser': start
[11:50:56.823] [bmv2] [D] [thread 52624] [4.0] [cxt 0] Deparsing header 'ethernet'
[11:50:56.823] [bmv2] [D] [thread 52624] [4.0] [cxt 0] Deparser 'deparser': end
[11:50:56.823] [bmv2] [D] [thread 52628] [4.0] [cxt 0] Transmitting packet of size 107 out of port 0
[11:50:56.844] [bmv2] [D] [thread 52623] [5.0] [cxt 0] Processing packet received on port 3
[11:50:56.844] [bmv2] [D] [thread 52623] [5.0] [cxt 0] Parser 'parser': start
[11:50:56.844] [bmv2] [D] [thread 52623] [5.0] [cxt 0] Parser 'parser' entering state 'start'
[11:50:56.844] [bmv2] [D] [thread 52623] [5.0] [cxt 0] Extracting header 'ethernet'
[11:50:56.844] [bmv2] [D] [thread 52623] [5.0] [cxt 0] Parser state 'start': key is 86dd
[11:50:56.844] [bmv2] [T] [thread 52623] [5.0] [cxt 0] Bytes parsed: 14
[11:50:56.844] [bmv2] [D] [thread 52623] [5.0] [cxt 0] Parser 'parser': end
[11:50:56.844] [bmv2] [D] [thread 52623] [5.0] [cxt 0] Pipeline 'ingress': start
[11:50:56.844] [bmv2] [T] [thread 52623] [5.0] [cxt 0] basic.p4(120) Condition "hdr.ipv4.isValid()" (node_2) is false
[11:50:56.844] [bmv2] [D] [thread 52623] [5.0] [cxt 0] Pipeline 'ingress': end
[11:50:56.844] [bmv2] [D] [thread 52623] [5.0] [cxt 0] Egress port is 0
[11:50:56.844] [bmv2] [D] [thread 52624] [5.0] [cxt 0] Pipeline 'egress': start
[11:50:56.844] [bmv2] [D] [thread 52624] [5.0] [cxt 0] Pipeline 'egress': end
[11:50:56.844] [bmv2] [D] [thread 52624] [5.0] [cxt 0] Deparser 'deparser': start
[11:50:56.844] [bmv2] [D] [thread 52624] [5.0] [cxt 0] Deparsing header 'ethernet'
[11:50:56.844] [bmv2] [D] [thread 52624] [5.0] [cxt 0] Deparser 'deparser': end
[11:50:56.844] [bmv2] [D] [thread 52628] [5.0] [cxt 0] Transmitting packet of size 220 out of port 0
[11:50:56.845] [bmv2] [D] [thread 52623] [6.0] [cxt 0] Processing packet received on port 2
[11:50:56.845] [bmv2] [D] [thread 52623] [6.0] [cxt 0] Parser 'parser': start
[11:50:56.845] [bmv2] [D] [thread 52623] [6.0] [cxt 0] Parser 'parser' entering state 'start'
[11:50:56.845] [bmv2] [D] [thread 52623] [6.0] [cxt 0] Extracting header 'ethernet'
[11:50:56.845] [bmv2] [D] [thread 52623] [6.0] [cxt 0] Parser state 'start': key is 86dd
[11:50:56.845] [bmv2] [T] [thread 52623] [6.0] [cxt 0] Bytes parsed: 14
[11:50:56.845] [bmv2] [D] [thread 52623] [6.0] [cxt 0] Parser 'parser': end
[11:50:56.845] [bmv2] [D] [thread 52623] [6.0] [cxt 0] Pipeline 'ingress': start
[11:50:56.845] [bmv2] [T] [thread 52623] [6.0] [cxt 0] basic.p4(120) Condition "hdr.ipv4.isValid()" (node_2) is false
[11:50:56.845] [bmv2] [D] [thread 52623] [6.0] [cxt 0] Pipeline 'ingress': end
[11:50:56.845] [bmv2] [D] [thread 52623] [6.0] [cxt 0] Egress port is 0
[11:50:56.845] [bmv2] [D] [thread 52624] [6.0] [cxt 0] Pipeline 'egress': start
[11:50:56.845] [bmv2] [D] [thread 52624] [6.0] [cxt 0] Pipeline 'egress': end
[11:50:56.845] [bmv2] [D] [thread 52624] [6.0] [cxt 0] Deparser 'deparser': start
[11:50:56.845] [bmv2] [D] [thread 52624] [6.0] [cxt 0] Deparsing header 'ethernet'
[11:50:56.845] [bmv2] [D] [thread 52624] [6.0] [cxt 0] Deparser 'deparser': end
[11:50:56.845] [bmv2] [D] [thread 52628] [6.0] [cxt 0] Transmitting packet of size 220 out of port 0
[11:50:56.847] [bmv2] [D] [thread 52623] [7.0] [cxt 0] Processing packet received on port 4
[11:50:56.847] [bmv2] [D] [thread 52623] [7.0] [cxt 0] Parser 'parser': start
[11:50:56.847] [bmv2] [D] [thread 52623] [7.0] [cxt 0] Parser 'parser' entering state 'start'
[11:50:56.847] [bmv2] [D] [thread 52623] [7.0] [cxt 0] Extracting header 'ethernet'
[11:50:56.847] [bmv2] [D] [thread 52623] [7.0] [cxt 0] Parser state 'start': key is 86dd
[11:50:56.847] [bmv2] [T] [thread 52623] [7.0] [cxt 0] Bytes parsed: 14
[11:50:56.847] [bmv2] [D] [thread 52623] [7.0] [cxt 0] Parser 'parser': end
[11:50:56.847] [bmv2] [D] [thread 52623] [7.0] [cxt 0] Pipeline 'ingress': start
[11:50:56.847] [bmv2] [T] [thread 52623] [7.0] [cxt 0] basic.p4(120) Condition "hdr.ipv4.isValid()" (node_2) is false
[11:50:56.847] [bmv2] [D] [thread 52623] [7.0] [cxt 0] Pipeline 'ingress': end
[11:50:56.847] [bmv2] [D] [thread 52623] [7.0] [cxt 0] Egress port is 0
[11:50:56.847] [bmv2] [D] [thread 52623] [8.0] [cxt 0] Processing packet received on port 4
[11:50:56.847] [bmv2] [D] [thread 52623] [8.0] [cxt 0] Parser 'parser': start
[11:50:56.847] [bmv2] [D] [thread 52623] [8.0] [cxt 0] Parser 'parser' entering state 'start'
[11:50:56.847] [bmv2] [D] [thread 52623] [8.0] [cxt 0] Extracting header 'ethernet'
[11:50:56.847] [bmv2] [D] [thread 52624] [7.0] [cxt 0] Pipeline 'egress': start
[11:50:56.847] [bmv2] [D] [thread 52624] [7.0] [cxt 0] Pipeline 'egress': end
[11:50:56.847] [bmv2] [D] [thread 52623] [8.0] [cxt 0] Parser state 'start': key is 86dd
[11:50:56.847] [bmv2] [D] [thread 52624] [7.0] [cxt 0] Deparser 'deparser': start
[11:50:56.847] [bmv2] [D] [thread 52624] [7.0] [cxt 0] Deparsing header 'ethernet'
[11:50:56.847] [bmv2] [D] [thread 52624] [7.0] [cxt 0] Deparser 'deparser': end
[11:50:56.847] [bmv2] [D] [thread 52628] [7.0] [cxt 0] Transmitting packet of size 90 out of port 0
[11:50:56.847] [bmv2] [T] [thread 52623] [8.0] [cxt 0] Bytes parsed: 14
[11:50:56.848] [bmv2] [D] [thread 52623] [8.0] [cxt 0] Parser 'parser': end
[11:50:56.848] [bmv2] [D] [thread 52623] [8.0] [cxt 0] Pipeline 'ingress': start
[11:50:56.848] [bmv2] [T] [thread 52623] [8.0] [cxt 0] basic.p4(120) Condition "hdr.ipv4.isValid()" (node_2) is false
[11:50:56.848] [bmv2] [D] [thread 52623] [8.0] [cxt 0] Pipeline 'ingress': end
[11:50:56.848] [bmv2] [D] [thread 52623] [8.0] [cxt 0] Egress port is 0
[11:50:56.848] [bmv2] [D] [thread 52624] [8.0] [cxt 0] Pipeline 'egress': start
[11:50:56.848] [bmv2] [D] [thread 52624] [8.0] [cxt 0] Pipeline 'egress': end
[11:50:56.848] [bmv2] [D] [thread 52624] [8.0] [cxt 0] Deparser 'deparser': start
[11:50:56.848] [bmv2] [D] [thread 52624] [8.0] [cxt 0] Deparsing header 'ethernet'
[11:50:56.848] [bmv2] [D] [thread 52624] [8.0] [cxt 0] Deparser 'deparser': end
[11:50:56.848] [bmv2] [D] [thread 52628] [8.0] [cxt 0] Transmitting packet of size 70 out of port 0
[11:50:56.851] [bmv2] [D] [thread 52623] [9.0] [cxt 0] Processing packet received on port 4
[11:50:56.851] [bmv2] [D] [thread 52623] [9.0] [cxt 0] Parser 'parser': start
[11:50:56.851] [bmv2] [D] [thread 52623] [9.0] [cxt 0] Parser 'parser' entering state 'start'
[11:50:56.851] [bmv2] [D] [thread 52623] [9.0] [cxt 0] Extracting header 'ethernet'
[11:50:56.851] [bmv2] [D] [thread 52623] [9.0] [cxt 0] Parser state 'start': key is 86dd
[11:50:56.851] [bmv2] [T] [thread 52623] [9.0] [cxt 0] Bytes parsed: 14
[11:50:56.851] [bmv2] [D] [thread 52623] [9.0] [cxt 0] Parser 'parser': end
[11:50:56.851] [bmv2] [D] [thread 52623] [9.0] [cxt 0] Pipeline 'ingress': start
[11:50:56.851] [bmv2] [T] [thread 52623] [9.0] [cxt 0] basic.p4(120) Condition "hdr.ipv4.isValid()" (node_2) is false
[11:50:56.851] [bmv2] [D] [thread 52623] [9.0] [cxt 0] Pipeline 'ingress': end
[11:50:56.851] [bmv2] [D] [thread 52623] [9.0] [cxt 0] Egress port is 0
[11:50:56.851] [bmv2] [D] [thread 52624] [9.0] [cxt 0] Pipeline 'egress': start
[11:50:56.851] [bmv2] [D] [thread 52624] [9.0] [cxt 0] Pipeline 'egress': end
[11:50:56.851] [bmv2] [D] [thread 52624] [9.0] [cxt 0] Deparser 'deparser': start
[11:50:56.851] [bmv2] [D] [thread 52624] [9.0] [cxt 0] Deparsing header 'ethernet'
[11:50:56.851] [bmv2] [D] [thread 52624] [9.0] [cxt 0] Deparser 'deparser': end
[11:50:56.851] [bmv2] [D] [thread 52628] [9.0] [cxt 0] Transmitting packet of size 90 out of port 0
[11:50:56.951] [bmv2] [D] [thread 52623] [10.0] [cxt 0] Processing packet received on port 4
[11:50:56.951] [bmv2] [D] [thread 52623] [10.0] [cxt 0] Parser 'parser': start
[11:50:56.951] [bmv2] [D] [thread 52623] [10.0] [cxt 0] Parser 'parser' entering state 'start'
[11:50:56.951] [bmv2] [D] [thread 52623] [10.0] [cxt 0] Extracting header 'ethernet'
[11:50:56.951] [bmv2] [D] [thread 52623] [10.0] [cxt 0] Parser state 'start': key is 86dd
[11:50:56.951] [bmv2] [T] [thread 52623] [10.0] [cxt 0] Bytes parsed: 14
[11:50:56.951] [bmv2] [D] [thread 52623] [10.0] [cxt 0] Parser 'parser': end
[11:50:56.951] [bmv2] [D] [thread 52623] [10.0] [cxt 0] Pipeline 'ingress': start
[11:50:56.951] [bmv2] [T] [thread 52623] [10.0] [cxt 0] basic.p4(120) Condition "hdr.ipv4.isValid()" (node_2) is false
[11:50:56.951] [bmv2] [D] [thread 52623] [10.0] [cxt 0] Pipeline 'ingress': end
[11:50:56.951] [bmv2] [D] [thread 52623] [10.0] [cxt 0] Egress port is 0
[11:50:56.951] [bmv2] [D] [thread 52624] [10.0] [cxt 0] Pipeline 'egress': start
[11:50:56.951] [bmv2] [D] [thread 52624] [10.0] [cxt 0] Pipeline 'egress': end
[11:50:56.951] [bmv2] [D] [thread 52624] [10.0] [cxt 0] Deparser 'deparser': start
[11:50:56.951] [bmv2] [D] [thread 52624] [10.0] [cxt 0] Deparsing header 'ethernet'
[11:50:56.951] [bmv2] [D] [thread 52624] [10.0] [cxt 0] Deparser 'deparser': end
[11:50:56.951] [bmv2] [D] [thread 52628] [10.0] [cxt 0] Transmitting packet of size 107 out of port 0
[11:50:56.959] [bmv2] [D] [thread 52623] [11.0] [cxt 0] Processing packet received on port 2
[11:50:56.959] [bmv2] [D] [thread 52623] [11.0] [cxt 0] Parser 'parser': start
[11:50:56.959] [bmv2] [D] [thread 52623] [11.0] [cxt 0] Parser 'parser' entering state 'start'
[11:50:56.959] [bmv2] [D] [thread 52623] [11.0] [cxt 0] Extracting header 'ethernet'
[11:50:56.959] [bmv2] [D] [thread 52623] [11.0] [cxt 0] Parser state 'start': key is 86dd
[11:50:56.959] [bmv2] [T] [thread 52623] [11.0] [cxt 0] Bytes parsed: 14
[11:50:56.959] [bmv2] [D] [thread 52623] [11.0] [cxt 0] Parser 'parser': end
[11:50:56.959] [bmv2] [D] [thread 52623] [11.0] [cxt 0] Pipeline 'ingress': start
[11:50:56.959] [bmv2] [T] [thread 52623] [11.0] [cxt 0] basic.p4(120) Condition "hdr.ipv4.isValid()" (node_2) is false
[11:50:56.959] [bmv2] [D] [thread 52623] [11.0] [cxt 0] Pipeline 'ingress': end
[11:50:56.959] [bmv2] [D] [thread 52623] [11.0] [cxt 0] Egress port is 0
[11:50:56.959] [bmv2] [D] [thread 52624] [11.0] [cxt 0] Pipeline 'egress': start
[11:50:56.959] [bmv2] [D] [thread 52624] [11.0] [cxt 0] Pipeline 'egress': end
[11:50:56.959] [bmv2] [D] [thread 52624] [11.0] [cxt 0] Deparser 'deparser': start
[11:50:56.959] [bmv2] [D] [thread 52624] [11.0] [cxt 0] Deparsing header 'ethernet'
[11:50:56.959] [bmv2] [D] [thread 52624] [11.0] [cxt 0] Deparser 'deparser': end
[11:50:56.959] [bmv2] [D] [thread 52628] [11.0] [cxt 0] Transmitting packet of size 90 out of port 0
[11:50:56.970] [bmv2] [D] [thread 52623] [12.0] [cxt 0] Processing packet received on port 1
[11:50:56.970] [bmv2] [D] [thread 52623] [12.0] [cxt 0] Parser 'parser': start
[11:50:56.970] [bmv2] [D] [thread 52623] [12.0] [cxt 0] Parser 'parser' entering state 'start'
[11:50:56.970] [bmv2] [D] [thread 52623] [12.0] [cxt 0] Extracting header 'ethernet'
[11:50:56.970] [bmv2] [D] [thread 52623] [12.0] [cxt 0] Parser state 'start': key is 86dd
[11:50:56.970] [bmv2] [T] [thread 52623] [12.0] [cxt 0] Bytes parsed: 14
[11:50:56.970] [bmv2] [D] [thread 52623] [12.0] [cxt 0] Parser 'parser': end
[11:50:56.970] [bmv2] [D] [thread 52623] [12.0] [cxt 0] Pipeline 'ingress': start
[11:50:56.970] [bmv2] [T] [thread 52623] [12.0] [cxt 0] basic.p4(120) Condition "hdr.ipv4.isValid()" (node_2) is false
[11:50:56.970] [bmv2] [D] [thread 52623] [12.0] [cxt 0] Pipeline 'ingress': end
[11:50:56.970] [bmv2] [D] [thread 52623] [12.0] [cxt 0] Egress port is 0
[11:50:56.970] [bmv2] [D] [thread 52624] [12.0] [cxt 0] Pipeline 'egress': start
[11:50:56.970] [bmv2] [D] [thread 52624] [12.0] [cxt 0] Pipeline 'egress': end
[11:50:56.970] [bmv2] [D] [thread 52624] [12.0] [cxt 0] Deparser 'deparser': start
[11:50:56.970] [bmv2] [D] [thread 52624] [12.0] [cxt 0] Deparsing header 'ethernet'
[11:50:56.970] [bmv2] [D] [thread 52624] [12.0] [cxt 0] Deparser 'deparser': end
[11:50:56.970] [bmv2] [D] [thread 52628] [12.0] [cxt 0] Transmitting packet of size 220 out of port 0
[11:50:56.972] [bmv2] [D] [thread 52623] [13.0] [cxt 0] Processing packet received on port 4
[11:50:56.972] [bmv2] [D] [thread 52623] [13.0] [cxt 0] Parser 'parser': start
[11:50:56.972] [bmv2] [D] [thread 52623] [13.0] [cxt 0] Parser 'parser' entering state 'start'
[11:50:56.972] [bmv2] [D] [thread 52623] [13.0] [cxt 0] Extracting header 'ethernet'
[11:50:56.972] [bmv2] [D] [thread 52623] [13.0] [cxt 0] Parser state 'start': key is 86dd
[11:50:56.972] [bmv2] [T] [thread 52623] [13.0] [cxt 0] Bytes parsed: 14
[11:50:56.972] [bmv2] [D] [thread 52623] [13.0] [cxt 0] Parser 'parser': end
[11:50:56.972] [bmv2] [D] [thread 52623] [13.0] [cxt 0] Pipeline 'ingress': start
[11:50:56.972] [bmv2] [T] [thread 52623] [13.0] [cxt 0] basic.p4(120) Condition "hdr.ipv4.isValid()" (node_2) is false
[11:50:56.972] [bmv2] [D] [thread 52623] [13.0] [cxt 0] Pipeline 'ingress': end
[11:50:56.972] [bmv2] [D] [thread 52623] [13.0] [cxt 0] Egress port is 0
[11:50:56.972] [bmv2] [D] [thread 52624] [13.0] [cxt 0] Pipeline 'egress': start
[11:50:56.972] [bmv2] [D] [thread 52624] [13.0] [cxt 0] Pipeline 'egress': end
[11:50:56.972] [bmv2] [D] [thread 52624] [13.0] [cxt 0] Deparser 'deparser': start
[11:50:56.972] [bmv2] [D] [thread 52624] [13.0] [cxt 0] Deparsing header 'ethernet'
[11:50:56.972] [bmv2] [D] [thread 52624] [13.0] [cxt 0] Deparser 'deparser': end
[11:50:56.972] [bmv2] [D] [thread 52628] [13.0] [cxt 0] Transmitting packet of size 220 out of port 0
[11:50:57.097] [bmv2] [D] [thread 52623] [14.0] [cxt 0] Processing packet received on port 3
[11:50:57.097] [bmv2] [D] [thread 52623] [14.0] [cxt 0] Parser 'parser': start
[11:50:57.097] [bmv2] [D] [thread 52623] [14.0] [cxt 0] Parser 'parser' entering state 'start'
[11:50:57.097] [bmv2] [D] [thread 52623] [14.0] [cxt 0] Extracting header 'ethernet'
[11:50:57.097] [bmv2] [D] [thread 52623] [14.0] [cxt 0] Parser state 'start': key is 86dd
[11:50:57.097] [bmv2] [T] [thread 52623] [14.0] [cxt 0] Bytes parsed: 14
[11:50:57.097] [bmv2] [D] [thread 52623] [14.0] [cxt 0] Parser 'parser': end
[11:50:57.097] [bmv2] [D] [thread 52623] [14.0] [cxt 0] Pipeline 'ingress': start
[11:50:57.097] [bmv2] [T] [thread 52623] [14.0] [cxt 0] basic.p4(120) Condition "hdr.ipv4.isValid()" (node_2) is false
[11:50:57.097] [bmv2] [D] [thread 52623] [14.0] [cxt 0] Pipeline 'ingress': end
[11:50:57.097] [bmv2] [D] [thread 52623] [14.0] [cxt 0] Egress port is 0
[11:50:57.097] [bmv2] [D] [thread 52624] [14.0] [cxt 0] Pipeline 'egress': start
[11:50:57.097] [bmv2] [D] [thread 52624] [14.0] [cxt 0] Pipeline 'egress': end
[11:50:57.097] [bmv2] [D] [thread 52624] [14.0] [cxt 0] Deparser 'deparser': start
[11:50:57.097] [bmv2] [D] [thread 52624] [14.0] [cxt 0] Deparsing header 'ethernet'
[11:50:57.097] [bmv2] [D] [thread 52624] [14.0] [cxt 0] Deparser 'deparser': end
[11:50:57.097] [bmv2] [D] [thread 52628] [14.0] [cxt 0] Transmitting packet of size 220 out of port 0
[11:50:57.099] [bmv2] [D] [thread 52623] [15.0] [cxt 0] Processing packet received on port 2
[11:50:57.099] [bmv2] [D] [thread 52623] [15.0] [cxt 0] Parser 'parser': start
[11:50:57.099] [bmv2] [D] [thread 52623] [15.0] [cxt 0] Parser 'parser' entering state 'start'
[11:50:57.099] [bmv2] [D] [thread 52623] [15.0] [cxt 0] Extracting header 'ethernet'
[11:50:57.099] [bmv2] [D] [thread 52623] [15.0] [cxt 0] Parser state 'start': key is 86dd
[11:50:57.099] [bmv2] [T] [thread 52623] [15.0] [cxt 0] Bytes parsed: 14
[11:50:57.099] [bmv2] [D] [thread 52623] [15.0] [cxt 0] Parser 'parser': end
[11:50:57.099] [bmv2] [D] [thread 52623] [15.0] [cxt 0] Pipeline 'ingress': start
[11:50:57.099] [bmv2] [T] [thread 52623] [15.0] [cxt 0] basic.p4(120) Condition "hdr.ipv4.isValid()" (node_2) is false
[11:50:57.099] [bmv2] [D] [thread 52623] [15.0] [cxt 0] Pipeline 'ingress': end
[11:50:57.099] [bmv2] [D] [thread 52623] [15.0] [cxt 0] Egress port is 0
[11:50:57.099] [bmv2] [D] [thread 52624] [15.0] [cxt 0] Pipeline 'egress': start
[11:50:57.099] [bmv2] [D] [thread 52624] [15.0] [cxt 0] Pipeline 'egress': end
[11:50:57.099] [bmv2] [D] [thread 52624] [15.0] [cxt 0] Deparser 'deparser': start
[11:50:57.099] [bmv2] [D] [thread 52624] [15.0] [cxt 0] Deparsing header 'ethernet'
[11:50:57.099] [bmv2] [D] [thread 52624] [15.0] [cxt 0] Deparser 'deparser': end
[11:50:57.099] [bmv2] [D] [thread 52628] [15.0] [cxt 0] Transmitting packet of size 220 out of port 0
[11:50:57.103] [bmv2] [D] [thread 52623] [16.0] [cxt 0] Processing packet received on port 4
[11:50:57.103] [bmv2] [D] [thread 52623] [16.0] [cxt 0] Parser 'parser': start
[11:50:57.103] [bmv2] [D] [thread 52623] [16.0] [cxt 0] Parser 'parser' entering state 'start'
[11:50:57.103] [bmv2] [D] [thread 52623] [16.0] [cxt 0] Extracting header 'ethernet'
[11:50:57.103] [bmv2] [D] [thread 52623] [16.0] [cxt 0] Parser state 'start': key is 86dd
[11:50:57.103] [bmv2] [T] [thread 52623] [16.0] [cxt 0] Bytes parsed: 14
[11:50:57.103] [bmv2] [D] [thread 52623] [16.0] [cxt 0] Parser 'parser': end
[11:50:57.103] [bmv2] [D] [thread 52623] [16.0] [cxt 0] Pipeline 'ingress': start
[11:50:57.103] [bmv2] [T] [thread 52623] [16.0] [cxt 0] basic.p4(120) Condition "hdr.ipv4.isValid()" (node_2) is false
[11:50:57.103] [bmv2] [D] [thread 52623] [16.0] [cxt 0] Pipeline 'ingress': end
[11:50:57.103] [bmv2] [D] [thread 52623] [16.0] [cxt 0] Egress port is 0
[11:50:57.103] [bmv2] [D] [thread 52623] [17.0] [cxt 0] Processing packet received on port 4
[11:50:57.103] [bmv2] [D] [thread 52623] [17.0] [cxt 0] Parser 'parser': start
[11:50:57.103] [bmv2] [D] [thread 52623] [17.0] [cxt 0] Parser 'parser' entering state 'start'
[11:50:57.103] [bmv2] [D] [thread 52623] [17.0] [cxt 0] Extracting header 'ethernet'
[11:50:57.103] [bmv2] [D] [thread 52623] [17.0] [cxt 0] Parser state 'start': key is 86dd
[11:50:57.103] [bmv2] [T] [thread 52623] [17.0] [cxt 0] Bytes parsed: 14
[11:50:57.103] [bmv2] [D] [thread 52623] [17.0] [cxt 0] Parser 'parser': end
[11:50:57.103] [bmv2] [D] [thread 52623] [17.0] [cxt 0] Pipeline 'ingress': start
[11:50:57.103] [bmv2] [T] [thread 52623] [17.0] [cxt 0] basic.p4(120) Condition "hdr.ipv4.isValid()" (node_2) is false
[11:50:57.103] [bmv2] [D] [thread 52623] [17.0] [cxt 0] Pipeline 'ingress': end
[11:50:57.103] [bmv2] [D] [thread 52623] [17.0] [cxt 0] Egress port is 0
[11:50:57.103] [bmv2] [D] [thread 52624] [16.0] [cxt 0] Pipeline 'egress': start
[11:50:57.103] [bmv2] [D] [thread 52624] [16.0] [cxt 0] Pipeline 'egress': end
[11:50:57.103] [bmv2] [D] [thread 52624] [16.0] [cxt 0] Deparser 'deparser': start
[11:50:57.103] [bmv2] [D] [thread 52624] [16.0] [cxt 0] Deparsing header 'ethernet'
[11:50:57.103] [bmv2] [D] [thread 52624] [16.0] [cxt 0] Deparser 'deparser': end
[11:50:57.103] [bmv2] [D] [thread 52624] [17.0] [cxt 0] Pipeline 'egress': start
[11:50:57.103] [bmv2] [D] [thread 52624] [17.0] [cxt 0] Pipeline 'egress': end
[11:50:57.103] [bmv2] [D] [thread 52624] [17.0] [cxt 0] Deparser 'deparser': start
[11:50:57.103] [bmv2] [D] [thread 52624] [17.0] [cxt 0] Deparsing header 'ethernet'
[11:50:57.103] [bmv2] [D] [thread 52624] [17.0] [cxt 0] Deparser 'deparser': end
[11:50:57.103] [bmv2] [D] [thread 52628] [16.0] [cxt 0] Transmitting packet of size 90 out of port 0
[11:50:57.103] [bmv2] [D] [thread 52628] [17.0] [cxt 0] Transmitting packet of size 70 out of port 0
[11:50:57.107] [bmv2] [D] [thread 52623] [18.0] [cxt 0] Processing packet received on port 4
[11:50:57.107] [bmv2] [D] [thread 52623] [18.0] [cxt 0] Parser 'parser': start
[11:50:57.107] [bmv2] [D] [thread 52623] [18.0] [cxt 0] Parser 'parser' entering state 'start'
[11:50:57.107] [bmv2] [D] [thread 52623] [18.0] [cxt 0] Extracting header 'ethernet'
[11:50:57.107] [bmv2] [D] [thread 52623] [18.0] [cxt 0] Parser state 'start': key is 86dd
[11:50:57.107] [bmv2] [T] [thread 52623] [18.0] [cxt 0] Bytes parsed: 14
[11:50:57.107] [bmv2] [D] [thread 52623] [18.0] [cxt 0] Parser 'parser': end
[11:50:57.107] [bmv2] [D] [thread 52623] [18.0] [cxt 0] Pipeline 'ingress': start
[11:50:57.107] [bmv2] [T] [thread 52623] [18.0] [cxt 0] basic.p4(120) Condition "hdr.ipv4.isValid()" (node_2) is false
[11:50:57.107] [bmv2] [D] [thread 52623] [18.0] [cxt 0] Pipeline 'ingress': end
[11:50:57.107] [bmv2] [D] [thread 52623] [18.0] [cxt 0] Egress port is 0
[11:50:57.107] [bmv2] [D] [thread 52624] [18.0] [cxt 0] Pipeline 'egress': start
[11:50:57.107] [bmv2] [D] [thread 52624] [18.0] [cxt 0] Pipeline 'egress': end
[11:50:57.107] [bmv2] [D] [thread 52624] [18.0] [cxt 0] Deparser 'deparser': start
[11:50:57.107] [bmv2] [D] [thread 52624] [18.0] [cxt 0] Deparsing header 'ethernet'
[11:50:57.107] [bmv2] [D] [thread 52624] [18.0] [cxt 0] Deparser 'deparser': end
[11:50:57.107] [bmv2] [D] [thread 52628] [18.0] [cxt 0] Transmitting packet of size 90 out of port 0
[11:50:57.127] [bmv2] [D] [thread 52623] [19.0] [cxt 0] Processing packet received on port 3
[11:50:57.127] [bmv2] [D] [thread 52623] [19.0] [cxt 0] Parser 'parser': start
[11:50:57.127] [bmv2] [D] [thread 52623] [19.0] [cxt 0] Parser 'parser' entering state 'start'
[11:50:57.127] [bmv2] [D] [thread 52623] [19.0] [cxt 0] Extracting header 'ethernet'
[11:50:57.127] [bmv2] [D] [thread 52623] [19.0] [cxt 0] Parser state 'start': key is 86dd
[11:50:57.127] [bmv2] [T] [thread 52623] [19.0] [cxt 0] Bytes parsed: 14
[11:50:57.127] [bmv2] [D] [thread 52623] [19.0] [cxt 0] Parser 'parser': end
[11:50:57.127] [bmv2] [D] [thread 52623] [19.0] [cxt 0] Pipeline 'ingress': start
[11:50:57.127] [bmv2] [T] [thread 52623] [19.0] [cxt 0] basic.p4(120) Condition "hdr.ipv4.isValid()" (node_2) is false
[11:50:57.127] [bmv2] [D] [thread 52623] [19.0] [cxt 0] Pipeline 'ingress': end
[11:50:57.127] [bmv2] [D] [thread 52623] [19.0] [cxt 0] Egress port is 0
[11:50:57.127] [bmv2] [D] [thread 52624] [19.0] [cxt 0] Pipeline 'egress': start
[11:50:57.127] [bmv2] [D] [thread 52624] [19.0] [cxt 0] Pipeline 'egress': end
[11:50:57.127] [bmv2] [D] [thread 52624] [19.0] [cxt 0] Deparser 'deparser': start
[11:50:57.127] [bmv2] [D] [thread 52624] [19.0] [cxt 0] Deparsing header 'ethernet'
[11:50:57.127] [bmv2] [D] [thread 52624] [19.0] [cxt 0] Deparser 'deparser': end
[11:50:57.127] [bmv2] [D] [thread 52628] [19.0] [cxt 0] Transmitting packet of size 90 out of port 0
[11:50:57.173] [bmv2] [D] [thread 52623] [20.0] [cxt 0] Processing packet received on port 1
[11:50:57.173] [bmv2] [D] [thread 52623] [20.0] [cxt 0] Parser 'parser': start
[11:50:57.173] [bmv2] [D] [thread 52623] [20.0] [cxt 0] Parser 'parser' entering state 'start'
[11:50:57.173] [bmv2] [D] [thread 52623] [20.0] [cxt 0] Extracting header 'ethernet'
[11:50:57.173] [bmv2] [D] [thread 52623] [20.0] [cxt 0] Parser state 'start': key is 86dd
[11:50:57.173] [bmv2] [T] [thread 52623] [20.0] [cxt 0] Bytes parsed: 14
[11:50:57.173] [bmv2] [D] [thread 52623] [20.0] [cxt 0] Parser 'parser': end
[11:50:57.173] [bmv2] [D] [thread 52623] [20.0] [cxt 0] Pipeline 'ingress': start
[11:50:57.173] [bmv2] [T] [thread 52623] [20.0] [cxt 0] basic.p4(120) Condition "hdr.ipv4.isValid()" (node_2) is false
[11:50:57.173] [bmv2] [D] [thread 52623] [20.0] [cxt 0] Pipeline 'ingress': end
[11:50:57.173] [bmv2] [D] [thread 52623] [20.0] [cxt 0] Egress port is 0
[11:50:57.173] [bmv2] [D] [thread 52624] [20.0] [cxt 0] Pipeline 'egress': start
[11:50:57.173] [bmv2] [D] [thread 52624] [20.0] [cxt 0] Pipeline 'egress': end
[11:50:57.173] [bmv2] [D] [thread 52624] [20.0] [cxt 0] Deparser 'deparser': start
[11:50:57.173] [bmv2] [D] [thread 52624] [20.0] [cxt 0] Deparsing header 'ethernet'
[11:50:57.173] [bmv2] [D] [thread 52624] [20.0] [cxt 0] Deparser 'deparser': end
[11:50:57.173] [bmv2] [D] [thread 52628] [20.0] [cxt 0] Transmitting packet of size 208 out of port 0
[11:50:57.207] [bmv2] [D] [thread 52623] [21.0] [cxt 0] Processing packet received on port 4
[11:50:57.207] [bmv2] [D] [thread 52623] [21.0] [cxt 0] Parser 'parser': start
[11:50:57.207] [bmv2] [D] [thread 52623] [21.0] [cxt 0] Parser 'parser' entering state 'start'
[11:50:57.207] [bmv2] [D] [thread 52623] [21.0] [cxt 0] Extracting header 'ethernet'
[11:50:57.207] [bmv2] [D] [thread 52623] [21.0] [cxt 0] Parser state 'start': key is 86dd
[11:50:57.207] [bmv2] [T] [thread 52623] [21.0] [cxt 0] Bytes parsed: 14
[11:50:57.207] [bmv2] [D] [thread 52623] [21.0] [cxt 0] Parser 'parser': end
[11:50:57.207] [bmv2] [D] [thread 52623] [21.0] [cxt 0] Pipeline 'ingress': start
[11:50:57.207] [bmv2] [T] [thread 52623] [21.0] [cxt 0] basic.p4(120) Condition "hdr.ipv4.isValid()" (node_2) is false
[11:50:57.207] [bmv2] [D] [thread 52623] [21.0] [cxt 0] Pipeline 'ingress': end
[11:50:57.207] [bmv2] [D] [thread 52623] [21.0] [cxt 0] Egress port is 0
[11:50:57.207] [bmv2] [D] [thread 52624] [21.0] [cxt 0] Pipeline 'egress': start
[11:50:57.207] [bmv2] [D] [thread 52624] [21.0] [cxt 0] Pipeline 'egress': end
[11:50:57.207] [bmv2] [D] [thread 52624] [21.0] [cxt 0] Deparser 'deparser': start
[11:50:57.207] [bmv2] [D] [thread 52624] [21.0] [cxt 0] Deparsing header 'ethernet'
[11:50:57.207] [bmv2] [D] [thread 52624] [21.0] [cxt 0] Deparser 'deparser': end
[11:50:57.207] [bmv2] [D] [thread 52628] [21.0] [cxt 0] Transmitting packet of size 110 out of port 0
[11:50:57.208] [bmv2] [D] [thread 52623] [22.0] [cxt 0] Processing packet received on port 4
[11:50:57.208] [bmv2] [D] [thread 52623] [22.0] [cxt 0] Parser 'parser': start
[11:50:57.208] [bmv2] [D] [thread 52623] [22.0] [cxt 0] Parser 'parser' entering state 'start'
[11:50:57.208] [bmv2] [D] [thread 52623] [22.0] [cxt 0] Extracting header 'ethernet'
[11:50:57.208] [bmv2] [D] [thread 52623] [22.0] [cxt 0] Parser state 'start': key is 86dd
[11:50:57.208] [bmv2] [T] [thread 52623] [22.0] [cxt 0] Bytes parsed: 14
[11:50:57.208] [bmv2] [D] [thread 52623] [22.0] [cxt 0] Parser 'parser': end
[11:50:57.208] [bmv2] [D] [thread 52623] [22.0] [cxt 0] Pipeline 'ingress': start
[11:50:57.208] [bmv2] [T] [thread 52623] [22.0] [cxt 0] basic.p4(120) Condition "hdr.ipv4.isValid()" (node_2) is false
[11:50:57.208] [bmv2] [D] [thread 52623] [22.0] [cxt 0] Pipeline 'ingress': end
[11:50:57.208] [bmv2] [D] [thread 52623] [22.0] [cxt 0] Egress port is 0
[11:50:57.208] [bmv2] [D] [thread 52624] [22.0] [cxt 0] Pipeline 'egress': start
[11:50:57.208] [bmv2] [D] [thread 52624] [22.0] [cxt 0] Pipeline 'egress': end
[11:50:57.208] [bmv2] [D] [thread 52624] [22.0] [cxt 0] Deparser 'deparser': start
[11:50:57.208] [bmv2] [D] [thread 52624] [22.0] [cxt 0] Deparsing header 'ethernet'
[11:50:57.208] [bmv2] [D] [thread 52624] [22.0] [cxt 0] Deparser 'deparser': end
[11:50:57.208] [bmv2] [D] [thread 52628] [22.0] [cxt 0] Transmitting packet of size 107 out of port 0
[11:50:57.224] [bmv2] [D] [thread 52623] [23.0] [cxt 0] Processing packet received on port 4
[11:50:57.224] [bmv2] [D] [thread 52623] [23.0] [cxt 0] Parser 'parser': start
[11:50:57.224] [bmv2] [D] [thread 52623] [23.0] [cxt 0] Parser 'parser' entering state 'start'
[11:50:57.224] [bmv2] [D] [thread 52623] [23.0] [cxt 0] Extracting header 'ethernet'
[11:50:57.224] [bmv2] [D] [thread 52623] [23.0] [cxt 0] Parser state 'start': key is 86dd
[11:50:57.224] [bmv2] [T] [thread 52623] [23.0] [cxt 0] Bytes parsed: 14
[11:50:57.224] [bmv2] [D] [thread 52623] [23.0] [cxt 0] Parser 'parser': end
[11:50:57.224] [bmv2] [D] [thread 52623] [23.0] [cxt 0] Pipeline 'ingress': start
[11:50:57.224] [bmv2] [T] [thread 52623] [23.0] [cxt 0] basic.p4(120) Condition "hdr.ipv4.isValid()" (node_2) is false
[11:50:57.224] [bmv2] [D] [thread 52623] [23.0] [cxt 0] Pipeline 'ingress': end
[11:50:57.224] [bmv2] [D] [thread 52623] [23.0] [cxt 0] Egress port is 0
[11:50:57.224] [bmv2] [D] [thread 52624] [23.0] [cxt 0] Pipeline 'egress': start
[11:50:57.224] [bmv2] [D] [thread 52624] [23.0] [cxt 0] Pipeline 'egress': end
[11:50:57.224] [bmv2] [D] [thread 52624] [23.0] [cxt 0] Deparser 'deparser': start
[11:50:57.224] [bmv2] [D] [thread 52624] [23.0] [cxt 0] Deparsing header 'ethernet'
[11:50:57.224] [bmv2] [D] [thread 52624] [23.0] [cxt 0] Deparser 'deparser': end
[11:50:57.224] [bmv2] [D] [thread 52628] [23.0] [cxt 0] Transmitting packet of size 220 out of port 0
[11:50:57.227] [bmv2] [D] [thread 52623] [24.0] [cxt 0] Processing packet received on port 4
[11:50:57.227] [bmv2] [D] [thread 52623] [24.0] [cxt 0] Parser 'parser': start
[11:50:57.227] [bmv2] [D] [thread 52623] [24.0] [cxt 0] Parser 'parser' entering state 'start'
[11:50:57.227] [bmv2] [D] [thread 52623] [24.0] [cxt 0] Extracting header 'ethernet'
[11:50:57.227] [bmv2] [D] [thread 52623] [24.0] [cxt 0] Parser state 'start': key is 86dd
[11:50:57.227] [bmv2] [T] [thread 52623] [24.0] [cxt 0] Bytes parsed: 14
[11:50:57.227] [bmv2] [D] [thread 52623] [24.0] [cxt 0] Parser 'parser': end
[11:50:57.227] [bmv2] [D] [thread 52623] [24.0] [cxt 0] Pipeline 'ingress': start
[11:50:57.227] [bmv2] [T] [thread 52623] [24.0] [cxt 0] basic.p4(120) Condition "hdr.ipv4.isValid()" (node_2) is false
[11:50:57.227] [bmv2] [D] [thread 52623] [24.0] [cxt 0] Pipeline 'ingress': end
[11:50:57.227] [bmv2] [D] [thread 52623] [24.0] [cxt 0] Egress port is 0
[11:50:57.227] [bmv2] [D] [thread 52624] [24.0] [cxt 0] Pipeline 'egress': start
[11:50:57.227] [bmv2] [D] [thread 52624] [24.0] [cxt 0] Pipeline 'egress': end
[11:50:57.227] [bmv2] [D] [thread 52624] [24.0] [cxt 0] Deparser 'deparser': start
[11:50:57.227] [bmv2] [D] [thread 52624] [24.0] [cxt 0] Deparsing header 'ethernet'
[11:50:57.227] [bmv2] [D] [thread 52624] [24.0] [cxt 0] Deparser 'deparser': end
[11:50:57.227] [bmv2] [D] [thread 52628] [24.0] [cxt 0] Transmitting packet of size 220 out of port 0
[11:50:57.255] [bmv2] [D] [thread 52623] [25.0] [cxt 0] Processing packet received on port 4
[11:50:57.255] [bmv2] [D] [thread 52623] [25.0] [cxt 0] Parser 'parser': start
[11:50:57.255] [bmv2] [D] [thread 52623] [25.0] [cxt 0] Parser 'parser' entering state 'start'
[11:50:57.255] [bmv2] [D] [thread 52623] [25.0] [cxt 0] Extracting header 'ethernet'
[11:50:57.255] [bmv2] [D] [thread 52623] [25.0] [cxt 0] Parser state 'start': key is 86dd
[11:50:57.255] [bmv2] [T] [thread 52623] [25.0] [cxt 0] Bytes parsed: 14
[11:50:57.255] [bmv2] [D] [thread 52623] [25.0] [cxt 0] Parser 'parser': end
[11:50:57.255] [bmv2] [D] [thread 52623] [25.0] [cxt 0] Pipeline 'ingress': start
[11:50:57.255] [bmv2] [T] [thread 52623] [25.0] [cxt 0] basic.p4(120) Condition "hdr.ipv4.isValid()" (node_2) is false
[11:50:57.255] [bmv2] [D] [thread 52623] [25.0] [cxt 0] Pipeline 'ingress': end
[11:50:57.255] [bmv2] [D] [thread 52623] [25.0] [cxt 0] Egress port is 0
[11:50:57.255] [bmv2] [D] [thread 52624] [25.0] [cxt 0] Pipeline 'egress': start
[11:50:57.255] [bmv2] [D] [thread 52624] [25.0] [cxt 0] Pipeline 'egress': end
[11:50:57.255] [bmv2] [D] [thread 52624] [25.0] [cxt 0] Deparser 'deparser': start
[11:50:57.255] [bmv2] [D] [thread 52624] [25.0] [cxt 0] Deparsing header 'ethernet'
[11:50:57.255] [bmv2] [D] [thread 52624] [25.0] [cxt 0] Deparser 'deparser': end
[11:50:57.255] [bmv2] [D] [thread 52628] [25.0] [cxt 0] Transmitting packet of size 90 out of port 0
[11:50:57.310] [bmv2] [D] [thread 52623] [26.0] [cxt 0] Processing packet received on port 2
[11:50:57.310] [bmv2] [D] [thread 52623] [26.0] [cxt 0] Parser 'parser': start
[11:50:57.310] [bmv2] [D] [thread 52623] [26.0] [cxt 0] Parser 'parser' entering state 'start'
[11:50:57.310] [bmv2] [D] [thread 52623] [26.0] [cxt 0] Extracting header 'ethernet'
[11:50:57.310] [bmv2] [D] [thread 52623] [26.0] [cxt 0] Parser state 'start': key is 86dd
[11:50:57.310] [bmv2] [T] [thread 52623] [26.0] [cxt 0] Bytes parsed: 14
[11:50:57.310] [bmv2] [D] [thread 52623] [26.0] [cxt 0] Parser 'parser': end
[11:50:57.310] [bmv2] [D] [thread 52623] [26.0] [cxt 0] Pipeline 'ingress': start
[11:50:57.310] [bmv2] [T] [thread 52623] [26.0] [cxt 0] basic.p4(120) Condition "hdr.ipv4.isValid()" (node_2) is false
[11:50:57.310] [bmv2] [D] [thread 52623] [26.0] [cxt 0] Pipeline 'ingress': end
[11:50:57.310] [bmv2] [D] [thread 52623] [26.0] [cxt 0] Egress port is 0
[11:50:57.310] [bmv2] [D] [thread 52624] [26.0] [cxt 0] Pipeline 'egress': start
[11:50:57.310] [bmv2] [D] [thread 52624] [26.0] [cxt 0] Pipeline 'egress': end
[11:50:57.310] [bmv2] [D] [thread 52624] [26.0] [cxt 0] Deparser 'deparser': start
[11:50:57.310] [bmv2] [D] [thread 52624] [26.0] [cxt 0] Deparsing header 'ethernet'
[11:50:57.310] [bmv2] [D] [thread 52624] [26.0] [cxt 0] Deparser 'deparser': end
[11:50:57.310] [bmv2] [D] [thread 52628] [26.0] [cxt 0] Transmitting packet of size 208 out of port 0
[11:50:57.351] [bmv2] [D] [thread 52623] [27.0] [cxt 0] Processing packet received on port 3
[11:50:57.351] [bmv2] [D] [thread 52623] [27.0] [cxt 0] Parser 'parser': start
[11:50:57.351] [bmv2] [D] [thread 52623] [27.0] [cxt 0] Parser 'parser' entering state 'start'
[11:50:57.351] [bmv2] [D] [thread 52623] [27.0] [cxt 0] Extracting header 'ethernet'
[11:50:57.351] [bmv2] [D] [thread 52623] [27.0] [cxt 0] Parser state 'start': key is 86dd
[11:50:57.351] [bmv2] [T] [thread 52623] [27.0] [cxt 0] Bytes parsed: 14
[11:50:57.351] [bmv2] [D] [thread 52623] [27.0] [cxt 0] Parser 'parser': end
[11:50:57.351] [bmv2] [D] [thread 52623] [27.0] [cxt 0] Pipeline 'ingress': start
[11:50:57.351] [bmv2] [T] [thread 52623] [27.0] [cxt 0] basic.p4(120) Condition "hdr.ipv4.isValid()" (node_2) is false
[11:50:57.351] [bmv2] [D] [thread 52623] [27.0] [cxt 0] Pipeline 'ingress': end
[11:50:57.351] [bmv2] [D] [thread 52623] [27.0] [cxt 0] Egress port is 0
[11:50:57.351] [bmv2] [D] [thread 52624] [27.0] [cxt 0] Pipeline 'egress': start
[11:50:57.351] [bmv2] [D] [thread 52624] [27.0] [cxt 0] Pipeline 'egress': end
[11:50:57.351] [bmv2] [D] [thread 52624] [27.0] [cxt 0] Deparser 'deparser': start
[11:50:57.351] [bmv2] [D] [thread 52624] [27.0] [cxt 0] Deparsing header 'ethernet'
[11:50:57.351] [bmv2] [D] [thread 52624] [27.0] [cxt 0] Deparser 'deparser': end
[11:50:57.351] [bmv2] [D] [thread 52628] [27.0] [cxt 0] Transmitting packet of size 220 out of port 0
[11:50:57.359] [bmv2] [D] [thread 52623] [28.0] [cxt 0] Processing packet received on port 2
[11:50:57.359] [bmv2] [D] [thread 52623] [28.0] [cxt 0] Parser 'parser': start
[11:50:57.359] [bmv2] [D] [thread 52623] [28.0] [cxt 0] Parser 'parser' entering state 'start'
[11:50:57.359] [bmv2] [D] [thread 52623] [28.0] [cxt 0] Extracting header 'ethernet'
[11:50:57.359] [bmv2] [D] [thread 52623] [28.0] [cxt 0] Parser state 'start': key is 86dd
[11:50:57.359] [bmv2] [T] [thread 52623] [28.0] [cxt 0] Bytes parsed: 14
[11:50:57.359] [bmv2] [D] [thread 52623] [28.0] [cxt 0] Parser 'parser': end
[11:50:57.359] [bmv2] [D] [thread 52623] [28.0] [cxt 0] Pipeline 'ingress': start
[11:50:57.359] [bmv2] [T] [thread 52623] [28.0] [cxt 0] basic.p4(120) Condition "hdr.ipv4.isValid()" (node_2) is false
[11:50:57.359] [bmv2] [D] [thread 52623] [28.0] [cxt 0] Pipeline 'ingress': end
[11:50:57.359] [bmv2] [D] [thread 52623] [28.0] [cxt 0] Egress port is 0
[11:50:57.359] [bmv2] [D] [thread 52624] [28.0] [cxt 0] Pipeline 'egress': start
[11:50:57.359] [bmv2] [D] [thread 52624] [28.0] [cxt 0] Pipeline 'egress': end
[11:50:57.359] [bmv2] [D] [thread 52624] [28.0] [cxt 0] Deparser 'deparser': start
[11:50:57.359] [bmv2] [D] [thread 52624] [28.0] [cxt 0] Deparsing header 'ethernet'
[11:50:57.359] [bmv2] [D] [thread 52624] [28.0] [cxt 0] Deparser 'deparser': end
[11:50:57.359] [bmv2] [D] [thread 52628] [28.0] [cxt 0] Transmitting packet of size 110 out of port 0
[11:50:57.445] [bmv2] [D] [thread 52623] [29.0] [cxt 0] Processing packet received on port 1
[11:50:57.445] [bmv2] [D] [thread 52623] [29.0] [cxt 0] Parser 'parser': start
[11:50:57.445] [bmv2] [D] [thread 52623] [29.0] [cxt 0] Parser 'parser' entering state 'start'
[11:50:57.445] [bmv2] [D] [thread 52623] [29.0] [cxt 0] Extracting header 'ethernet'
[11:50:57.445] [bmv2] [D] [thread 52623] [29.0] [cxt 0] Parser state 'start': key is 86dd
[11:50:57.445] [bmv2] [T] [thread 52623] [29.0] [cxt 0] Bytes parsed: 14
[11:50:57.445] [bmv2] [D] [thread 52623] [29.0] [cxt 0] Parser 'parser': end
[11:50:57.445] [bmv2] [D] [thread 52623] [29.0] [cxt 0] Pipeline 'ingress': start
[11:50:57.445] [bmv2] [T] [thread 52623] [29.0] [cxt 0] basic.p4(120) Condition "hdr.ipv4.isValid()" (node_2) is false
[11:50:57.445] [bmv2] [D] [thread 52623] [29.0] [cxt 0] Pipeline 'ingress': end
[11:50:57.445] [bmv2] [D] [thread 52623] [29.0] [cxt 0] Egress port is 0
[11:50:57.446] [bmv2] [D] [thread 52624] [29.0] [cxt 0] Pipeline 'egress': start
[11:50:57.446] [bmv2] [D] [thread 52624] [29.0] [cxt 0] Pipeline 'egress': end
[11:50:57.446] [bmv2] [D] [thread 52624] [29.0] [cxt 0] Deparser 'deparser': start
[11:50:57.446] [bmv2] [D] [thread 52624] [29.0] [cxt 0] Deparsing header 'ethernet'
[11:50:57.446] [bmv2] [D] [thread 52624] [29.0] [cxt 0] Deparser 'deparser': end
[11:50:57.446] [bmv2] [D] [thread 52628] [29.0] [cxt 0] Transmitting packet of size 107 out of port 0
[11:50:57.479] [bmv2] [D] [thread 52623] [30.0] [cxt 0] Processing packet received on port 4
[11:50:57.479] [bmv2] [D] [thread 52623] [30.0] [cxt 0] Parser 'parser': start
[11:50:57.479] [bmv2] [D] [thread 52623] [30.0] [cxt 0] Parser 'parser' entering state 'start'
[11:50:57.479] [bmv2] [D] [thread 52623] [30.0] [cxt 0] Extracting header 'ethernet'
[11:50:57.479] [bmv2] [D] [thread 52623] [30.0] [cxt 0] Parser state 'start': key is 86dd
[11:50:57.479] [bmv2] [T] [thread 52623] [30.0] [cxt 0] Bytes parsed: 14
[11:50:57.479] [bmv2] [D] [thread 52623] [30.0] [cxt 0] Parser 'parser': end
[11:50:57.479] [bmv2] [D] [thread 52623] [30.0] [cxt 0] Pipeline 'ingress': start
[11:50:57.479] [bmv2] [T] [thread 52623] [30.0] [cxt 0] basic.p4(120) Condition "hdr.ipv4.isValid()" (node_2) is false
[11:50:57.479] [bmv2] [D] [thread 52623] [30.0] [cxt 0] Pipeline 'ingress': end
[11:50:57.479] [bmv2] [D] [thread 52623] [30.0] [cxt 0] Egress port is 0
[11:50:57.479] [bmv2] [D] [thread 52624] [30.0] [cxt 0] Pipeline 'egress': start
[11:50:57.479] [bmv2] [D] [thread 52624] [30.0] [cxt 0] Pipeline 'egress': end
[11:50:57.479] [bmv2] [D] [thread 52624] [30.0] [cxt 0] Deparser 'deparser': start
[11:50:57.479] [bmv2] [D] [thread 52624] [30.0] [cxt 0] Deparsing header 'ethernet'
[11:50:57.479] [bmv2] [D] [thread 52624] [30.0] [cxt 0] Deparser 'deparser': end
[11:50:57.479] [bmv2] [D] [thread 52628] [30.0] [cxt 0] Transmitting packet of size 220 out of port 0
[11:50:57.480] [bmv2] [D] [thread 52623] [31.0] [cxt 0] Processing packet received on port 4
[11:50:57.480] [bmv2] [D] [thread 52623] [31.0] [cxt 0] Parser 'parser': start
[11:50:57.480] [bmv2] [D] [thread 52623] [31.0] [cxt 0] Parser 'parser' entering state 'start'
[11:50:57.480] [bmv2] [D] [thread 52623] [31.0] [cxt 0] Extracting header 'ethernet'
[11:50:57.480] [bmv2] [D] [thread 52623] [31.0] [cxt 0] Parser state 'start': key is 86dd
[11:50:57.480] [bmv2] [T] [thread 52623] [31.0] [cxt 0] Bytes parsed: 14
[11:50:57.480] [bmv2] [D] [thread 52623] [31.0] [cxt 0] Parser 'parser': end
[11:50:57.480] [bmv2] [D] [thread 52623] [31.0] [cxt 0] Pipeline 'ingress': start
[11:50:57.480] [bmv2] [T] [thread 52623] [31.0] [cxt 0] basic.p4(120) Condition "hdr.ipv4.isValid()" (node_2) is false
[11:50:57.480] [bmv2] [D] [thread 52623] [31.0] [cxt 0] Pipeline 'ingress': end
[11:50:57.480] [bmv2] [D] [thread 52623] [31.0] [cxt 0] Egress port is 0
[11:50:57.480] [bmv2] [D] [thread 52624] [31.0] [cxt 0] Pipeline 'egress': start
[11:50:57.480] [bmv2] [D] [thread 52624] [31.0] [cxt 0] Pipeline 'egress': end
[11:50:57.480] [bmv2] [D] [thread 52624] [31.0] [cxt 0] Deparser 'deparser': start
[11:50:57.480] [bmv2] [D] [thread 52624] [31.0] [cxt 0] Deparsing header 'ethernet'
[11:50:57.480] [bmv2] [D] [thread 52624] [31.0] [cxt 0] Deparser 'deparser': end
[11:50:57.480] [bmv2] [D] [thread 52628] [31.0] [cxt 0] Transmitting packet of size 220 out of port 0
[11:50:57.568] [bmv2] [D] [thread 52623] [32.0] [cxt 0] Processing packet received on port 3
[11:50:57.568] [bmv2] [D] [thread 52623] [32.0] [cxt 0] Parser 'parser': start
[11:50:57.568] [bmv2] [D] [thread 52623] [32.0] [cxt 0] Parser 'parser' entering state 'start'
[11:50:57.568] [bmv2] [D] [thread 52623] [32.0] [cxt 0] Extracting header 'ethernet'
[11:50:57.568] [bmv2] [D] [thread 52623] [32.0] [cxt 0] Parser state 'start': key is 86dd
[11:50:57.568] [bmv2] [T] [thread 52623] [32.0] [cxt 0] Bytes parsed: 14
[11:50:57.568] [bmv2] [D] [thread 52623] [32.0] [cxt 0] Parser 'parser': end
[11:50:57.568] [bmv2] [D] [thread 52623] [32.0] [cxt 0] Pipeline 'ingress': start
[11:50:57.568] [bmv2] [T] [thread 52623] [32.0] [cxt 0] basic.p4(120) Condition "hdr.ipv4.isValid()" (node_2) is false
[11:50:57.568] [bmv2] [D] [thread 52623] [32.0] [cxt 0] Pipeline 'ingress': end
[11:50:57.568] [bmv2] [D] [thread 52623] [32.0] [cxt 0] Egress port is 0
[11:50:57.568] [bmv2] [D] [thread 52624] [32.0] [cxt 0] Pipeline 'egress': start
[11:50:57.568] [bmv2] [D] [thread 52624] [32.0] [cxt 0] Pipeline 'egress': end
[11:50:57.568] [bmv2] [D] [thread 52624] [32.0] [cxt 0] Deparser 'deparser': start
[11:50:57.568] [bmv2] [D] [thread 52624] [32.0] [cxt 0] Deparsing header 'ethernet'
[11:50:57.568] [bmv2] [D] [thread 52624] [32.0] [cxt 0] Deparser 'deparser': end
[11:50:57.568] [bmv2] [D] [thread 52628] [32.0] [cxt 0] Transmitting packet of size 208 out of port 0
[11:50:57.574] [bmv2] [D] [thread 52623] [33.0] [cxt 0] Processing packet received on port 2
[11:50:57.574] [bmv2] [D] [thread 52623] [33.0] [cxt 0] Parser 'parser': start
[11:50:57.574] [bmv2] [D] [thread 52623] [33.0] [cxt 0] Parser 'parser' entering state 'start'
[11:50:57.574] [bmv2] [D] [thread 52623] [33.0] [cxt 0] Extracting header 'ethernet'
[11:50:57.574] [bmv2] [D] [thread 52623] [33.0] [cxt 0] Parser state 'start': key is 86dd
[11:50:57.574] [bmv2] [T] [thread 52623] [33.0] [cxt 0] Bytes parsed: 14
[11:50:57.574] [bmv2] [D] [thread 52623] [33.0] [cxt 0] Parser 'parser': end
[11:50:57.574] [bmv2] [D] [thread 52623] [33.0] [cxt 0] Pipeline 'ingress': start
[11:50:57.574] [bmv2] [T] [thread 52623] [33.0] [cxt 0] basic.p4(120) Condition "hdr.ipv4.isValid()" (node_2) is false
[11:50:57.574] [bmv2] [D] [thread 52623] [33.0] [cxt 0] Pipeline 'ingress': end
[11:50:57.574] [bmv2] [D] [thread 52623] [33.0] [cxt 0] Egress port is 0
[11:50:57.574] [bmv2] [D] [thread 52624] [33.0] [cxt 0] Pipeline 'egress': start
[11:50:57.574] [bmv2] [D] [thread 52624] [33.0] [cxt 0] Pipeline 'egress': end
[11:50:57.574] [bmv2] [D] [thread 52624] [33.0] [cxt 0] Deparser 'deparser': start
[11:50:57.574] [bmv2] [D] [thread 52624] [33.0] [cxt 0] Deparsing header 'ethernet'
[11:50:57.574] [bmv2] [D] [thread 52624] [33.0] [cxt 0] Deparser 'deparser': end
[11:50:57.574] [bmv2] [D] [thread 52628] [33.0] [cxt 0] Transmitting packet of size 107 out of port 0
[11:50:57.679] [bmv2] [D] [thread 52623] [34.0] [cxt 0] Processing packet received on port 3
[11:50:57.679] [bmv2] [D] [thread 52623] [34.0] [cxt 0] Parser 'parser': start
[11:50:57.679] [bmv2] [D] [thread 52623] [34.0] [cxt 0] Parser 'parser' entering state 'start'
[11:50:57.679] [bmv2] [D] [thread 52623] [34.0] [cxt 0] Extracting header 'ethernet'
[11:50:57.679] [bmv2] [D] [thread 52623] [34.0] [cxt 0] Parser state 'start': key is 86dd
[11:50:57.679] [bmv2] [T] [thread 52623] [34.0] [cxt 0] Bytes parsed: 14
[11:50:57.679] [bmv2] [D] [thread 52623] [34.0] [cxt 0] Parser 'parser': end
[11:50:57.679] [bmv2] [D] [thread 52623] [34.0] [cxt 0] Pipeline 'ingress': start
[11:50:57.679] [bmv2] [T] [thread 52623] [34.0] [cxt 0] basic.p4(120) Condition "hdr.ipv4.isValid()" (node_2) is false
[11:50:57.679] [bmv2] [D] [thread 52623] [34.0] [cxt 0] Pipeline 'ingress': end
[11:50:57.679] [bmv2] [D] [thread 52623] [34.0] [cxt 0] Egress port is 0
[11:50:57.679] [bmv2] [D] [thread 52623] [35.0] [cxt 0] Processing packet received on port 4
[11:50:57.679] [bmv2] [D] [thread 52623] [35.0] [cxt 0] Parser 'parser': start
[11:50:57.679] [bmv2] [D] [thread 52623] [35.0] [cxt 0] Parser 'parser' entering state 'start'
[11:50:57.679] [bmv2] [D] [thread 52623] [35.0] [cxt 0] Extracting header 'ethernet'
[11:50:57.679] [bmv2] [D] [thread 52623] [35.0] [cxt 0] Parser state 'start': key is 86dd
[11:50:57.679] [bmv2] [D] [thread 52624] [34.0] [cxt 0] Pipeline 'egress': start
[11:50:57.679] [bmv2] [D] [thread 52624] [34.0] [cxt 0] Pipeline 'egress': end
[11:50:57.679] [bmv2] [T] [thread 52623] [35.0] [cxt 0] Bytes parsed: 14
[11:50:57.679] [bmv2] [D] [thread 52624] [34.0] [cxt 0] Deparser 'deparser': start
[11:50:57.679] [bmv2] [D] [thread 52624] [34.0] [cxt 0] Deparsing header 'ethernet'
[11:50:57.679] [bmv2] [D] [thread 52624] [34.0] [cxt 0] Deparser 'deparser': end
[11:50:57.679] [bmv2] [D] [thread 52623] [35.0] [cxt 0] Parser 'parser': end
[11:50:57.679] [bmv2] [D] [thread 52623] [35.0] [cxt 0] Pipeline 'ingress': start
[11:50:57.679] [bmv2] [T] [thread 52623] [35.0] [cxt 0] basic.p4(120) Condition "hdr.ipv4.isValid()" (node_2) is false
[11:50:57.679] [bmv2] [D] [thread 52623] [35.0] [cxt 0] Pipeline 'ingress': end
[11:50:57.679] [bmv2] [D] [thread 52623] [35.0] [cxt 0] Egress port is 0
[11:50:57.679] [bmv2] [D] [thread 52628] [34.0] [cxt 0] Transmitting packet of size 110 out of port 0
[11:50:57.679] [bmv2] [D] [thread 52624] [35.0] [cxt 0] Pipeline 'egress': start
[11:50:57.679] [bmv2] [D] [thread 52624] [35.0] [cxt 0] Pipeline 'egress': end
[11:50:57.679] [bmv2] [D] [thread 52624] [35.0] [cxt 0] Deparser 'deparser': start
[11:50:57.679] [bmv2] [D] [thread 52624] [35.0] [cxt 0] Deparsing header 'ethernet'
[11:50:57.679] [bmv2] [D] [thread 52624] [35.0] [cxt 0] Deparser 'deparser': end
[11:50:57.679] [bmv2] [D] [thread 52628] [35.0] [cxt 0] Transmitting packet of size 90 out of port 0
[11:50:57.693] [bmv2] [D] [thread 52623] [36.0] [cxt 0] Processing packet received on port 4
[11:50:57.693] [bmv2] [D] [thread 52623] [36.0] [cxt 0] Parser 'parser': start
[11:50:57.693] [bmv2] [D] [thread 52623] [36.0] [cxt 0] Parser 'parser' entering state 'start'
[11:50:57.693] [bmv2] [D] [thread 52623] [36.0] [cxt 0] Extracting header 'ethernet'
[11:50:57.693] [bmv2] [D] [thread 52623] [36.0] [cxt 0] Parser state 'start': key is 86dd
[11:50:57.693] [bmv2] [T] [thread 52623] [36.0] [cxt 0] Bytes parsed: 14
[11:50:57.693] [bmv2] [D] [thread 52623] [36.0] [cxt 0] Parser 'parser': end
[11:50:57.693] [bmv2] [D] [thread 52623] [36.0] [cxt 0] Pipeline 'ingress': start
[11:50:57.693] [bmv2] [T] [thread 52623] [36.0] [cxt 0] basic.p4(120) Condition "hdr.ipv4.isValid()" (node_2) is false
[11:50:57.693] [bmv2] [D] [thread 52623] [36.0] [cxt 0] Pipeline 'ingress': end
[11:50:57.693] [bmv2] [D] [thread 52623] [36.0] [cxt 0] Egress port is 0
[11:50:57.693] [bmv2] [D] [thread 52624] [36.0] [cxt 0] Pipeline 'egress': start
[11:50:57.693] [bmv2] [D] [thread 52624] [36.0] [cxt 0] Pipeline 'egress': end
[11:50:57.693] [bmv2] [D] [thread 52624] [36.0] [cxt 0] Deparser 'deparser': start
[11:50:57.693] [bmv2] [D] [thread 52624] [36.0] [cxt 0] Deparsing header 'ethernet'
[11:50:57.693] [bmv2] [D] [thread 52624] [36.0] [cxt 0] Deparser 'deparser': end
[11:50:57.693] [bmv2] [D] [thread 52628] [36.0] [cxt 0] Transmitting packet of size 208 out of port 0
[11:50:57.738] [bmv2] [D] [thread 52623] [37.0] [cxt 0] Processing packet received on port 4
[11:50:57.738] [bmv2] [D] [thread 52623] [37.0] [cxt 0] Parser 'parser': start
[11:50:57.738] [bmv2] [D] [thread 52623] [37.0] [cxt 0] Parser 'parser' entering state 'start'
[11:50:57.738] [bmv2] [D] [thread 52623] [37.0] [cxt 0] Extracting header 'ethernet'
[11:50:57.738] [bmv2] [D] [thread 52623] [37.0] [cxt 0] Parser state 'start': key is 86dd
[11:50:57.738] [bmv2] [T] [thread 52623] [37.0] [cxt 0] Bytes parsed: 14
[11:50:57.738] [bmv2] [D] [thread 52623] [37.0] [cxt 0] Parser 'parser': end
[11:50:57.738] [bmv2] [D] [thread 52623] [37.0] [cxt 0] Pipeline 'ingress': start
[11:50:57.738] [bmv2] [T] [thread 52623] [37.0] [cxt 0] basic.p4(120) Condition "hdr.ipv4.isValid()" (node_2) is false
[11:50:57.738] [bmv2] [D] [thread 52623] [37.0] [cxt 0] Pipeline 'ingress': end
[11:50:57.738] [bmv2] [D] [thread 52623] [37.0] [cxt 0] Egress port is 0
[11:50:57.738] [bmv2] [D] [thread 52624] [37.0] [cxt 0] Pipeline 'egress': start
[11:50:57.738] [bmv2] [D] [thread 52624] [37.0] [cxt 0] Pipeline 'egress': end
[11:50:57.738] [bmv2] [D] [thread 52624] [37.0] [cxt 0] Deparser 'deparser': start
[11:50:57.738] [bmv2] [D] [thread 52624] [37.0] [cxt 0] Deparsing header 'ethernet'
[11:50:57.738] [bmv2] [D] [thread 52624] [37.0] [cxt 0] Deparser 'deparser': end
[11:50:57.738] [bmv2] [D] [thread 52628] [37.0] [cxt 0] Transmitting packet of size 220 out of port 0
[11:50:57.827] [bmv2] [D] [thread 52623] [38.0] [cxt 0] Processing packet received on port 3
[11:50:57.827] [bmv2] [D] [thread 52623] [38.0] [cxt 0] Parser 'parser': start
[11:50:57.827] [bmv2] [D] [thread 52623] [38.0] [cxt 0] Parser 'parser' entering state 'start'
[11:50:57.827] [bmv2] [D] [thread 52623] [38.0] [cxt 0] Extracting header 'ethernet'
[11:50:57.827] [bmv2] [D] [thread 52623] [38.0] [cxt 0] Parser state 'start': key is 86dd
[11:50:57.827] [bmv2] [T] [thread 52623] [38.0] [cxt 0] Bytes parsed: 14
[11:50:57.827] [bmv2] [D] [thread 52623] [38.0] [cxt 0] Parser 'parser': end
[11:50:57.827] [bmv2] [D] [thread 52623] [38.0] [cxt 0] Pipeline 'ingress': start
[11:50:57.827] [bmv2] [T] [thread 52623] [38.0] [cxt 0] basic.p4(120) Condition "hdr.ipv4.isValid()" (node_2) is false
[11:50:57.827] [bmv2] [D] [thread 52623] [38.0] [cxt 0] Pipeline 'ingress': end
[11:50:57.827] [bmv2] [D] [thread 52623] [38.0] [cxt 0] Egress port is 0
[11:50:57.827] [bmv2] [D] [thread 52624] [38.0] [cxt 0] Pipeline 'egress': start
[11:50:57.827] [bmv2] [D] [thread 52624] [38.0] [cxt 0] Pipeline 'egress': end
[11:50:57.827] [bmv2] [D] [thread 52624] [38.0] [cxt 0] Deparser 'deparser': start
[11:50:57.827] [bmv2] [D] [thread 52624] [38.0] [cxt 0] Deparsing header 'ethernet'
[11:50:57.827] [bmv2] [D] [thread 52624] [38.0] [cxt 0] Deparser 'deparser': end
[11:50:57.827] [bmv2] [D] [thread 52628] [38.0] [cxt 0] Transmitting packet of size 107 out of port 0
[11:50:57.935] [bmv2] [D] [thread 52623] [39.0] [cxt 0] Processing packet received on port 4
[11:50:57.935] [bmv2] [D] [thread 52623] [39.0] [cxt 0] Parser 'parser': start
[11:50:57.935] [bmv2] [D] [thread 52623] [39.0] [cxt 0] Parser 'parser' entering state 'start'
[11:50:57.935] [bmv2] [D] [thread 52623] [39.0] [cxt 0] Extracting header 'ethernet'
[11:50:57.935] [bmv2] [D] [thread 52623] [39.0] [cxt 0] Parser state 'start': key is 86dd
[11:50:57.935] [bmv2] [T] [thread 52623] [39.0] [cxt 0] Bytes parsed: 14
[11:50:57.935] [bmv2] [D] [thread 52623] [39.0] [cxt 0] Parser 'parser': end
[11:50:57.935] [bmv2] [D] [thread 52623] [39.0] [cxt 0] Pipeline 'ingress': start
[11:50:57.935] [bmv2] [T] [thread 52623] [39.0] [cxt 0] basic.p4(120) Condition "hdr.ipv4.isValid()" (node_2) is false
[11:50:57.935] [bmv2] [D] [thread 52623] [39.0] [cxt 0] Pipeline 'ingress': end
[11:50:57.935] [bmv2] [D] [thread 52623] [39.0] [cxt 0] Egress port is 0
[11:50:57.935] [bmv2] [D] [thread 52624] [39.0] [cxt 0] Pipeline 'egress': start
[11:50:57.935] [bmv2] [D] [thread 52624] [39.0] [cxt 0] Pipeline 'egress': end
[11:50:57.935] [bmv2] [D] [thread 52624] [39.0] [cxt 0] Deparser 'deparser': start
[11:50:57.935] [bmv2] [D] [thread 52624] [39.0] [cxt 0] Deparsing header 'ethernet'
[11:50:57.935] [bmv2] [D] [thread 52624] [39.0] [cxt 0] Deparser 'deparser': end
[11:50:57.935] [bmv2] [D] [thread 52628] [39.0] [cxt 0] Transmitting packet of size 110 out of port 0
[11:50:57.945] [bmv2] [D] [thread 52623] [40.0] [cxt 0] Processing packet received on port 4
[11:50:57.945] [bmv2] [D] [thread 52623] [40.0] [cxt 0] Parser 'parser': start
[11:50:57.945] [bmv2] [D] [thread 52623] [40.0] [cxt 0] Parser 'parser' entering state 'start'
[11:50:57.945] [bmv2] [D] [thread 52623] [40.0] [cxt 0] Extracting header 'ethernet'
[11:50:57.945] [bmv2] [D] [thread 52623] [40.0] [cxt 0] Parser state 'start': key is 86dd
[11:50:57.945] [bmv2] [T] [thread 52623] [40.0] [cxt 0] Bytes parsed: 14
[11:50:57.945] [bmv2] [D] [thread 52623] [40.0] [cxt 0] Parser 'parser': end
[11:50:57.945] [bmv2] [D] [thread 52623] [40.0] [cxt 0] Pipeline 'ingress': start
[11:50:57.945] [bmv2] [T] [thread 52623] [40.0] [cxt 0] basic.p4(120) Condition "hdr.ipv4.isValid()" (node_2) is false
[11:50:57.945] [bmv2] [D] [thread 52623] [40.0] [cxt 0] Pipeline 'ingress': end
[11:50:57.945] [bmv2] [D] [thread 52623] [40.0] [cxt 0] Egress port is 0
[11:50:57.945] [bmv2] [D] [thread 52624] [40.0] [cxt 0] Pipeline 'egress': start
[11:50:57.945] [bmv2] [D] [thread 52624] [40.0] [cxt 0] Pipeline 'egress': end
[11:50:57.945] [bmv2] [D] [thread 52624] [40.0] [cxt 0] Deparser 'deparser': start
[11:50:57.945] [bmv2] [D] [thread 52624] [40.0] [cxt 0] Deparsing header 'ethernet'
[11:50:57.945] [bmv2] [D] [thread 52624] [40.0] [cxt 0] Deparser 'deparser': end
[11:50:57.945] [bmv2] [D] [thread 52628] [40.0] [cxt 0] Transmitting packet of size 208 out of port 0
[11:50:57.952] [bmv2] [D] [thread 52623] [41.0] [cxt 0] Processing packet received on port 4
[11:50:57.952] [bmv2] [D] [thread 52623] [41.0] [cxt 0] Parser 'parser': start
[11:50:57.952] [bmv2] [D] [thread 52623] [41.0] [cxt 0] Parser 'parser' entering state 'start'
[11:50:57.952] [bmv2] [D] [thread 52623] [41.0] [cxt 0] Extracting header 'ethernet'
[11:50:57.952] [bmv2] [D] [thread 52623] [41.0] [cxt 0] Parser state 'start': key is 86dd
[11:50:57.952] [bmv2] [T] [thread 52623] [41.0] [cxt 0] Bytes parsed: 14
[11:50:57.952] [bmv2] [D] [thread 52623] [41.0] [cxt 0] Parser 'parser': end
[11:50:57.952] [bmv2] [D] [thread 52623] [41.0] [cxt 0] Pipeline 'ingress': start
[11:50:57.952] [bmv2] [T] [thread 52623] [41.0] [cxt 0] basic.p4(120) Condition "hdr.ipv4.isValid()" (node_2) is false
[11:50:57.952] [bmv2] [D] [thread 52623] [41.0] [cxt 0] Pipeline 'ingress': end
[11:50:57.952] [bmv2] [D] [thread 52623] [41.0] [cxt 0] Egress port is 0
[11:50:57.952] [bmv2] [D] [thread 52624] [41.0] [cxt 0] Pipeline 'egress': start
[11:50:57.952] [bmv2] [D] [thread 52624] [41.0] [cxt 0] Pipeline 'egress': end
[11:50:57.952] [bmv2] [D] [thread 52624] [41.0] [cxt 0] Deparser 'deparser': start
[11:50:57.952] [bmv2] [D] [thread 52624] [41.0] [cxt 0] Deparsing header 'ethernet'
[11:50:57.952] [bmv2] [D] [thread 52624] [41.0] [cxt 0] Deparser 'deparser': end
[11:50:57.952] [bmv2] [D] [thread 52628] [41.0] [cxt 0] Transmitting packet of size 107 out of port 0
[11:50:58.211] [bmv2] [D] [thread 52623] [42.0] [cxt 0] Processing packet received on port 4
[11:50:58.211] [bmv2] [D] [thread 52623] [42.0] [cxt 0] Parser 'parser': start
[11:50:58.211] [bmv2] [D] [thread 52623] [42.0] [cxt 0] Parser 'parser' entering state 'start'
[11:50:58.211] [bmv2] [D] [thread 52623] [42.0] [cxt 0] Extracting header 'ethernet'
[11:50:58.211] [bmv2] [D] [thread 52623] [42.0] [cxt 0] Parser state 'start': key is 86dd
[11:50:58.211] [bmv2] [T] [thread 52623] [42.0] [cxt 0] Bytes parsed: 14
[11:50:58.211] [bmv2] [D] [thread 52623] [42.0] [cxt 0] Parser 'parser': end
[11:50:58.211] [bmv2] [D] [thread 52623] [42.0] [cxt 0] Pipeline 'ingress': start
[11:50:58.211] [bmv2] [T] [thread 52623] [42.0] [cxt 0] basic.p4(120) Condition "hdr.ipv4.isValid()" (node_2) is false
[11:50:58.211] [bmv2] [D] [thread 52623] [42.0] [cxt 0] Pipeline 'ingress': end
[11:50:58.211] [bmv2] [D] [thread 52623] [42.0] [cxt 0] Egress port is 0
[11:50:58.211] [bmv2] [D] [thread 52624] [42.0] [cxt 0] Pipeline 'egress': start
[11:50:58.211] [bmv2] [D] [thread 52624] [42.0] [cxt 0] Pipeline 'egress': end
[11:50:58.211] [bmv2] [D] [thread 52624] [42.0] [cxt 0] Deparser 'deparser': start
[11:50:58.211] [bmv2] [D] [thread 52624] [42.0] [cxt 0] Deparsing header 'ethernet'
[11:50:58.211] [bmv2] [D] [thread 52624] [42.0] [cxt 0] Deparser 'deparser': end
[11:50:58.211] [bmv2] [D] [thread 52628] [42.0] [cxt 0] Transmitting packet of size 107 out of port 0
[11:50:58.248] [bmv2] [D] [thread 52623] [43.0] [cxt 0] Processing packet received on port 1
[11:50:58.248] [bmv2] [D] [thread 52623] [43.0] [cxt 0] Parser 'parser': start
[11:50:58.248] [bmv2] [D] [thread 52623] [43.0] [cxt 0] Parser 'parser' entering state 'start'
[11:50:58.248] [bmv2] [D] [thread 52623] [43.0] [cxt 0] Extracting header 'ethernet'
[11:50:58.248] [bmv2] [D] [thread 52623] [43.0] [cxt 0] Parser state 'start': key is 86dd
[11:50:58.248] [bmv2] [T] [thread 52623] [43.0] [cxt 0] Bytes parsed: 14
[11:50:58.248] [bmv2] [D] [thread 52623] [43.0] [cxt 0] Parser 'parser': end
[11:50:58.248] [bmv2] [D] [thread 52623] [43.0] [cxt 0] Pipeline 'ingress': start
[11:50:58.248] [bmv2] [T] [thread 52623] [43.0] [cxt 0] basic.p4(120) Condition "hdr.ipv4.isValid()" (node_2) is false
[11:50:58.248] [bmv2] [D] [thread 52623] [43.0] [cxt 0] Pipeline 'ingress': end
[11:50:58.248] [bmv2] [D] [thread 52623] [43.0] [cxt 0] Egress port is 0
[11:50:58.248] [bmv2] [D] [thread 52624] [43.0] [cxt 0] Pipeline 'egress': start
[11:50:58.248] [bmv2] [D] [thread 52624] [43.0] [cxt 0] Pipeline 'egress': end
[11:50:58.248] [bmv2] [D] [thread 52624] [43.0] [cxt 0] Deparser 'deparser': start
[11:50:58.248] [bmv2] [D] [thread 52624] [43.0] [cxt 0] Deparsing header 'ethernet'
[11:50:58.248] [bmv2] [D] [thread 52624] [43.0] [cxt 0] Deparser 'deparser': end
[11:50:58.248] [bmv2] [D] [thread 52628] [43.0] [cxt 0] Transmitting packet of size 208 out of port 0
[11:50:58.376] [bmv2] [D] [thread 52623] [44.0] [cxt 0] Processing packet received on port 2
[11:50:58.376] [bmv2] [D] [thread 52623] [44.0] [cxt 0] Parser 'parser': start
[11:50:58.376] [bmv2] [D] [thread 52623] [44.0] [cxt 0] Parser 'parser' entering state 'start'
[11:50:58.376] [bmv2] [D] [thread 52623] [44.0] [cxt 0] Extracting header 'ethernet'
[11:50:58.376] [bmv2] [D] [thread 52623] [44.0] [cxt 0] Parser state 'start': key is 86dd
[11:50:58.376] [bmv2] [T] [thread 52623] [44.0] [cxt 0] Bytes parsed: 14
[11:50:58.376] [bmv2] [D] [thread 52623] [44.0] [cxt 0] Parser 'parser': end
[11:50:58.376] [bmv2] [D] [thread 52623] [44.0] [cxt 0] Pipeline 'ingress': start
[11:50:58.376] [bmv2] [T] [thread 52623] [44.0] [cxt 0] basic.p4(120) Condition "hdr.ipv4.isValid()" (node_2) is false
[11:50:58.376] [bmv2] [D] [thread 52623] [44.0] [cxt 0] Pipeline 'ingress': end
[11:50:58.376] [bmv2] [D] [thread 52623] [44.0] [cxt 0] Egress port is 0
[11:50:58.376] [bmv2] [D] [thread 52624] [44.0] [cxt 0] Pipeline 'egress': start
[11:50:58.376] [bmv2] [D] [thread 52624] [44.0] [cxt 0] Pipeline 'egress': end
[11:50:58.376] [bmv2] [D] [thread 52624] [44.0] [cxt 0] Deparser 'deparser': start
[11:50:58.376] [bmv2] [D] [thread 52624] [44.0] [cxt 0] Deparsing header 'ethernet'
[11:50:58.376] [bmv2] [D] [thread 52624] [44.0] [cxt 0] Deparser 'deparser': end
[11:50:58.376] [bmv2] [D] [thread 52628] [44.0] [cxt 0] Transmitting packet of size 208 out of port 0
[11:50:58.649] [bmv2] [D] [thread 52623] [45.0] [cxt 0] Processing packet received on port 3
[11:50:58.649] [bmv2] [D] [thread 52623] [45.0] [cxt 0] Parser 'parser': start
[11:50:58.649] [bmv2] [D] [thread 52623] [45.0] [cxt 0] Parser 'parser' entering state 'start'
[11:50:58.649] [bmv2] [D] [thread 52623] [45.0] [cxt 0] Extracting header 'ethernet'
[11:50:58.649] [bmv2] [D] [thread 52623] [45.0] [cxt 0] Parser state 'start': key is 86dd
[11:50:58.649] [bmv2] [T] [thread 52623] [45.0] [cxt 0] Bytes parsed: 14
[11:50:58.649] [bmv2] [D] [thread 52623] [45.0] [cxt 0] Parser 'parser': end
[11:50:58.649] [bmv2] [D] [thread 52623] [45.0] [cxt 0] Pipeline 'ingress': start
[11:50:58.649] [bmv2] [T] [thread 52623] [45.0] [cxt 0] basic.p4(120) Condition "hdr.ipv4.isValid()" (node_2) is false
[11:50:58.649] [bmv2] [D] [thread 52623] [45.0] [cxt 0] Pipeline 'ingress': end
[11:50:58.649] [bmv2] [D] [thread 52623] [45.0] [cxt 0] Egress port is 0
[11:50:58.649] [bmv2] [D] [thread 52624] [45.0] [cxt 0] Pipeline 'egress': start
[11:50:58.649] [bmv2] [D] [thread 52624] [45.0] [cxt 0] Pipeline 'egress': end
[11:50:58.649] [bmv2] [D] [thread 52624] [45.0] [cxt 0] Deparser 'deparser': start
[11:50:58.649] [bmv2] [D] [thread 52624] [45.0] [cxt 0] Deparsing header 'ethernet'
[11:50:58.649] [bmv2] [D] [thread 52624] [45.0] [cxt 0] Deparser 'deparser': end
[11:50:58.650] [bmv2] [D] [thread 52628] [45.0] [cxt 0] Transmitting packet of size 208 out of port 0
[11:50:58.758] [bmv2] [D] [thread 52623] [46.0] [cxt 0] Processing packet received on port 4
[11:50:58.758] [bmv2] [D] [thread 52623] [46.0] [cxt 0] Parser 'parser': start
[11:50:58.758] [bmv2] [D] [thread 52623] [46.0] [cxt 0] Parser 'parser' entering state 'start'
[11:50:58.758] [bmv2] [D] [thread 52623] [46.0] [cxt 0] Extracting header 'ethernet'
[11:50:58.758] [bmv2] [D] [thread 52623] [46.0] [cxt 0] Parser state 'start': key is 86dd
[11:50:58.758] [bmv2] [T] [thread 52623] [46.0] [cxt 0] Bytes parsed: 14
[11:50:58.758] [bmv2] [D] [thread 52623] [46.0] [cxt 0] Parser 'parser': end
[11:50:58.758] [bmv2] [D] [thread 52623] [46.0] [cxt 0] Pipeline 'ingress': start
[11:50:58.758] [bmv2] [T] [thread 52623] [46.0] [cxt 0] basic.p4(120) Condition "hdr.ipv4.isValid()" (node_2) is false
[11:50:58.758] [bmv2] [D] [thread 52623] [46.0] [cxt 0] Pipeline 'ingress': end
[11:50:58.758] [bmv2] [D] [thread 52623] [46.0] [cxt 0] Egress port is 0
[11:50:58.758] [bmv2] [D] [thread 52624] [46.0] [cxt 0] Pipeline 'egress': start
[11:50:58.758] [bmv2] [D] [thread 52624] [46.0] [cxt 0] Pipeline 'egress': end
[11:50:58.758] [bmv2] [D] [thread 52624] [46.0] [cxt 0] Deparser 'deparser': start
[11:50:58.758] [bmv2] [D] [thread 52624] [46.0] [cxt 0] Deparsing header 'ethernet'
[11:50:58.758] [bmv2] [D] [thread 52624] [46.0] [cxt 0] Deparser 'deparser': end
[11:50:58.758] [bmv2] [D] [thread 52628] [46.0] [cxt 0] Transmitting packet of size 208 out of port 0
[11:50:59.022] [bmv2] [D] [thread 52623] [47.0] [cxt 0] Processing packet received on port 4
[11:50:59.022] [bmv2] [D] [thread 52623] [47.0] [cxt 0] Parser 'parser': start
[11:50:59.022] [bmv2] [D] [thread 52623] [47.0] [cxt 0] Parser 'parser' entering state 'start'
[11:50:59.022] [bmv2] [D] [thread 52623] [47.0] [cxt 0] Extracting header 'ethernet'
[11:50:59.022] [bmv2] [D] [thread 52623] [47.0] [cxt 0] Parser state 'start': key is 86dd
[11:50:59.022] [bmv2] [T] [thread 52623] [47.0] [cxt 0] Bytes parsed: 14
[11:50:59.022] [bmv2] [D] [thread 52623] [47.0] [cxt 0] Parser 'parser': end
[11:50:59.022] [bmv2] [D] [thread 52623] [47.0] [cxt 0] Pipeline 'ingress': start
[11:50:59.022] [bmv2] [T] [thread 52623] [47.0] [cxt 0] basic.p4(120) Condition "hdr.ipv4.isValid()" (node_2) is false
[11:50:59.022] [bmv2] [D] [thread 52623] [47.0] [cxt 0] Pipeline 'ingress': end
[11:50:59.022] [bmv2] [D] [thread 52623] [47.0] [cxt 0] Egress port is 0
[11:50:59.022] [bmv2] [D] [thread 52624] [47.0] [cxt 0] Pipeline 'egress': start
[11:50:59.022] [bmv2] [D] [thread 52624] [47.0] [cxt 0] Pipeline 'egress': end
[11:50:59.022] [bmv2] [D] [thread 52624] [47.0] [cxt 0] Deparser 'deparser': start
[11:50:59.022] [bmv2] [D] [thread 52624] [47.0] [cxt 0] Deparsing header 'ethernet'
[11:50:59.022] [bmv2] [D] [thread 52624] [47.0] [cxt 0] Deparser 'deparser': end
[11:50:59.022] [bmv2] [D] [thread 52628] [47.0] [cxt 0] Transmitting packet of size 208 out of port 0
[11:50:59.451] [bmv2] [D] [thread 52623] [48.0] [cxt 0] Processing packet received on port 1
[11:50:59.451] [bmv2] [D] [thread 52623] [48.0] [cxt 0] Parser 'parser': start
[11:50:59.451] [bmv2] [D] [thread 52623] [48.0] [cxt 0] Parser 'parser' entering state 'start'
[11:50:59.451] [bmv2] [D] [thread 52623] [48.0] [cxt 0] Extracting header 'ethernet'
[11:50:59.451] [bmv2] [D] [thread 52623] [48.0] [cxt 0] Parser state 'start': key is 86dd
[11:50:59.451] [bmv2] [T] [thread 52623] [48.0] [cxt 0] Bytes parsed: 14
[11:50:59.451] [bmv2] [D] [thread 52623] [48.0] [cxt 0] Parser 'parser': end
[11:50:59.451] [bmv2] [D] [thread 52623] [48.0] [cxt 0] Pipeline 'ingress': start
[11:50:59.451] [bmv2] [T] [thread 52623] [48.0] [cxt 0] basic.p4(120) Condition "hdr.ipv4.isValid()" (node_2) is false
[11:50:59.451] [bmv2] [D] [thread 52623] [48.0] [cxt 0] Pipeline 'ingress': end
[11:50:59.451] [bmv2] [D] [thread 52623] [48.0] [cxt 0] Egress port is 0
[11:50:59.451] [bmv2] [D] [thread 52624] [48.0] [cxt 0] Pipeline 'egress': start
[11:50:59.451] [bmv2] [D] [thread 52624] [48.0] [cxt 0] Pipeline 'egress': end
[11:50:59.451] [bmv2] [D] [thread 52624] [48.0] [cxt 0] Deparser 'deparser': start
[11:50:59.451] [bmv2] [D] [thread 52624] [48.0] [cxt 0] Deparsing header 'ethernet'
[11:50:59.451] [bmv2] [D] [thread 52624] [48.0] [cxt 0] Deparser 'deparser': end
[11:50:59.452] [bmv2] [D] [thread 52628] [48.0] [cxt 0] Transmitting packet of size 107 out of port 0
[11:50:59.583] [bmv2] [D] [thread 52623] [49.0] [cxt 0] Processing packet received on port 2
[11:50:59.583] [bmv2] [D] [thread 52623] [49.0] [cxt 0] Parser 'parser': start
[11:50:59.583] [bmv2] [D] [thread 52623] [49.0] [cxt 0] Parser 'parser' entering state 'start'
[11:50:59.583] [bmv2] [D] [thread 52623] [49.0] [cxt 0] Extracting header 'ethernet'
[11:50:59.583] [bmv2] [D] [thread 52623] [49.0] [cxt 0] Parser state 'start': key is 86dd
[11:50:59.583] [bmv2] [T] [thread 52623] [49.0] [cxt 0] Bytes parsed: 14
[11:50:59.583] [bmv2] [D] [thread 52623] [49.0] [cxt 0] Parser 'parser': end
[11:50:59.583] [bmv2] [D] [thread 52623] [49.0] [cxt 0] Pipeline 'ingress': start
[11:50:59.583] [bmv2] [T] [thread 52623] [49.0] [cxt 0] basic.p4(120) Condition "hdr.ipv4.isValid()" (node_2) is false
[11:50:59.583] [bmv2] [D] [thread 52623] [49.0] [cxt 0] Pipeline 'ingress': end
[11:50:59.583] [bmv2] [D] [thread 52623] [49.0] [cxt 0] Egress port is 0
[11:50:59.583] [bmv2] [D] [thread 52624] [49.0] [cxt 0] Pipeline 'egress': start
[11:50:59.583] [bmv2] [D] [thread 52624] [49.0] [cxt 0] Pipeline 'egress': end
[11:50:59.583] [bmv2] [D] [thread 52624] [49.0] [cxt 0] Deparser 'deparser': start
[11:50:59.583] [bmv2] [D] [thread 52624] [49.0] [cxt 0] Deparsing header 'ethernet'
[11:50:59.583] [bmv2] [D] [thread 52624] [49.0] [cxt 0] Deparser 'deparser': end
[11:50:59.583] [bmv2] [D] [thread 52628] [49.0] [cxt 0] Transmitting packet of size 107 out of port 0
[11:50:59.833] [bmv2] [D] [thread 52623] [50.0] [cxt 0] Processing packet received on port 3
[11:50:59.833] [bmv2] [D] [thread 52623] [50.0] [cxt 0] Parser 'parser': start
[11:50:59.833] [bmv2] [D] [thread 52623] [50.0] [cxt 0] Parser 'parser' entering state 'start'
[11:50:59.833] [bmv2] [D] [thread 52623] [50.0] [cxt 0] Extracting header 'ethernet'
[11:50:59.834] [bmv2] [D] [thread 52623] [50.0] [cxt 0] Parser state 'start': key is 86dd
[11:50:59.834] [bmv2] [T] [thread 52623] [50.0] [cxt 0] Bytes parsed: 14
[11:50:59.834] [bmv2] [D] [thread 52623] [50.0] [cxt 0] Parser 'parser': end
[11:50:59.834] [bmv2] [D] [thread 52623] [50.0] [cxt 0] Pipeline 'ingress': start
[11:50:59.834] [bmv2] [T] [thread 52623] [50.0] [cxt 0] basic.p4(120) Condition "hdr.ipv4.isValid()" (node_2) is false
[11:50:59.834] [bmv2] [D] [thread 52623] [50.0] [cxt 0] Pipeline 'ingress': end
[11:50:59.834] [bmv2] [D] [thread 52623] [50.0] [cxt 0] Egress port is 0
[11:50:59.834] [bmv2] [D] [thread 52624] [50.0] [cxt 0] Pipeline 'egress': start
[11:50:59.834] [bmv2] [D] [thread 52624] [50.0] [cxt 0] Pipeline 'egress': end
[11:50:59.834] [bmv2] [D] [thread 52624] [50.0] [cxt 0] Deparser 'deparser': start
[11:50:59.834] [bmv2] [D] [thread 52624] [50.0] [cxt 0] Deparsing header 'ethernet'
[11:50:59.834] [bmv2] [D] [thread 52624] [50.0] [cxt 0] Deparser 'deparser': end
[11:50:59.834] [bmv2] [D] [thread 52628] [50.0] [cxt 0] Transmitting packet of size 107 out of port 0
[11:50:59.958] [bmv2] [D] [thread 52623] [51.0] [cxt 0] Processing packet received on port 4
[11:50:59.958] [bmv2] [D] [thread 52623] [51.0] [cxt 0] Parser 'parser': start
[11:50:59.958] [bmv2] [D] [thread 52623] [51.0] [cxt 0] Parser 'parser' entering state 'start'
[11:50:59.958] [bmv2] [D] [thread 52623] [51.0] [cxt 0] Extracting header 'ethernet'
[11:50:59.958] [bmv2] [D] [thread 52623] [51.0] [cxt 0] Parser state 'start': key is 86dd
[11:50:59.958] [bmv2] [T] [thread 52623] [51.0] [cxt 0] Bytes parsed: 14
[11:50:59.958] [bmv2] [D] [thread 52623] [51.0] [cxt 0] Parser 'parser': end
[11:50:59.958] [bmv2] [D] [thread 52623] [51.0] [cxt 0] Pipeline 'ingress': start
[11:50:59.958] [bmv2] [T] [thread 52623] [51.0] [cxt 0] basic.p4(120) Condition "hdr.ipv4.isValid()" (node_2) is false
[11:50:59.958] [bmv2] [D] [thread 52623] [51.0] [cxt 0] Pipeline 'ingress': end
[11:50:59.958] [bmv2] [D] [thread 52623] [51.0] [cxt 0] Egress port is 0
[11:50:59.958] [bmv2] [D] [thread 52624] [51.0] [cxt 0] Pipeline 'egress': start
[11:50:59.958] [bmv2] [D] [thread 52624] [51.0] [cxt 0] Pipeline 'egress': end
[11:50:59.958] [bmv2] [D] [thread 52624] [51.0] [cxt 0] Deparser 'deparser': start
[11:50:59.959] [bmv2] [D] [thread 52624] [51.0] [cxt 0] Deparsing header 'ethernet'
[11:50:59.959] [bmv2] [D] [thread 52624] [51.0] [cxt 0] Deparser 'deparser': end
[11:50:59.959] [bmv2] [D] [thread 52628] [51.0] [cxt 0] Transmitting packet of size 107 out of port 0
[11:51:00.216] [bmv2] [D] [thread 52623] [52.0] [cxt 0] Processing packet received on port 4
[11:51:00.216] [bmv2] [D] [thread 52623] [52.0] [cxt 0] Parser 'parser': start
[11:51:00.216] [bmv2] [D] [thread 52623] [52.0] [cxt 0] Parser 'parser' entering state 'start'
[11:51:00.216] [bmv2] [D] [thread 52623] [52.0] [cxt 0] Extracting header 'ethernet'
[11:51:00.216] [bmv2] [D] [thread 52623] [52.0] [cxt 0] Parser state 'start': key is 86dd
[11:51:00.216] [bmv2] [T] [thread 52623] [52.0] [cxt 0] Bytes parsed: 14
[11:51:00.216] [bmv2] [D] [thread 52623] [52.0] [cxt 0] Parser 'parser': end
[11:51:00.216] [bmv2] [D] [thread 52623] [52.0] [cxt 0] Pipeline 'ingress': start
[11:51:00.216] [bmv2] [T] [thread 52623] [52.0] [cxt 0] basic.p4(120) Condition "hdr.ipv4.isValid()" (node_2) is false
[11:51:00.216] [bmv2] [D] [thread 52623] [52.0] [cxt 0] Pipeline 'ingress': end
[11:51:00.216] [bmv2] [D] [thread 52623] [52.0] [cxt 0] Egress port is 0
[11:51:00.216] [bmv2] [D] [thread 52624] [52.0] [cxt 0] Pipeline 'egress': start
[11:51:00.216] [bmv2] [D] [thread 52624] [52.0] [cxt 0] Pipeline 'egress': end
[11:51:00.216] [bmv2] [D] [thread 52624] [52.0] [cxt 0] Deparser 'deparser': start
[11:51:00.216] [bmv2] [D] [thread 52624] [52.0] [cxt 0] Deparsing header 'ethernet'
[11:51:00.216] [bmv2] [D] [thread 52624] [52.0] [cxt 0] Deparser 'deparser': end
[11:51:00.216] [bmv2] [D] [thread 52628] [52.0] [cxt 0] Transmitting packet of size 107 out of port 0
[11:51:00.324] [bmv2] [D] [thread 52623] [53.0] [cxt 0] Processing packet received on port 1
[11:51:00.324] [bmv2] [D] [thread 52623] [53.0] [cxt 0] Parser 'parser': start
[11:51:00.324] [bmv2] [D] [thread 52623] [53.0] [cxt 0] Parser 'parser' entering state 'start'
[11:51:00.324] [bmv2] [D] [thread 52623] [53.0] [cxt 0] Extracting header 'ethernet'
[11:51:00.324] [bmv2] [D] [thread 52623] [53.0] [cxt 0] Parser state 'start': key is 86dd
[11:51:00.324] [bmv2] [T] [thread 52623] [53.0] [cxt 0] Bytes parsed: 14
[11:51:00.324] [bmv2] [D] [thread 52623] [53.0] [cxt 0] Parser 'parser': end
[11:51:00.324] [bmv2] [D] [thread 52623] [53.0] [cxt 0] Pipeline 'ingress': start
[11:51:00.324] [bmv2] [T] [thread 52623] [53.0] [cxt 0] basic.p4(120) Condition "hdr.ipv4.isValid()" (node_2) is false
[11:51:00.324] [bmv2] [D] [thread 52623] [53.0] [cxt 0] Pipeline 'ingress': end
[11:51:00.324] [bmv2] [D] [thread 52623] [53.0] [cxt 0] Egress port is 0
[11:51:00.324] [bmv2] [D] [thread 52624] [53.0] [cxt 0] Pipeline 'egress': start
[11:51:00.324] [bmv2] [D] [thread 52624] [53.0] [cxt 0] Pipeline 'egress': end
[11:51:00.324] [bmv2] [D] [thread 52624] [53.0] [cxt 0] Deparser 'deparser': start
[11:51:00.324] [bmv2] [D] [thread 52624] [53.0] [cxt 0] Deparsing header 'ethernet'
[11:51:00.324] [bmv2] [D] [thread 52624] [53.0] [cxt 0] Deparser 'deparser': end
[11:51:00.324] [bmv2] [D] [thread 52628] [53.0] [cxt 0] Transmitting packet of size 208 out of port 0
[11:51:00.475] [bmv2] [D] [thread 52623] [54.0] [cxt 0] Processing packet received on port 2
[11:51:00.476] [bmv2] [D] [thread 52623] [54.0] [cxt 0] Parser 'parser': start
[11:51:00.476] [bmv2] [D] [thread 52623] [54.0] [cxt 0] Parser 'parser' entering state 'start'
[11:51:00.476] [bmv2] [D] [thread 52623] [54.0] [cxt 0] Extracting header 'ethernet'
[11:51:00.476] [bmv2] [D] [thread 52623] [54.0] [cxt 0] Parser state 'start': key is 86dd
[11:51:00.476] [bmv2] [T] [thread 52623] [54.0] [cxt 0] Bytes parsed: 14
[11:51:00.476] [bmv2] [D] [thread 52623] [54.0] [cxt 0] Parser 'parser': end
[11:51:00.476] [bmv2] [D] [thread 52623] [54.0] [cxt 0] Pipeline 'ingress': start
[11:51:00.476] [bmv2] [T] [thread 52623] [54.0] [cxt 0] basic.p4(120) Condition "hdr.ipv4.isValid()" (node_2) is false
[11:51:00.476] [bmv2] [D] [thread 52623] [54.0] [cxt 0] Pipeline 'ingress': end
[11:51:00.476] [bmv2] [D] [thread 52623] [54.0] [cxt 0] Egress port is 0
[11:51:00.476] [bmv2] [D] [thread 52624] [54.0] [cxt 0] Pipeline 'egress': start
[11:51:00.476] [bmv2] [D] [thread 52624] [54.0] [cxt 0] Pipeline 'egress': end
[11:51:00.476] [bmv2] [D] [thread 52624] [54.0] [cxt 0] Deparser 'deparser': start
[11:51:00.476] [bmv2] [D] [thread 52624] [54.0] [cxt 0] Deparsing header 'ethernet'
[11:51:00.476] [bmv2] [D] [thread 52624] [54.0] [cxt 0] Deparser 'deparser': end
[11:51:00.476] [bmv2] [D] [thread 52628] [54.0] [cxt 0] Transmitting packet of size 208 out of port 0
[11:51:00.623] [bmv2] [D] [thread 52623] [55.0] [cxt 0] Processing packet received on port 4
[11:51:00.623] [bmv2] [D] [thread 52623] [55.0] [cxt 0] Parser 'parser': start
[11:51:00.623] [bmv2] [D] [thread 52623] [55.0] [cxt 0] Parser 'parser' entering state 'start'
[11:51:00.623] [bmv2] [D] [thread 52623] [55.0] [cxt 0] Extracting header 'ethernet'
[11:51:00.623] [bmv2] [D] [thread 52623] [55.0] [cxt 0] Parser state 'start': key is 86dd
[11:51:00.623] [bmv2] [T] [thread 52623] [55.0] [cxt 0] Bytes parsed: 14
[11:51:00.623] [bmv2] [D] [thread 52623] [55.0] [cxt 0] Parser 'parser': end
[11:51:00.624] [bmv2] [D] [thread 52623] [55.0] [cxt 0] Pipeline 'ingress': start
[11:51:00.624] [bmv2] [T] [thread 52623] [55.0] [cxt 0] basic.p4(120) Condition "hdr.ipv4.isValid()" (node_2) is false
[11:51:00.624] [bmv2] [D] [thread 52623] [55.0] [cxt 0] Pipeline 'ingress': end
[11:51:00.624] [bmv2] [D] [thread 52623] [55.0] [cxt 0] Egress port is 0
[11:51:00.624] [bmv2] [D] [thread 52624] [55.0] [cxt 0] Pipeline 'egress': start
[11:51:00.624] [bmv2] [D] [thread 52624] [55.0] [cxt 0] Pipeline 'egress': end
[11:51:00.624] [bmv2] [D] [thread 52624] [55.0] [cxt 0] Deparser 'deparser': start
[11:51:00.624] [bmv2] [D] [thread 52624] [55.0] [cxt 0] Deparsing header 'ethernet'
[11:51:00.624] [bmv2] [D] [thread 52624] [55.0] [cxt 0] Deparser 'deparser': end
[11:51:00.624] [bmv2] [D] [thread 52628] [55.0] [cxt 0] Transmitting packet of size 70 out of port 0
[11:51:00.687] [bmv2] [D] [thread 52623] [56.0] [cxt 0] Processing packet received on port 1
[11:51:00.687] [bmv2] [D] [thread 52623] [56.0] [cxt 0] Parser 'parser': start
[11:51:00.687] [bmv2] [D] [thread 52623] [56.0] [cxt 0] Parser 'parser' entering state 'start'
[11:51:00.687] [bmv2] [D] [thread 52623] [56.0] [cxt 0] Extracting header 'ethernet'
[11:51:00.688] [bmv2] [D] [thread 52623] [56.0] [cxt 0] Parser state 'start': key is 86dd
[11:51:00.688] [bmv2] [T] [thread 52623] [56.0] [cxt 0] Bytes parsed: 14
[11:51:00.688] [bmv2] [D] [thread 52623] [56.0] [cxt 0] Parser 'parser': end
[11:51:00.688] [bmv2] [D] [thread 52623] [56.0] [cxt 0] Pipeline 'ingress': start
[11:51:00.688] [bmv2] [T] [thread 52623] [56.0] [cxt 0] basic.p4(120) Condition "hdr.ipv4.isValid()" (node_2) is false
[11:51:00.688] [bmv2] [D] [thread 52623] [56.0] [cxt 0] Pipeline 'ingress': end
[11:51:00.688] [bmv2] [D] [thread 52623] [56.0] [cxt 0] Egress port is 0
[11:51:00.688] [bmv2] [D] [thread 52623] [57.0] [cxt 0] Processing packet received on port 2
[11:51:00.688] [bmv2] [D] [thread 52623] [57.0] [cxt 0] Parser 'parser': start
[11:51:00.688] [bmv2] [D] [thread 52623] [57.0] [cxt 0] Parser 'parser' entering state 'start'
[11:51:00.688] [bmv2] [D] [thread 52623] [57.0] [cxt 0] Extracting header 'ethernet'
[11:51:00.688] [bmv2] [D] [thread 52624] [56.0] [cxt 0] Pipeline 'egress': start
[11:51:00.688] [bmv2] [D] [thread 52624] [56.0] [cxt 0] Pipeline 'egress': end
[11:51:00.688] [bmv2] [D] [thread 52623] [57.0] [cxt 0] Parser state 'start': key is 86dd
[11:51:00.688] [bmv2] [T] [thread 52623] [57.0] [cxt 0] Bytes parsed: 14
[11:51:00.688] [bmv2] [D] [thread 52623] [57.0] [cxt 0] Parser 'parser': end
[11:51:00.688] [bmv2] [D] [thread 52624] [56.0] [cxt 0] Deparser 'deparser': start
[11:51:00.688] [bmv2] [D] [thread 52624] [56.0] [cxt 0] Deparsing header 'ethernet'
[11:51:00.688] [bmv2] [D] [thread 52624] [56.0] [cxt 0] Deparser 'deparser': end
[11:51:00.688] [bmv2] [D] [thread 52623] [57.0] [cxt 0] Pipeline 'ingress': start
[11:51:00.688] [bmv2] [T] [thread 52623] [57.0] [cxt 0] basic.p4(120) Condition "hdr.ipv4.isValid()" (node_2) is false
[11:51:00.688] [bmv2] [D] [thread 52628] [56.0] [cxt 0] Transmitting packet of size 70 out of port 0
[11:51:00.688] [bmv2] [D] [thread 52623] [57.0] [cxt 0] Pipeline 'ingress': end
[11:51:00.688] [bmv2] [D] [thread 52623] [57.0] [cxt 0] Egress port is 0
[11:51:00.688] [bmv2] [D] [thread 52624] [57.0] [cxt 0] Pipeline 'egress': start
[11:51:00.688] [bmv2] [D] [thread 52624] [57.0] [cxt 0] Pipeline 'egress': end
[11:51:00.688] [bmv2] [D] [thread 52624] [57.0] [cxt 0] Deparser 'deparser': start
[11:51:00.688] [bmv2] [D] [thread 52624] [57.0] [cxt 0] Deparsing header 'ethernet'
[11:51:00.688] [bmv2] [D] [thread 52624] [57.0] [cxt 0] Deparser 'deparser': end
[11:51:00.688] [bmv2] [D] [thread 52628] [57.0] [cxt 0] Transmitting packet of size 70 out of port 0
[11:51:00.711] [bmv2] [D] [thread 52623] [58.0] [cxt 0] Processing packet received on port 3
[11:51:00.711] [bmv2] [D] [thread 52623] [58.0] [cxt 0] Parser 'parser': start
[11:51:00.711] [bmv2] [D] [thread 52623] [58.0] [cxt 0] Parser 'parser' entering state 'start'
[11:51:00.711] [bmv2] [D] [thread 52623] [58.0] [cxt 0] Extracting header 'ethernet'
[11:51:00.711] [bmv2] [D] [thread 52623] [58.0] [cxt 0] Parser state 'start': key is 86dd
[11:51:00.711] [bmv2] [T] [thread 52623] [58.0] [cxt 0] Bytes parsed: 14
[11:51:00.711] [bmv2] [D] [thread 52623] [58.0] [cxt 0] Parser 'parser': end
[11:51:00.711] [bmv2] [D] [thread 52623] [58.0] [cxt 0] Pipeline 'ingress': start
[11:51:00.711] [bmv2] [T] [thread 52623] [58.0] [cxt 0] basic.p4(120) Condition "hdr.ipv4.isValid()" (node_2) is false
[11:51:00.711] [bmv2] [D] [thread 52623] [58.0] [cxt 0] Pipeline 'ingress': end
[11:51:00.711] [bmv2] [D] [thread 52623] [58.0] [cxt 0] Egress port is 0
[11:51:00.711] [bmv2] [D] [thread 52624] [58.0] [cxt 0] Pipeline 'egress': start
[11:51:00.711] [bmv2] [D] [thread 52624] [58.0] [cxt 0] Pipeline 'egress': end
[11:51:00.711] [bmv2] [D] [thread 52624] [58.0] [cxt 0] Deparser 'deparser': start
[11:51:00.711] [bmv2] [D] [thread 52624] [58.0] [cxt 0] Deparsing header 'ethernet'
[11:51:00.711] [bmv2] [D] [thread 52624] [58.0] [cxt 0] Deparser 'deparser': end
[11:51:00.712] [bmv2] [D] [thread 52628] [58.0] [cxt 0] Transmitting packet of size 180 out of port 0
[11:51:00.714] [bmv2] [D] [thread 52623] [59.0] [cxt 0] Processing packet received on port 3
[11:51:00.714] [bmv2] [D] [thread 52623] [59.0] [cxt 0] Parser 'parser': start
[11:51:00.714] [bmv2] [D] [thread 52623] [59.0] [cxt 0] Parser 'parser' entering state 'start'
[11:51:00.714] [bmv2] [D] [thread 52623] [59.0] [cxt 0] Extracting header 'ethernet'
[11:51:00.714] [bmv2] [D] [thread 52623] [59.0] [cxt 0] Parser state 'start': key is 86dd
[11:51:00.714] [bmv2] [T] [thread 52623] [59.0] [cxt 0] Bytes parsed: 14
[11:51:00.714] [bmv2] [D] [thread 52623] [59.0] [cxt 0] Parser 'parser': end
[11:51:00.714] [bmv2] [D] [thread 52623] [59.0] [cxt 0] Pipeline 'ingress': start
[11:51:00.714] [bmv2] [T] [thread 52623] [59.0] [cxt 0] basic.p4(120) Condition "hdr.ipv4.isValid()" (node_2) is false
[11:51:00.714] [bmv2] [D] [thread 52623] [59.0] [cxt 0] Pipeline 'ingress': end
[11:51:00.714] [bmv2] [D] [thread 52623] [59.0] [cxt 0] Egress port is 0
[11:51:00.714] [bmv2] [D] [thread 52624] [59.0] [cxt 0] Pipeline 'egress': start
[11:51:00.714] [bmv2] [D] [thread 52624] [59.0] [cxt 0] Pipeline 'egress': end
[11:51:00.714] [bmv2] [D] [thread 52624] [59.0] [cxt 0] Deparser 'deparser': start
[11:51:00.714] [bmv2] [D] [thread 52624] [59.0] [cxt 0] Deparsing header 'ethernet'
[11:51:00.714] [bmv2] [D] [thread 52624] [59.0] [cxt 0] Deparser 'deparser': end
[11:51:00.714] [bmv2] [D] [thread 52628] [59.0] [cxt 0] Transmitting packet of size 122 out of port 0
[11:51:00.831] [bmv2] [D] [thread 52623] [60.0] [cxt 0] Processing packet received on port 4
[11:51:00.831] [bmv2] [D] [thread 52623] [60.0] [cxt 0] Parser 'parser': start
[11:51:00.831] [bmv2] [D] [thread 52623] [60.0] [cxt 0] Parser 'parser' entering state 'start'
[11:51:00.831] [bmv2] [D] [thread 52623] [60.0] [cxt 0] Extracting header 'ethernet'
[11:51:00.831] [bmv2] [D] [thread 52623] [60.0] [cxt 0] Parser state 'start': key is 86dd
[11:51:00.831] [bmv2] [T] [thread 52623] [60.0] [cxt 0] Bytes parsed: 14
[11:51:00.831] [bmv2] [D] [thread 52623] [60.0] [cxt 0] Parser 'parser': end
[11:51:00.831] [bmv2] [D] [thread 52623] [60.0] [cxt 0] Pipeline 'ingress': start
[11:51:00.831] [bmv2] [T] [thread 52623] [60.0] [cxt 0] basic.p4(120) Condition "hdr.ipv4.isValid()" (node_2) is false
[11:51:00.831] [bmv2] [D] [thread 52623] [60.0] [cxt 0] Pipeline 'ingress': end
[11:51:00.831] [bmv2] [D] [thread 52623] [60.0] [cxt 0] Egress port is 0
[11:51:00.832] [bmv2] [D] [thread 52624] [60.0] [cxt 0] Pipeline 'egress': start
[11:51:00.832] [bmv2] [D] [thread 52624] [60.0] [cxt 0] Pipeline 'egress': end
[11:51:00.832] [bmv2] [D] [thread 52624] [60.0] [cxt 0] Deparser 'deparser': start
[11:51:00.832] [bmv2] [D] [thread 52624] [60.0] [cxt 0] Deparsing header 'ethernet'
[11:51:00.832] [bmv2] [D] [thread 52624] [60.0] [cxt 0] Deparser 'deparser': end
[11:51:00.832] [bmv2] [D] [thread 52628] [60.0] [cxt 0] Transmitting packet of size 208 out of port 0
[11:51:01.097] [bmv2] [D] [thread 52623] [61.0] [cxt 0] Processing packet received on port 4
[11:51:01.097] [bmv2] [D] [thread 52623] [61.0] [cxt 0] Parser 'parser': start
[11:51:01.097] [bmv2] [D] [thread 52623] [61.0] [cxt 0] Parser 'parser' entering state 'start'
[11:51:01.097] [bmv2] [D] [thread 52623] [61.0] [cxt 0] Extracting header 'ethernet'
[11:51:01.097] [bmv2] [D] [thread 52623] [61.0] [cxt 0] Parser state 'start': key is 86dd
[11:51:01.097] [bmv2] [T] [thread 52623] [61.0] [cxt 0] Bytes parsed: 14
[11:51:01.097] [bmv2] [D] [thread 52623] [61.0] [cxt 0] Parser 'parser': end
[11:51:01.097] [bmv2] [D] [thread 52623] [61.0] [cxt 0] Pipeline 'ingress': start
[11:51:01.097] [bmv2] [T] [thread 52623] [61.0] [cxt 0] basic.p4(120) Condition "hdr.ipv4.isValid()" (node_2) is false
[11:51:01.097] [bmv2] [D] [thread 52623] [61.0] [cxt 0] Pipeline 'ingress': end
[11:51:01.097] [bmv2] [D] [thread 52623] [61.0] [cxt 0] Egress port is 0
[11:51:01.097] [bmv2] [D] [thread 52624] [61.0] [cxt 0] Pipeline 'egress': start
[11:51:01.097] [bmv2] [D] [thread 52624] [61.0] [cxt 0] Pipeline 'egress': end
[11:51:01.097] [bmv2] [D] [thread 52624] [61.0] [cxt 0] Deparser 'deparser': start
[11:51:01.097] [bmv2] [D] [thread 52624] [61.0] [cxt 0] Deparsing header 'ethernet'
[11:51:01.097] [bmv2] [D] [thread 52624] [61.0] [cxt 0] Deparser 'deparser': end
[11:51:01.097] [bmv2] [D] [thread 52628] [61.0] [cxt 0] Transmitting packet of size 208 out of port 0
[11:51:01.199] [bmv2] [D] [thread 52623] [62.0] [cxt 0] Processing packet received on port 3
[11:51:01.199] [bmv2] [D] [thread 52623] [62.0] [cxt 0] Parser 'parser': start
[11:51:01.199] [bmv2] [D] [thread 52623] [62.0] [cxt 0] Parser 'parser' entering state 'start'
[11:51:01.199] [bmv2] [D] [thread 52623] [62.0] [cxt 0] Extracting header 'ethernet'
[11:51:01.199] [bmv2] [D] [thread 52623] [62.0] [cxt 0] Parser state 'start': key is 86dd
[11:51:01.200] [bmv2] [T] [thread 52623] [62.0] [cxt 0] Bytes parsed: 14
[11:51:01.200] [bmv2] [D] [thread 52623] [62.0] [cxt 0] Parser 'parser': end
[11:51:01.200] [bmv2] [D] [thread 52623] [62.0] [cxt 0] Pipeline 'ingress': start
[11:51:01.200] [bmv2] [T] [thread 52623] [62.0] [cxt 0] basic.p4(120) Condition "hdr.ipv4.isValid()" (node_2) is false
[11:51:01.200] [bmv2] [D] [thread 52623] [62.0] [cxt 0] Pipeline 'ingress': end
[11:51:01.200] [bmv2] [D] [thread 52623] [62.0] [cxt 0] Egress port is 0
[11:51:01.200] [bmv2] [D] [thread 52624] [62.0] [cxt 0] Pipeline 'egress': start
[11:51:01.200] [bmv2] [D] [thread 52624] [62.0] [cxt 0] Pipeline 'egress': end
[11:51:01.200] [bmv2] [D] [thread 52624] [62.0] [cxt 0] Deparser 'deparser': start
[11:51:01.200] [bmv2] [D] [thread 52624] [62.0] [cxt 0] Deparsing header 'ethernet'
[11:51:01.200] [bmv2] [D] [thread 52624] [62.0] [cxt 0] Deparser 'deparser': end
[11:51:01.200] [bmv2] [D] [thread 52628] [62.0] [cxt 0] Transmitting packet of size 70 out of port 0
[11:51:01.711] [bmv2] [D] [thread 52623] [63.0] [cxt 0] Processing packet received on port 4
[11:51:01.711] [bmv2] [D] [thread 52623] [63.0] [cxt 0] Parser 'parser': start
[11:51:01.711] [bmv2] [D] [thread 52623] [63.0] [cxt 0] Parser 'parser' entering state 'start'
[11:51:01.711] [bmv2] [D] [thread 52623] [63.0] [cxt 0] Extracting header 'ethernet'
[11:51:01.711] [bmv2] [D] [thread 52623] [63.0] [cxt 0] Parser state 'start': key is 86dd
[11:51:01.711] [bmv2] [T] [thread 52623] [63.0] [cxt 0] Bytes parsed: 14
[11:51:01.711] [bmv2] [D] [thread 52623] [63.0] [cxt 0] Parser 'parser': end
[11:51:01.712] [bmv2] [D] [thread 52623] [63.0] [cxt 0] Pipeline 'ingress': start
[11:51:01.712] [bmv2] [T] [thread 52623] [63.0] [cxt 0] basic.p4(120) Condition "hdr.ipv4.isValid()" (node_2) is false
[11:51:01.712] [bmv2] [D] [thread 52623] [63.0] [cxt 0] Pipeline 'ingress': end
[11:51:01.712] [bmv2] [D] [thread 52623] [63.0] [cxt 0] Egress port is 0
[11:51:01.712] [bmv2] [D] [thread 52624] [63.0] [cxt 0] Pipeline 'egress': start
[11:51:01.712] [bmv2] [D] [thread 52624] [63.0] [cxt 0] Pipeline 'egress': end
[11:51:01.712] [bmv2] [D] [thread 52624] [63.0] [cxt 0] Deparser 'deparser': start
[11:51:01.712] [bmv2] [D] [thread 52624] [63.0] [cxt 0] Deparsing header 'ethernet'
[11:51:01.712] [bmv2] [D] [thread 52624] [63.0] [cxt 0] Deparser 'deparser': end
[11:51:01.712] [bmv2] [D] [thread 52628] [63.0] [cxt 0] Transmitting packet of size 70 out of port 0
open: No such file or directory
open: No such file or directory
open: No such file or directory
open: No such file or directory
open: No such file or directory
open: No such file or directory
open: No such file or directory
