Calling target program-options parser
[19:10:11.080] [bmv2] [D] [thread 101654] Set default default entry for table 'MyIngress.ipv4_host': NoAction - 
Adding interface s6-eth1 as port 1
[19:10:11.080] [bmv2] [D] [thread 101654] Adding interface s6-eth1 as port 1
Adding interface s6-eth2 as port 2
[19:10:11.091] [bmv2] [D] [thread 101654] Adding interface s6-eth2 as port 2
Adding interface br-s6-hw as port 3
[19:10:11.110] [bmv2] [D] [thread 101654] Adding interface br-s6-hw as port 3
Server listening on 0.0.0.0:50056
[19:10:11.123] [bmv2] [I] [thread 101654] Starting Thrift server on port 9095
[19:10:11.123] [bmv2] [I] [thread 101654] Thrift server was started
[19:10:13.015] [bmv2] [D] [thread 101666] [0.0] [cxt 0] Processing packet received on port 2
[19:10:13.015] [bmv2] [D] [thread 101666] [0.0] [cxt 0] Parser 'parser': start
[19:10:13.015] [bmv2] [D] [thread 101666] [0.0] [cxt 0] Parser 'parser' entering state 'start'
[19:10:13.015] [bmv2] [D] [thread 101666] [0.0] [cxt 0] Extracting header 'ethernet'
[19:10:13.015] [bmv2] [D] [thread 101666] [0.0] [cxt 0] Parser state 'start': key is 86dd
[19:10:13.015] [bmv2] [T] [thread 101666] [0.0] [cxt 0] Bytes parsed: 14
[19:10:13.015] [bmv2] [D] [thread 101666] [0.0] [cxt 0] Parser 'parser': end
[19:10:13.015] [bmv2] [D] [thread 101666] [0.0] [cxt 0] Pipeline 'ingress': start
[19:10:13.015] [bmv2] [T] [thread 101666] [0.0] [cxt 0] basic.p4(120) Condition "hdr.ipv4.isValid()" (node_2) is false
[19:10:13.015] [bmv2] [D] [thread 101666] [0.0] [cxt 0] Pipeline 'ingress': end
[19:10:13.015] [bmv2] [D] [thread 101666] [0.0] [cxt 0] Egress port is 0
[19:10:13.015] [bmv2] [D] [thread 101667] [0.0] [cxt 0] Pipeline 'egress': start
[19:10:13.015] [bmv2] [D] [thread 101667] [0.0] [cxt 0] Pipeline 'egress': end
[19:10:13.015] [bmv2] [D] [thread 101667] [0.0] [cxt 0] Deparser 'deparser': start
[19:10:13.015] [bmv2] [D] [thread 101667] [0.0] [cxt 0] Deparsing header 'ethernet'
[19:10:13.015] [bmv2] [D] [thread 101667] [0.0] [cxt 0] Deparser 'deparser': end
[19:10:13.016] [bmv2] [D] [thread 101671] [0.0] [cxt 0] Transmitting packet of size 70 out of port 0
[19:10:13.270] [bmv2] [D] [thread 101666] [1.0] [cxt 0] Processing packet received on port 1
[19:10:13.270] [bmv2] [D] [thread 101666] [1.0] [cxt 0] Parser 'parser': start
[19:10:13.270] [bmv2] [D] [thread 101666] [1.0] [cxt 0] Parser 'parser' entering state 'start'
[19:10:13.270] [bmv2] [D] [thread 101666] [1.0] [cxt 0] Extracting header 'ethernet'
[19:10:13.270] [bmv2] [D] [thread 101666] [1.0] [cxt 0] Parser state 'start': key is 86dd
[19:10:13.270] [bmv2] [T] [thread 101666] [1.0] [cxt 0] Bytes parsed: 14
[19:10:13.270] [bmv2] [D] [thread 101666] [1.0] [cxt 0] Parser 'parser': end
[19:10:13.270] [bmv2] [D] [thread 101666] [1.0] [cxt 0] Pipeline 'ingress': start
[19:10:13.271] [bmv2] [T] [thread 101666] [1.0] [cxt 0] basic.p4(120) Condition "hdr.ipv4.isValid()" (node_2) is false
[19:10:13.271] [bmv2] [D] [thread 101666] [1.0] [cxt 0] Pipeline 'ingress': end
[19:10:13.271] [bmv2] [D] [thread 101666] [1.0] [cxt 0] Egress port is 0
[19:10:13.271] [bmv2] [D] [thread 101667] [1.0] [cxt 0] Pipeline 'egress': start
[19:10:13.271] [bmv2] [D] [thread 101667] [1.0] [cxt 0] Pipeline 'egress': end
[19:10:13.271] [bmv2] [D] [thread 101667] [1.0] [cxt 0] Deparser 'deparser': start
[19:10:13.271] [bmv2] [D] [thread 101667] [1.0] [cxt 0] Deparsing header 'ethernet'
[19:10:13.271] [bmv2] [D] [thread 101667] [1.0] [cxt 0] Deparser 'deparser': end
[19:10:13.271] [bmv2] [D] [thread 101671] [1.0] [cxt 0] Transmitting packet of size 70 out of port 0
[19:10:13.974] [bmv2] [D] [thread 101666] [2.0] [cxt 0] Processing packet received on port 1
[19:10:13.974] [bmv2] [D] [thread 101666] [2.0] [cxt 0] Parser 'parser': start
[19:10:13.974] [bmv2] [D] [thread 101666] [2.0] [cxt 0] Parser 'parser' entering state 'start'
[19:10:13.974] [bmv2] [D] [thread 101666] [2.0] [cxt 0] Extracting header 'ethernet'
[19:10:13.975] [bmv2] [D] [thread 101666] [2.0] [cxt 0] Parser state 'start': key is 86dd
[19:10:13.975] [bmv2] [T] [thread 101666] [2.0] [cxt 0] Bytes parsed: 14
[19:10:13.975] [bmv2] [D] [thread 101666] [2.0] [cxt 0] Parser 'parser': end
[19:10:13.975] [bmv2] [D] [thread 101666] [2.0] [cxt 0] Pipeline 'ingress': start
[19:10:13.975] [bmv2] [T] [thread 101666] [2.0] [cxt 0] basic.p4(120) Condition "hdr.ipv4.isValid()" (node_2) is false
[19:10:13.975] [bmv2] [D] [thread 101666] [2.0] [cxt 0] Pipeline 'ingress': end
[19:10:13.975] [bmv2] [D] [thread 101666] [2.0] [cxt 0] Egress port is 0
[19:10:13.975] [bmv2] [D] [thread 101667] [2.0] [cxt 0] Pipeline 'egress': start
[19:10:13.975] [bmv2] [D] [thread 101667] [2.0] [cxt 0] Pipeline 'egress': end
[19:10:13.975] [bmv2] [D] [thread 101667] [2.0] [cxt 0] Deparser 'deparser': start
[19:10:13.975] [bmv2] [D] [thread 101667] [2.0] [cxt 0] Deparsing header 'ethernet'
[19:10:13.975] [bmv2] [D] [thread 101667] [2.0] [cxt 0] Deparser 'deparser': end
[19:10:13.975] [bmv2] [D] [thread 101671] [2.0] [cxt 0] Transmitting packet of size 70 out of port 0
[19:10:20.886] [bmv2] [D] [thread 101666] [3.0] [cxt 0] Processing packet received on port 2
[19:10:20.886] [bmv2] [D] [thread 101666] [3.0] [cxt 0] Parser 'parser': start
[19:10:20.886] [bmv2] [D] [thread 101666] [3.0] [cxt 0] Parser 'parser' entering state 'start'
[19:10:20.886] [bmv2] [D] [thread 101666] [3.0] [cxt 0] Extracting header 'ethernet'
[19:10:20.886] [bmv2] [D] [thread 101666] [3.0] [cxt 0] Parser state 'start': key is 86dd
[19:10:20.886] [bmv2] [T] [thread 101666] [3.0] [cxt 0] Bytes parsed: 14
[19:10:20.886] [bmv2] [D] [thread 101666] [3.0] [cxt 0] Parser 'parser': end
[19:10:20.887] [bmv2] [D] [thread 101666] [3.0] [cxt 0] Pipeline 'ingress': start
[19:10:20.887] [bmv2] [T] [thread 101666] [3.0] [cxt 0] basic.p4(120) Condition "hdr.ipv4.isValid()" (node_2) is false
[19:10:20.887] [bmv2] [D] [thread 101666] [3.0] [cxt 0] Pipeline 'ingress': end
[19:10:20.887] [bmv2] [D] [thread 101666] [3.0] [cxt 0] Egress port is 0
[19:10:20.887] [bmv2] [D] [thread 101666] [4.0] [cxt 0] Processing packet received on port 1
[19:10:20.887] [bmv2] [D] [thread 101666] [4.0] [cxt 0] Parser 'parser': start
[19:10:20.887] [bmv2] [D] [thread 101666] [4.0] [cxt 0] Parser 'parser' entering state 'start'
[19:10:20.887] [bmv2] [D] [thread 101666] [4.0] [cxt 0] Extracting header 'ethernet'
[19:10:20.887] [bmv2] [D] [thread 101667] [3.0] [cxt 0] Pipeline 'egress': start
[19:10:20.887] [bmv2] [D] [thread 101667] [3.0] [cxt 0] Pipeline 'egress': end
[19:10:20.887] [bmv2] [D] [thread 101667] [3.0] [cxt 0] Deparser 'deparser': start
[19:10:20.887] [bmv2] [D] [thread 101666] [4.0] [cxt 0] Parser state 'start': key is 86dd
[19:10:20.887] [bmv2] [T] [thread 101666] [4.0] [cxt 0] Bytes parsed: 14
[19:10:20.887] [bmv2] [D] [thread 101666] [4.0] [cxt 0] Parser 'parser': end
[19:10:20.887] [bmv2] [D] [thread 101667] [3.0] [cxt 0] Deparsing header 'ethernet'
[19:10:20.887] [bmv2] [D] [thread 101667] [3.0] [cxt 0] Deparser 'deparser': end
[19:10:20.887] [bmv2] [D] [thread 101666] [4.0] [cxt 0] Pipeline 'ingress': start
[19:10:20.887] [bmv2] [T] [thread 101666] [4.0] [cxt 0] basic.p4(120) Condition "hdr.ipv4.isValid()" (node_2) is false
[19:10:20.887] [bmv2] [D] [thread 101671] [3.0] [cxt 0] Transmitting packet of size 70 out of port 0
[19:10:20.887] [bmv2] [D] [thread 101666] [4.0] [cxt 0] Pipeline 'ingress': end
[19:10:20.887] [bmv2] [D] [thread 101666] [4.0] [cxt 0] Egress port is 0
[19:10:20.887] [bmv2] [D] [thread 101667] [4.0] [cxt 0] Pipeline 'egress': start
[19:10:20.887] [bmv2] [D] [thread 101667] [4.0] [cxt 0] Pipeline 'egress': end
[19:10:20.887] [bmv2] [D] [thread 101667] [4.0] [cxt 0] Deparser 'deparser': start
[19:10:20.887] [bmv2] [D] [thread 101667] [4.0] [cxt 0] Deparsing header 'ethernet'
[19:10:20.887] [bmv2] [D] [thread 101667] [4.0] [cxt 0] Deparser 'deparser': end
[19:10:20.887] [bmv2] [D] [thread 101671] [4.0] [cxt 0] Transmitting packet of size 70 out of port 0
[19:10:21.910] [bmv2] [D] [thread 101666] [5.0] [cxt 0] Processing packet received on port 1
[19:10:21.910] [bmv2] [D] [thread 101666] [5.0] [cxt 0] Parser 'parser': start
[19:10:21.911] [bmv2] [D] [thread 101666] [5.0] [cxt 0] Parser 'parser' entering state 'start'
[19:10:21.911] [bmv2] [D] [thread 101666] [5.0] [cxt 0] Extracting header 'ethernet'
[19:10:21.911] [bmv2] [D] [thread 101666] [5.0] [cxt 0] Parser state 'start': key is 86dd
[19:10:21.911] [bmv2] [T] [thread 101666] [5.0] [cxt 0] Bytes parsed: 14
[19:10:21.911] [bmv2] [D] [thread 101666] [5.0] [cxt 0] Parser 'parser': end
[19:10:21.911] [bmv2] [D] [thread 101666] [5.0] [cxt 0] Pipeline 'ingress': start
[19:10:21.911] [bmv2] [T] [thread 101666] [5.0] [cxt 0] basic.p4(120) Condition "hdr.ipv4.isValid()" (node_2) is false
[19:10:21.911] [bmv2] [D] [thread 101666] [5.0] [cxt 0] Pipeline 'ingress': end
[19:10:21.911] [bmv2] [D] [thread 101666] [5.0] [cxt 0] Egress port is 0
[19:10:21.911] [bmv2] [D] [thread 101667] [5.0] [cxt 0] Pipeline 'egress': start
[19:10:21.911] [bmv2] [D] [thread 101667] [5.0] [cxt 0] Pipeline 'egress': end
[19:10:21.911] [bmv2] [D] [thread 101667] [5.0] [cxt 0] Deparser 'deparser': start
[19:10:21.911] [bmv2] [D] [thread 101667] [5.0] [cxt 0] Deparsing header 'ethernet'
[19:10:21.911] [bmv2] [D] [thread 101667] [5.0] [cxt 0] Deparser 'deparser': end
[19:10:21.911] [bmv2] [D] [thread 101671] [5.0] [cxt 0] Transmitting packet of size 70 out of port 0
[19:10:35.734] [bmv2] [D] [thread 101666] [6.0] [cxt 0] Processing packet received on port 1
[19:10:35.734] [bmv2] [D] [thread 101666] [6.0] [cxt 0] Parser 'parser': start
[19:10:35.734] [bmv2] [D] [thread 101666] [6.0] [cxt 0] Parser 'parser' entering state 'start'
[19:10:35.734] [bmv2] [D] [thread 101666] [6.0] [cxt 0] Extracting header 'ethernet'
[19:10:35.735] [bmv2] [D] [thread 101666] [6.0] [cxt 0] Parser state 'start': key is 86dd
[19:10:35.735] [bmv2] [T] [thread 101666] [6.0] [cxt 0] Bytes parsed: 14
[19:10:35.735] [bmv2] [D] [thread 101666] [6.0] [cxt 0] Parser 'parser': end
[19:10:35.735] [bmv2] [D] [thread 101666] [6.0] [cxt 0] Pipeline 'ingress': start
[19:10:35.735] [bmv2] [T] [thread 101666] [6.0] [cxt 0] basic.p4(120) Condition "hdr.ipv4.isValid()" (node_2) is false
[19:10:35.735] [bmv2] [D] [thread 101666] [6.0] [cxt 0] Pipeline 'ingress': end
[19:10:35.735] [bmv2] [D] [thread 101666] [6.0] [cxt 0] Egress port is 0
[19:10:35.735] [bmv2] [D] [thread 101667] [6.0] [cxt 0] Pipeline 'egress': start
[19:10:35.735] [bmv2] [D] [thread 101667] [6.0] [cxt 0] Pipeline 'egress': end
[19:10:35.735] [bmv2] [D] [thread 101667] [6.0] [cxt 0] Deparser 'deparser': start
[19:10:35.735] [bmv2] [D] [thread 101667] [6.0] [cxt 0] Deparsing header 'ethernet'
[19:10:35.735] [bmv2] [D] [thread 101667] [6.0] [cxt 0] Deparser 'deparser': end
[19:10:35.735] [bmv2] [D] [thread 101671] [6.0] [cxt 0] Transmitting packet of size 70 out of port 0
[19:10:37.270] [bmv2] [D] [thread 101666] [7.0] [cxt 0] Processing packet received on port 2
[19:10:37.270] [bmv2] [D] [thread 101666] [7.0] [cxt 0] Parser 'parser': start
[19:10:37.270] [bmv2] [D] [thread 101666] [7.0] [cxt 0] Parser 'parser' entering state 'start'
[19:10:37.270] [bmv2] [D] [thread 101666] [7.0] [cxt 0] Extracting header 'ethernet'
[19:10:37.270] [bmv2] [D] [thread 101666] [7.0] [cxt 0] Parser state 'start': key is 86dd
[19:10:37.270] [bmv2] [T] [thread 101666] [7.0] [cxt 0] Bytes parsed: 14
[19:10:37.270] [bmv2] [D] [thread 101666] [7.0] [cxt 0] Parser 'parser': end
[19:10:37.270] [bmv2] [D] [thread 101666] [7.0] [cxt 0] Pipeline 'ingress': start
[19:10:37.270] [bmv2] [T] [thread 101666] [7.0] [cxt 0] basic.p4(120) Condition "hdr.ipv4.isValid()" (node_2) is false
[19:10:37.270] [bmv2] [D] [thread 101666] [7.0] [cxt 0] Pipeline 'ingress': end
[19:10:37.270] [bmv2] [D] [thread 101666] [7.0] [cxt 0] Egress port is 0
[19:10:37.271] [bmv2] [D] [thread 101667] [7.0] [cxt 0] Pipeline 'egress': start
[19:10:37.271] [bmv2] [D] [thread 101667] [7.0] [cxt 0] Pipeline 'egress': end
[19:10:37.271] [bmv2] [D] [thread 101667] [7.0] [cxt 0] Deparser 'deparser': start
[19:10:37.271] [bmv2] [D] [thread 101667] [7.0] [cxt 0] Deparsing header 'ethernet'
[19:10:37.271] [bmv2] [D] [thread 101667] [7.0] [cxt 0] Deparser 'deparser': end
[19:10:37.271] [bmv2] [D] [thread 101671] [7.0] [cxt 0] Transmitting packet of size 70 out of port 0
[19:10:37.783] [bmv2] [D] [thread 101666] [8.0] [cxt 0] Processing packet received on port 1
[19:10:37.783] [bmv2] [D] [thread 101666] [8.0] [cxt 0] Parser 'parser': start
[19:10:37.783] [bmv2] [D] [thread 101666] [8.0] [cxt 0] Parser 'parser' entering state 'start'
[19:10:37.783] [bmv2] [D] [thread 101666] [8.0] [cxt 0] Extracting header 'ethernet'
[19:10:37.783] [bmv2] [D] [thread 101666] [8.0] [cxt 0] Parser state 'start': key is 86dd
[19:10:37.783] [bmv2] [T] [thread 101666] [8.0] [cxt 0] Bytes parsed: 14
[19:10:37.783] [bmv2] [D] [thread 101666] [8.0] [cxt 0] Parser 'parser': end
[19:10:37.783] [bmv2] [D] [thread 101666] [8.0] [cxt 0] Pipeline 'ingress': start
[19:10:37.783] [bmv2] [T] [thread 101666] [8.0] [cxt 0] basic.p4(120) Condition "hdr.ipv4.isValid()" (node_2) is false
[19:10:37.783] [bmv2] [D] [thread 101666] [8.0] [cxt 0] Pipeline 'ingress': end
[19:10:37.783] [bmv2] [D] [thread 101666] [8.0] [cxt 0] Egress port is 0
[19:10:37.783] [bmv2] [D] [thread 101667] [8.0] [cxt 0] Pipeline 'egress': start
[19:10:37.783] [bmv2] [D] [thread 101667] [8.0] [cxt 0] Pipeline 'egress': end
[19:10:37.783] [bmv2] [D] [thread 101667] [8.0] [cxt 0] Deparser 'deparser': start
[19:10:37.783] [bmv2] [D] [thread 101667] [8.0] [cxt 0] Deparsing header 'ethernet'
[19:10:37.783] [bmv2] [D] [thread 101667] [8.0] [cxt 0] Deparser 'deparser': end
[19:10:37.783] [bmv2] [D] [thread 101671] [8.0] [cxt 0] Transmitting packet of size 70 out of port 0
[19:11:05.430] [bmv2] [D] [thread 101666] [9.0] [cxt 0] Processing packet received on port 1
[19:11:05.430] [bmv2] [D] [thread 101666] [9.0] [cxt 0] Parser 'parser': start
[19:11:05.430] [bmv2] [D] [thread 101666] [9.0] [cxt 0] Parser 'parser' entering state 'start'
[19:11:05.430] [bmv2] [D] [thread 101666] [9.0] [cxt 0] Extracting header 'ethernet'
[19:11:05.431] [bmv2] [D] [thread 101666] [9.0] [cxt 0] Parser state 'start': key is 86dd
[19:11:05.431] [bmv2] [T] [thread 101666] [9.0] [cxt 0] Bytes parsed: 14
[19:11:05.431] [bmv2] [D] [thread 101666] [9.0] [cxt 0] Parser 'parser': end
[19:11:05.431] [bmv2] [D] [thread 101666] [9.0] [cxt 0] Pipeline 'ingress': start
[19:11:05.431] [bmv2] [T] [thread 101666] [9.0] [cxt 0] basic.p4(120) Condition "hdr.ipv4.isValid()" (node_2) is false
[19:11:05.431] [bmv2] [D] [thread 101666] [9.0] [cxt 0] Pipeline 'ingress': end
[19:11:05.431] [bmv2] [D] [thread 101666] [9.0] [cxt 0] Egress port is 0
[19:11:05.431] [bmv2] [D] [thread 101667] [9.0] [cxt 0] Pipeline 'egress': start
[19:11:05.431] [bmv2] [D] [thread 101667] [9.0] [cxt 0] Pipeline 'egress': end
[19:11:05.431] [bmv2] [D] [thread 101667] [9.0] [cxt 0] Deparser 'deparser': start
[19:11:05.431] [bmv2] [D] [thread 101667] [9.0] [cxt 0] Deparsing header 'ethernet'
[19:11:05.431] [bmv2] [D] [thread 101667] [9.0] [cxt 0] Deparser 'deparser': end
[19:11:05.431] [bmv2] [D] [thread 101671] [9.0] [cxt 0] Transmitting packet of size 70 out of port 0
[19:11:08.502] [bmv2] [D] [thread 101666] [10.0] [cxt 0] Processing packet received on port 1
[19:11:08.502] [bmv2] [D] [thread 101666] [10.0] [cxt 0] Parser 'parser': start
[19:11:08.502] [bmv2] [D] [thread 101666] [10.0] [cxt 0] Parser 'parser' entering state 'start'
[19:11:08.502] [bmv2] [D] [thread 101666] [10.0] [cxt 0] Extracting header 'ethernet'
[19:11:08.503] [bmv2] [D] [thread 101666] [10.0] [cxt 0] Parser state 'start': key is 86dd
[19:11:08.503] [bmv2] [T] [thread 101666] [10.0] [cxt 0] Bytes parsed: 14
[19:11:08.503] [bmv2] [D] [thread 101666] [10.0] [cxt 0] Parser 'parser': end
[19:11:08.503] [bmv2] [D] [thread 101666] [10.0] [cxt 0] Pipeline 'ingress': start
[19:11:08.503] [bmv2] [T] [thread 101666] [10.0] [cxt 0] basic.p4(120) Condition "hdr.ipv4.isValid()" (node_2) is false
[19:11:08.503] [bmv2] [D] [thread 101666] [10.0] [cxt 0] Pipeline 'ingress': end
[19:11:08.503] [bmv2] [D] [thread 101666] [10.0] [cxt 0] Egress port is 0
[19:11:08.503] [bmv2] [D] [thread 101667] [10.0] [cxt 0] Pipeline 'egress': start
[19:11:08.503] [bmv2] [D] [thread 101667] [10.0] [cxt 0] Pipeline 'egress': end
[19:11:08.503] [bmv2] [D] [thread 101667] [10.0] [cxt 0] Deparser 'deparser': start
[19:11:08.503] [bmv2] [D] [thread 101667] [10.0] [cxt 0] Deparsing header 'ethernet'
[19:11:08.503] [bmv2] [D] [thread 101667] [10.0] [cxt 0] Deparser 'deparser': end
[19:11:08.503] [bmv2] [D] [thread 101671] [10.0] [cxt 0] Transmitting packet of size 70 out of port 0
[19:11:09.014] [bmv2] [D] [thread 101666] [11.0] [cxt 0] Processing packet received on port 2
[19:11:09.014] [bmv2] [D] [thread 101666] [11.0] [cxt 0] Parser 'parser': start
[19:11:09.014] [bmv2] [D] [thread 101666] [11.0] [cxt 0] Parser 'parser' entering state 'start'
[19:11:09.014] [bmv2] [D] [thread 101666] [11.0] [cxt 0] Extracting header 'ethernet'
[19:11:09.014] [bmv2] [D] [thread 101666] [11.0] [cxt 0] Parser state 'start': key is 86dd
[19:11:09.014] [bmv2] [T] [thread 101666] [11.0] [cxt 0] Bytes parsed: 14
[19:11:09.014] [bmv2] [D] [thread 101666] [11.0] [cxt 0] Parser 'parser': end
[19:11:09.014] [bmv2] [D] [thread 101666] [11.0] [cxt 0] Pipeline 'ingress': start
[19:11:09.014] [bmv2] [T] [thread 101666] [11.0] [cxt 0] basic.p4(120) Condition "hdr.ipv4.isValid()" (node_2) is false
[19:11:09.014] [bmv2] [D] [thread 101666] [11.0] [cxt 0] Pipeline 'ingress': end
[19:11:09.014] [bmv2] [D] [thread 101666] [11.0] [cxt 0] Egress port is 0
[19:11:09.015] [bmv2] [D] [thread 101667] [11.0] [cxt 0] Pipeline 'egress': start
[19:11:09.015] [bmv2] [D] [thread 101667] [11.0] [cxt 0] Pipeline 'egress': end
[19:11:09.015] [bmv2] [D] [thread 101667] [11.0] [cxt 0] Deparser 'deparser': start
[19:11:09.015] [bmv2] [D] [thread 101667] [11.0] [cxt 0] Deparsing header 'ethernet'
[19:11:09.015] [bmv2] [D] [thread 101667] [11.0] [cxt 0] Deparser 'deparser': end
[19:11:09.015] [bmv2] [D] [thread 101671] [11.0] [cxt 0] Transmitting packet of size 70 out of port 0
[19:12:06.871] [bmv2] [D] [thread 101666] [12.0] [cxt 0] Processing packet received on port 1
[19:12:06.871] [bmv2] [D] [thread 101666] [12.0] [cxt 0] Parser 'parser': start
[19:12:06.871] [bmv2] [D] [thread 101666] [12.0] [cxt 0] Parser 'parser' entering state 'start'
[19:12:06.871] [bmv2] [D] [thread 101666] [12.0] [cxt 0] Extracting header 'ethernet'
[19:12:06.871] [bmv2] [D] [thread 101666] [12.0] [cxt 0] Parser state 'start': key is 86dd
[19:12:06.871] [bmv2] [T] [thread 101666] [12.0] [cxt 0] Bytes parsed: 14
[19:12:06.871] [bmv2] [D] [thread 101666] [12.0] [cxt 0] Parser 'parser': end
[19:12:06.871] [bmv2] [D] [thread 101666] [12.0] [cxt 0] Pipeline 'ingress': start
[19:12:06.871] [bmv2] [T] [thread 101666] [12.0] [cxt 0] basic.p4(120) Condition "hdr.ipv4.isValid()" (node_2) is false
[19:12:06.871] [bmv2] [D] [thread 101666] [12.0] [cxt 0] Pipeline 'ingress': end
[19:12:06.871] [bmv2] [D] [thread 101666] [12.0] [cxt 0] Egress port is 0
[19:12:06.871] [bmv2] [D] [thread 101667] [12.0] [cxt 0] Pipeline 'egress': start
[19:12:06.871] [bmv2] [D] [thread 101667] [12.0] [cxt 0] Pipeline 'egress': end
[19:12:06.871] [bmv2] [D] [thread 101667] [12.0] [cxt 0] Deparser 'deparser': start
[19:12:06.872] [bmv2] [D] [thread 101667] [12.0] [cxt 0] Deparsing header 'ethernet'
[19:12:06.872] [bmv2] [D] [thread 101667] [12.0] [cxt 0] Deparser 'deparser': end
[19:12:06.872] [bmv2] [D] [thread 101671] [12.0] [cxt 0] Transmitting packet of size 70 out of port 0
[19:12:10.966] [bmv2] [D] [thread 101666] [13.0] [cxt 0] Processing packet received on port 1
[19:12:10.966] [bmv2] [D] [thread 101666] [13.0] [cxt 0] Parser 'parser': start
[19:12:10.966] [bmv2] [D] [thread 101666] [13.0] [cxt 0] Parser 'parser' entering state 'start'
[19:12:10.966] [bmv2] [D] [thread 101666] [13.0] [cxt 0] Extracting header 'ethernet'
[19:12:10.966] [bmv2] [D] [thread 101666] [13.0] [cxt 0] Parser state 'start': key is 86dd
[19:12:10.966] [bmv2] [T] [thread 101666] [13.0] [cxt 0] Bytes parsed: 14
[19:12:10.967] [bmv2] [D] [thread 101666] [13.0] [cxt 0] Parser 'parser': end
[19:12:10.967] [bmv2] [D] [thread 101666] [13.0] [cxt 0] Pipeline 'ingress': start
[19:12:10.967] [bmv2] [T] [thread 101666] [13.0] [cxt 0] basic.p4(120) Condition "hdr.ipv4.isValid()" (node_2) is false
[19:12:10.967] [bmv2] [D] [thread 101666] [13.0] [cxt 0] Pipeline 'ingress': end
[19:12:10.967] [bmv2] [D] [thread 101666] [13.0] [cxt 0] Egress port is 0
[19:12:10.967] [bmv2] [D] [thread 101667] [13.0] [cxt 0] Pipeline 'egress': start
[19:12:10.967] [bmv2] [D] [thread 101667] [13.0] [cxt 0] Pipeline 'egress': end
[19:12:10.967] [bmv2] [D] [thread 101667] [13.0] [cxt 0] Deparser 'deparser': start
[19:12:10.967] [bmv2] [D] [thread 101667] [13.0] [cxt 0] Deparsing header 'ethernet'
[19:12:10.967] [bmv2] [D] [thread 101667] [13.0] [cxt 0] Deparser 'deparser': end
[19:12:10.967] [bmv2] [D] [thread 101671] [13.0] [cxt 0] Transmitting packet of size 70 out of port 0
[19:12:15.062] [bmv2] [D] [thread 101666] [14.0] [cxt 0] Processing packet received on port 2
[19:12:15.062] [bmv2] [D] [thread 101666] [14.0] [cxt 0] Parser 'parser': start
[19:12:15.062] [bmv2] [D] [thread 101666] [14.0] [cxt 0] Parser 'parser' entering state 'start'
[19:12:15.062] [bmv2] [D] [thread 101666] [14.0] [cxt 0] Extracting header 'ethernet'
[19:12:15.062] [bmv2] [D] [thread 101666] [14.0] [cxt 0] Parser state 'start': key is 86dd
[19:12:15.062] [bmv2] [T] [thread 101666] [14.0] [cxt 0] Bytes parsed: 14
[19:12:15.062] [bmv2] [D] [thread 101666] [14.0] [cxt 0] Parser 'parser': end
[19:12:15.062] [bmv2] [D] [thread 101666] [14.0] [cxt 0] Pipeline 'ingress': start
[19:12:15.063] [bmv2] [T] [thread 101666] [14.0] [cxt 0] basic.p4(120) Condition "hdr.ipv4.isValid()" (node_2) is false
[19:12:15.063] [bmv2] [D] [thread 101666] [14.0] [cxt 0] Pipeline 'ingress': end
[19:12:15.063] [bmv2] [D] [thread 101666] [14.0] [cxt 0] Egress port is 0
[19:12:15.063] [bmv2] [D] [thread 101667] [14.0] [cxt 0] Pipeline 'egress': start
[19:12:15.063] [bmv2] [D] [thread 101667] [14.0] [cxt 0] Pipeline 'egress': end
[19:12:15.063] [bmv2] [D] [thread 101667] [14.0] [cxt 0] Deparser 'deparser': start
[19:12:15.063] [bmv2] [D] [thread 101667] [14.0] [cxt 0] Deparsing header 'ethernet'
[19:12:15.063] [bmv2] [D] [thread 101667] [14.0] [cxt 0] Deparser 'deparser': end
[19:12:15.063] [bmv2] [D] [thread 101671] [14.0] [cxt 0] Transmitting packet of size 70 out of port 0
[19:14:09.750] [bmv2] [D] [thread 101666] [15.0] [cxt 0] Processing packet received on port 1
[19:14:09.750] [bmv2] [D] [thread 101666] [15.0] [cxt 0] Parser 'parser': start
[19:14:09.750] [bmv2] [D] [thread 101666] [15.0] [cxt 0] Parser 'parser' entering state 'start'
[19:14:09.751] [bmv2] [D] [thread 101666] [15.0] [cxt 0] Extracting header 'ethernet'
[19:14:09.751] [bmv2] [D] [thread 101666] [15.0] [cxt 0] Parser state 'start': key is 86dd
[19:14:09.751] [bmv2] [T] [thread 101666] [15.0] [cxt 0] Bytes parsed: 14
[19:14:09.751] [bmv2] [D] [thread 101666] [15.0] [cxt 0] Parser 'parser': end
[19:14:09.751] [bmv2] [D] [thread 101666] [15.0] [cxt 0] Pipeline 'ingress': start
[19:14:09.751] [bmv2] [T] [thread 101666] [15.0] [cxt 0] basic.p4(120) Condition "hdr.ipv4.isValid()" (node_2) is false
[19:14:09.751] [bmv2] [D] [thread 101666] [15.0] [cxt 0] Pipeline 'ingress': end
[19:14:09.751] [bmv2] [D] [thread 101666] [15.0] [cxt 0] Egress port is 0
[19:14:09.751] [bmv2] [D] [thread 101666] [16.0] [cxt 0] Processing packet received on port 1
[19:14:09.751] [bmv2] [D] [thread 101666] [16.0] [cxt 0] Parser 'parser': start
[19:14:09.751] [bmv2] [D] [thread 101666] [16.0] [cxt 0] Parser 'parser' entering state 'start'
[19:14:09.751] [bmv2] [D] [thread 101667] [15.0] [cxt 0] Pipeline 'egress': start
[19:14:09.751] [bmv2] [D] [thread 101667] [15.0] [cxt 0] Pipeline 'egress': end
[19:14:09.751] [bmv2] [D] [thread 101667] [15.0] [cxt 0] Deparser 'deparser': start
[19:14:09.751] [bmv2] [D] [thread 101667] [15.0] [cxt 0] Deparsing header 'ethernet'
[19:14:09.751] [bmv2] [D] [thread 101667] [15.0] [cxt 0] Deparser 'deparser': end
[19:14:09.751] [bmv2] [D] [thread 101666] [16.0] [cxt 0] Extracting header 'ethernet'
[19:14:09.751] [bmv2] [D] [thread 101666] [16.0] [cxt 0] Parser state 'start': key is 86dd
[19:14:09.751] [bmv2] [T] [thread 101666] [16.0] [cxt 0] Bytes parsed: 14
[19:14:09.751] [bmv2] [D] [thread 101666] [16.0] [cxt 0] Parser 'parser': end
[19:14:09.751] [bmv2] [D] [thread 101671] [15.0] [cxt 0] Transmitting packet of size 70 out of port 0
[19:14:09.751] [bmv2] [D] [thread 101666] [16.0] [cxt 0] Pipeline 'ingress': start
[19:14:09.751] [bmv2] [T] [thread 101666] [16.0] [cxt 0] basic.p4(120) Condition "hdr.ipv4.isValid()" (node_2) is false
[19:14:09.751] [bmv2] [D] [thread 101666] [16.0] [cxt 0] Pipeline 'ingress': end
[19:14:09.751] [bmv2] [D] [thread 101666] [16.0] [cxt 0] Egress port is 0
[19:14:09.752] [bmv2] [D] [thread 101667] [16.0] [cxt 0] Pipeline 'egress': start
[19:14:09.752] [bmv2] [D] [thread 101667] [16.0] [cxt 0] Pipeline 'egress': end
[19:14:09.752] [bmv2] [D] [thread 101667] [16.0] [cxt 0] Deparser 'deparser': start
[19:14:09.752] [bmv2] [D] [thread 101667] [16.0] [cxt 0] Deparsing header 'ethernet'
[19:14:09.752] [bmv2] [D] [thread 101667] [16.0] [cxt 0] Deparser 'deparser': end
[19:14:09.752] [bmv2] [D] [thread 101671] [16.0] [cxt 0] Transmitting packet of size 70 out of port 0
[19:14:26.134] [bmv2] [D] [thread 101666] [17.0] [cxt 0] Processing packet received on port 2
[19:14:26.134] [bmv2] [D] [thread 101666] [17.0] [cxt 0] Parser 'parser': start
[19:14:26.134] [bmv2] [D] [thread 101666] [17.0] [cxt 0] Parser 'parser' entering state 'start'
[19:14:26.134] [bmv2] [D] [thread 101666] [17.0] [cxt 0] Extracting header 'ethernet'
[19:14:26.134] [bmv2] [D] [thread 101666] [17.0] [cxt 0] Parser state 'start': key is 86dd
[19:14:26.134] [bmv2] [T] [thread 101666] [17.0] [cxt 0] Bytes parsed: 14
[19:14:26.134] [bmv2] [D] [thread 101666] [17.0] [cxt 0] Parser 'parser': end
[19:14:26.135] [bmv2] [D] [thread 101666] [17.0] [cxt 0] Pipeline 'ingress': start
[19:14:26.135] [bmv2] [T] [thread 101666] [17.0] [cxt 0] basic.p4(120) Condition "hdr.ipv4.isValid()" (node_2) is false
[19:14:26.135] [bmv2] [D] [thread 101666] [17.0] [cxt 0] Pipeline 'ingress': end
[19:14:26.135] [bmv2] [D] [thread 101666] [17.0] [cxt 0] Egress port is 0
[19:14:26.135] [bmv2] [D] [thread 101667] [17.0] [cxt 0] Pipeline 'egress': start
[19:14:26.135] [bmv2] [D] [thread 101667] [17.0] [cxt 0] Pipeline 'egress': end
[19:14:26.135] [bmv2] [D] [thread 101667] [17.0] [cxt 0] Deparser 'deparser': start
[19:14:26.135] [bmv2] [D] [thread 101667] [17.0] [cxt 0] Deparsing header 'ethernet'
[19:14:26.135] [bmv2] [D] [thread 101667] [17.0] [cxt 0] Deparser 'deparser': end
[19:14:26.135] [bmv2] [D] [thread 101671] [17.0] [cxt 0] Transmitting packet of size 70 out of port 0
[19:17:55.030] [bmv2] [D] [thread 101666] [18.0] [cxt 0] Processing packet received on port 1
[19:17:55.030] [bmv2] [D] [thread 101666] [18.0] [cxt 0] Parser 'parser': start
[19:17:55.030] [bmv2] [D] [thread 101666] [18.0] [cxt 0] Parser 'parser' entering state 'start'
[19:17:55.030] [bmv2] [D] [thread 101666] [18.0] [cxt 0] Extracting header 'ethernet'
[19:17:55.030] [bmv2] [D] [thread 101666] [18.0] [cxt 0] Parser state 'start': key is 86dd
[19:17:55.030] [bmv2] [T] [thread 101666] [18.0] [cxt 0] Bytes parsed: 14
[19:17:55.031] [bmv2] [D] [thread 101666] [18.0] [cxt 0] Parser 'parser': end
[19:17:55.031] [bmv2] [D] [thread 101666] [18.0] [cxt 0] Pipeline 'ingress': start
[19:17:55.031] [bmv2] [T] [thread 101666] [18.0] [cxt 0] basic.p4(120) Condition "hdr.ipv4.isValid()" (node_2) is false
[19:17:55.031] [bmv2] [D] [thread 101666] [18.0] [cxt 0] Pipeline 'ingress': end
[19:17:55.031] [bmv2] [D] [thread 101666] [18.0] [cxt 0] Egress port is 0
[19:17:55.031] [bmv2] [D] [thread 101667] [18.0] [cxt 0] Pipeline 'egress': start
[19:17:55.031] [bmv2] [D] [thread 101667] [18.0] [cxt 0] Pipeline 'egress': end
[19:17:55.031] [bmv2] [D] [thread 101667] [18.0] [cxt 0] Deparser 'deparser': start
[19:17:55.031] [bmv2] [D] [thread 101667] [18.0] [cxt 0] Deparsing header 'ethernet'
[19:17:55.031] [bmv2] [D] [thread 101667] [18.0] [cxt 0] Deparser 'deparser': end
[19:17:55.031] [bmv2] [D] [thread 101671] [18.0] [cxt 0] Transmitting packet of size 70 out of port 0
[19:18:23.702] [bmv2] [D] [thread 101666] [19.0] [cxt 0] Processing packet received on port 1
[19:18:23.702] [bmv2] [D] [thread 101666] [19.0] [cxt 0] Parser 'parser': start
[19:18:23.702] [bmv2] [D] [thread 101666] [19.0] [cxt 0] Parser 'parser' entering state 'start'
[19:18:23.702] [bmv2] [D] [thread 101666] [19.0] [cxt 0] Extracting header 'ethernet'
[19:18:23.702] [bmv2] [D] [thread 101666] [19.0] [cxt 0] Parser state 'start': key is 86dd
[19:18:23.703] [bmv2] [T] [thread 101666] [19.0] [cxt 0] Bytes parsed: 14
[19:18:23.703] [bmv2] [D] [thread 101666] [19.0] [cxt 0] Parser 'parser': end
[19:18:23.703] [bmv2] [D] [thread 101666] [19.0] [cxt 0] Pipeline 'ingress': start
[19:18:23.703] [bmv2] [T] [thread 101666] [19.0] [cxt 0] basic.p4(120) Condition "hdr.ipv4.isValid()" (node_2) is false
[19:18:23.703] [bmv2] [D] [thread 101666] [19.0] [cxt 0] Pipeline 'ingress': end
[19:18:23.703] [bmv2] [D] [thread 101666] [19.0] [cxt 0] Egress port is 0
[19:18:23.703] [bmv2] [D] [thread 101667] [19.0] [cxt 0] Pipeline 'egress': start
[19:18:23.703] [bmv2] [D] [thread 101667] [19.0] [cxt 0] Pipeline 'egress': end
[19:18:23.703] [bmv2] [D] [thread 101667] [19.0] [cxt 0] Deparser 'deparser': start
[19:18:23.703] [bmv2] [D] [thread 101667] [19.0] [cxt 0] Deparsing header 'ethernet'
[19:18:23.703] [bmv2] [D] [thread 101667] [19.0] [cxt 0] Deparser 'deparser': end
[19:18:23.703] [bmv2] [D] [thread 101671] [19.0] [cxt 0] Transmitting packet of size 70 out of port 0
[19:18:35.990] [bmv2] [D] [thread 101666] [20.0] [cxt 0] Processing packet received on port 2
[19:18:35.990] [bmv2] [D] [thread 101666] [20.0] [cxt 0] Parser 'parser': start
[19:18:35.990] [bmv2] [D] [thread 101666] [20.0] [cxt 0] Parser 'parser' entering state 'start'
[19:18:35.990] [bmv2] [D] [thread 101666] [20.0] [cxt 0] Extracting header 'ethernet'
[19:18:35.990] [bmv2] [D] [thread 101666] [20.0] [cxt 0] Parser state 'start': key is 86dd
[19:18:35.991] [bmv2] [T] [thread 101666] [20.0] [cxt 0] Bytes parsed: 14
[19:18:35.991] [bmv2] [D] [thread 101666] [20.0] [cxt 0] Parser 'parser': end
[19:18:35.991] [bmv2] [D] [thread 101666] [20.0] [cxt 0] Pipeline 'ingress': start
[19:18:35.991] [bmv2] [T] [thread 101666] [20.0] [cxt 0] basic.p4(120) Condition "hdr.ipv4.isValid()" (node_2) is false
[19:18:35.991] [bmv2] [D] [thread 101666] [20.0] [cxt 0] Pipeline 'ingress': end
[19:18:35.991] [bmv2] [D] [thread 101666] [20.0] [cxt 0] Egress port is 0
[19:18:35.991] [bmv2] [D] [thread 101667] [20.0] [cxt 0] Pipeline 'egress': start
[19:18:35.991] [bmv2] [D] [thread 101667] [20.0] [cxt 0] Pipeline 'egress': end
[19:18:35.991] [bmv2] [D] [thread 101667] [20.0] [cxt 0] Deparser 'deparser': start
[19:18:35.991] [bmv2] [D] [thread 101667] [20.0] [cxt 0] Deparsing header 'ethernet'
[19:18:35.991] [bmv2] [D] [thread 101667] [20.0] [cxt 0] Deparser 'deparser': end
[19:18:35.991] [bmv2] [D] [thread 101671] [20.0] [cxt 0] Transmitting packet of size 70 out of port 0
[19:25:33.782] [bmv2] [D] [thread 101666] [21.0] [cxt 0] Processing packet received on port 1
[19:25:33.783] [bmv2] [D] [thread 101666] [21.0] [cxt 0] Parser 'parser': start
[19:25:33.783] [bmv2] [D] [thread 101666] [21.0] [cxt 0] Parser 'parser' entering state 'start'
[19:25:33.783] [bmv2] [D] [thread 101666] [21.0] [cxt 0] Extracting header 'ethernet'
[19:25:33.783] [bmv2] [D] [thread 101666] [21.0] [cxt 0] Parser state 'start': key is 86dd
[19:25:33.783] [bmv2] [T] [thread 101666] [21.0] [cxt 0] Bytes parsed: 14
[19:25:33.783] [bmv2] [D] [thread 101666] [21.0] [cxt 0] Parser 'parser': end
[19:25:33.783] [bmv2] [D] [thread 101666] [21.0] [cxt 0] Pipeline 'ingress': start
[19:25:33.783] [bmv2] [T] [thread 101666] [21.0] [cxt 0] basic.p4(120) Condition "hdr.ipv4.isValid()" (node_2) is false
[19:25:33.783] [bmv2] [D] [thread 101666] [21.0] [cxt 0] Pipeline 'ingress': end
[19:25:33.783] [bmv2] [D] [thread 101666] [21.0] [cxt 0] Egress port is 0
[19:25:33.783] [bmv2] [D] [thread 101667] [21.0] [cxt 0] Pipeline 'egress': start
[19:25:33.783] [bmv2] [D] [thread 101667] [21.0] [cxt 0] Pipeline 'egress': end
[19:25:33.783] [bmv2] [D] [thread 101667] [21.0] [cxt 0] Deparser 'deparser': start
[19:25:33.783] [bmv2] [D] [thread 101667] [21.0] [cxt 0] Deparsing header 'ethernet'
[19:25:33.783] [bmv2] [D] [thread 101667] [21.0] [cxt 0] Deparser 'deparser': end
[19:25:33.783] [bmv2] [D] [thread 101671] [21.0] [cxt 0] Transmitting packet of size 70 out of port 0
[19:27:12.086] [bmv2] [D] [thread 101666] [22.0] [cxt 0] Processing packet received on port 1
[19:27:12.086] [bmv2] [D] [thread 101666] [22.0] [cxt 0] Parser 'parser': start
[19:27:12.086] [bmv2] [D] [thread 101666] [22.0] [cxt 0] Parser 'parser' entering state 'start'
[19:27:12.086] [bmv2] [D] [thread 101666] [22.0] [cxt 0] Extracting header 'ethernet'
[19:27:12.087] [bmv2] [D] [thread 101666] [22.0] [cxt 0] Parser state 'start': key is 86dd
[19:27:12.087] [bmv2] [T] [thread 101666] [22.0] [cxt 0] Bytes parsed: 14
[19:27:12.087] [bmv2] [D] [thread 101666] [22.0] [cxt 0] Parser 'parser': end
[19:27:12.087] [bmv2] [D] [thread 101666] [22.0] [cxt 0] Pipeline 'ingress': start
[19:27:12.087] [bmv2] [T] [thread 101666] [22.0] [cxt 0] basic.p4(120) Condition "hdr.ipv4.isValid()" (node_2) is false
[19:27:12.087] [bmv2] [D] [thread 101666] [22.0] [cxt 0] Pipeline 'ingress': end
[19:27:12.087] [bmv2] [D] [thread 101666] [22.0] [cxt 0] Egress port is 0
[19:27:12.087] [bmv2] [D] [thread 101666] [23.0] [cxt 0] Processing packet received on port 2
[19:27:12.087] [bmv2] [D] [thread 101666] [23.0] [cxt 0] Parser 'parser': start
[19:27:12.087] [bmv2] [D] [thread 101666] [23.0] [cxt 0] Parser 'parser' entering state 'start'
[19:27:12.087] [bmv2] [D] [thread 101666] [23.0] [cxt 0] Extracting header 'ethernet'
[19:27:12.087] [bmv2] [D] [thread 101667] [22.0] [cxt 0] Pipeline 'egress': start
[19:27:12.087] [bmv2] [D] [thread 101666] [23.0] [cxt 0] Parser state 'start': key is 86dd
[19:27:12.087] [bmv2] [T] [thread 101666] [23.0] [cxt 0] Bytes parsed: 14
[19:27:12.087] [bmv2] [D] [thread 101667] [22.0] [cxt 0] Pipeline 'egress': end
[19:27:12.087] [bmv2] [D] [thread 101666] [23.0] [cxt 0] Parser 'parser': end
[19:27:12.087] [bmv2] [D] [thread 101667] [22.0] [cxt 0] Deparser 'deparser': start
[19:27:12.087] [bmv2] [D] [thread 101666] [23.0] [cxt 0] Pipeline 'ingress': start
[19:27:12.087] [bmv2] [D] [thread 101667] [22.0] [cxt 0] Deparsing header 'ethernet'
[19:27:12.087] [bmv2] [T] [thread 101666] [23.0] [cxt 0] basic.p4(120) Condition "hdr.ipv4.isValid()" (node_2) is false
[19:27:12.087] [bmv2] [D] [thread 101666] [23.0] [cxt 0] Pipeline 'ingress': end
[19:27:12.087] [bmv2] [D] [thread 101666] [23.0] [cxt 0] Egress port is 0
[19:27:12.087] [bmv2] [D] [thread 101667] [22.0] [cxt 0] Deparser 'deparser': end
[19:27:12.087] [bmv2] [D] [thread 101667] [23.0] [cxt 0] Pipeline 'egress': start
[19:27:12.087] [bmv2] [D] [thread 101667] [23.0] [cxt 0] Pipeline 'egress': end
[19:27:12.087] [bmv2] [D] [thread 101667] [23.0] [cxt 0] Deparser 'deparser': start
[19:27:12.087] [bmv2] [D] [thread 101671] [22.0] [cxt 0] Transmitting packet of size 70 out of port 0
[19:27:12.087] [bmv2] [D] [thread 101667] [23.0] [cxt 0] Deparsing header 'ethernet'
[19:27:12.088] [bmv2] [D] [thread 101667] [23.0] [cxt 0] Deparser 'deparser': end
[19:27:12.088] [bmv2] [D] [thread 101671] [23.0] [cxt 0] Transmitting packet of size 70 out of port 0
[19:39:45.750] [bmv2] [D] [thread 101666] [24.0] [cxt 0] Processing packet received on port 1
[19:39:45.750] [bmv2] [D] [thread 101666] [24.0] [cxt 0] Parser 'parser': start
[19:39:45.750] [bmv2] [D] [thread 101666] [24.0] [cxt 0] Parser 'parser' entering state 'start'
[19:39:45.750] [bmv2] [D] [thread 101666] [24.0] [cxt 0] Extracting header 'ethernet'
[19:39:45.750] [bmv2] [D] [thread 101666] [24.0] [cxt 0] Parser state 'start': key is 86dd
[19:39:45.750] [bmv2] [T] [thread 101666] [24.0] [cxt 0] Bytes parsed: 14
[19:39:45.750] [bmv2] [D] [thread 101666] [24.0] [cxt 0] Parser 'parser': end
[19:39:45.750] [bmv2] [D] [thread 101666] [24.0] [cxt 0] Pipeline 'ingress': start
[19:39:45.750] [bmv2] [T] [thread 101666] [24.0] [cxt 0] basic.p4(120) Condition "hdr.ipv4.isValid()" (node_2) is false
[19:39:45.750] [bmv2] [D] [thread 101666] [24.0] [cxt 0] Pipeline 'ingress': end
[19:39:45.750] [bmv2] [D] [thread 101666] [24.0] [cxt 0] Egress port is 0
[19:39:45.751] [bmv2] [D] [thread 101667] [24.0] [cxt 0] Pipeline 'egress': start
[19:39:45.751] [bmv2] [D] [thread 101667] [24.0] [cxt 0] Pipeline 'egress': end
[19:39:45.751] [bmv2] [D] [thread 101667] [24.0] [cxt 0] Deparser 'deparser': start
[19:39:45.751] [bmv2] [D] [thread 101667] [24.0] [cxt 0] Deparsing header 'ethernet'
[19:39:45.751] [bmv2] [D] [thread 101667] [24.0] [cxt 0] Deparser 'deparser': end
[19:39:45.751] [bmv2] [D] [thread 101671] [24.0] [cxt 0] Transmitting packet of size 70 out of port 0
[19:44:07.894] [bmv2] [D] [thread 101666] [25.0] [cxt 0] Processing packet received on port 1
[19:44:07.894] [bmv2] [D] [thread 101666] [25.0] [cxt 0] Parser 'parser': start
[19:44:07.894] [bmv2] [D] [thread 101666] [25.0] [cxt 0] Parser 'parser' entering state 'start'
[19:44:07.894] [bmv2] [D] [thread 101666] [25.0] [cxt 0] Extracting header 'ethernet'
[19:44:07.894] [bmv2] [D] [thread 101666] [25.0] [cxt 0] Parser state 'start': key is 86dd
[19:44:07.894] [bmv2] [T] [thread 101666] [25.0] [cxt 0] Bytes parsed: 14
[19:44:07.894] [bmv2] [D] [thread 101666] [25.0] [cxt 0] Parser 'parser': end
[19:44:07.895] [bmv2] [D] [thread 101666] [25.0] [cxt 0] Pipeline 'ingress': start
[19:44:07.895] [bmv2] [T] [thread 101666] [25.0] [cxt 0] basic.p4(120) Condition "hdr.ipv4.isValid()" (node_2) is false
[19:44:07.895] [bmv2] [D] [thread 101666] [25.0] [cxt 0] Pipeline 'ingress': end
[19:44:07.895] [bmv2] [D] [thread 101666] [25.0] [cxt 0] Egress port is 0
[19:44:07.895] [bmv2] [D] [thread 101666] [26.0] [cxt 0] Processing packet received on port 2
[19:44:07.895] [bmv2] [D] [thread 101666] [26.0] [cxt 0] Parser 'parser': start
[19:44:07.895] [bmv2] [D] [thread 101666] [26.0] [cxt 0] Parser 'parser' entering state 'start'
[19:44:07.895] [bmv2] [D] [thread 101666] [26.0] [cxt 0] Extracting header 'ethernet'
[19:44:07.895] [bmv2] [D] [thread 101666] [26.0] [cxt 0] Parser state 'start': key is 86dd
[19:44:07.895] [bmv2] [D] [thread 101667] [25.0] [cxt 0] Pipeline 'egress': start
[19:44:07.895] [bmv2] [D] [thread 101667] [25.0] [cxt 0] Pipeline 'egress': end
[19:44:07.895] [bmv2] [T] [thread 101666] [26.0] [cxt 0] Bytes parsed: 14
[19:44:07.895] [bmv2] [D] [thread 101666] [26.0] [cxt 0] Parser 'parser': end
[19:44:07.895] [bmv2] [D] [thread 101667] [25.0] [cxt 0] Deparser 'deparser': start
[19:44:07.895] [bmv2] [D] [thread 101666] [26.0] [cxt 0] Pipeline 'ingress': start
[19:44:07.895] [bmv2] [T] [thread 101666] [26.0] [cxt 0] basic.p4(120) Condition "hdr.ipv4.isValid()" (node_2) is false
[19:44:07.895] [bmv2] [D] [thread 101666] [26.0] [cxt 0] Pipeline 'ingress': end
[19:44:07.895] [bmv2] [D] [thread 101666] [26.0] [cxt 0] Egress port is 0
[19:44:07.895] [bmv2] [D] [thread 101667] [25.0] [cxt 0] Deparsing header 'ethernet'
[19:44:07.895] [bmv2] [D] [thread 101667] [25.0] [cxt 0] Deparser 'deparser': end
[19:44:07.895] [bmv2] [D] [thread 101667] [26.0] [cxt 0] Pipeline 'egress': start
[19:44:07.895] [bmv2] [D] [thread 101667] [26.0] [cxt 0] Pipeline 'egress': end
[19:44:07.895] [bmv2] [D] [thread 101667] [26.0] [cxt 0] Deparser 'deparser': start
[19:44:07.895] [bmv2] [D] [thread 101671] [25.0] [cxt 0] Transmitting packet of size 70 out of port 0
[19:44:07.895] [bmv2] [D] [thread 101667] [26.0] [cxt 0] Deparsing header 'ethernet'
[19:44:07.895] [bmv2] [D] [thread 101667] [26.0] [cxt 0] Deparser 'deparser': end
[19:44:07.895] [bmv2] [D] [thread 101671] [26.0] [cxt 0] Transmitting packet of size 70 out of port 0
[20:06:31.382] [bmv2] [D] [thread 101666] [27.0] [cxt 0] Processing packet received on port 1
[20:06:31.382] [bmv2] [D] [thread 101666] [27.0] [cxt 0] Parser 'parser': start
[20:06:31.382] [bmv2] [D] [thread 101666] [27.0] [cxt 0] Parser 'parser' entering state 'start'
[20:06:31.382] [bmv2] [D] [thread 101666] [27.0] [cxt 0] Extracting header 'ethernet'
[20:06:31.382] [bmv2] [D] [thread 101666] [27.0] [cxt 0] Parser state 'start': key is 86dd
[20:06:31.382] [bmv2] [T] [thread 101666] [27.0] [cxt 0] Bytes parsed: 14
[20:06:31.382] [bmv2] [D] [thread 101666] [27.0] [cxt 0] Parser 'parser': end
[20:06:31.383] [bmv2] [D] [thread 101666] [27.0] [cxt 0] Pipeline 'ingress': start
[20:06:31.383] [bmv2] [T] [thread 101666] [27.0] [cxt 0] basic.p4(120) Condition "hdr.ipv4.isValid()" (node_2) is false
[20:06:31.383] [bmv2] [D] [thread 101666] [27.0] [cxt 0] Pipeline 'ingress': end
[20:06:31.383] [bmv2] [D] [thread 101666] [27.0] [cxt 0] Egress port is 0
[20:06:31.383] [bmv2] [D] [thread 101667] [27.0] [cxt 0] Pipeline 'egress': start
[20:06:31.383] [bmv2] [D] [thread 101667] [27.0] [cxt 0] Pipeline 'egress': end
[20:06:31.383] [bmv2] [D] [thread 101667] [27.0] [cxt 0] Deparser 'deparser': start
[20:06:31.383] [bmv2] [D] [thread 101667] [27.0] [cxt 0] Deparsing header 'ethernet'
[20:06:31.383] [bmv2] [D] [thread 101667] [27.0] [cxt 0] Deparser 'deparser': end
[20:06:31.383] [bmv2] [D] [thread 101671] [27.0] [cxt 0] Transmitting packet of size 70 out of port 0
[20:16:21.206] [bmv2] [D] [thread 101666] [28.0] [cxt 0] Processing packet received on port 1
[20:16:21.206] [bmv2] [D] [thread 101666] [28.0] [cxt 0] Parser 'parser': start
[20:16:21.206] [bmv2] [D] [thread 101666] [28.0] [cxt 0] Parser 'parser' entering state 'start'
[20:16:21.206] [bmv2] [D] [thread 101666] [28.0] [cxt 0] Extracting header 'ethernet'
[20:16:21.206] [bmv2] [D] [thread 101666] [28.0] [cxt 0] Parser state 'start': key is 86dd
[20:16:21.206] [bmv2] [T] [thread 101666] [28.0] [cxt 0] Bytes parsed: 14
[20:16:21.206] [bmv2] [D] [thread 101666] [28.0] [cxt 0] Parser 'parser': end
[20:16:21.207] [bmv2] [D] [thread 101666] [28.0] [cxt 0] Pipeline 'ingress': start
[20:16:21.207] [bmv2] [T] [thread 101666] [28.0] [cxt 0] basic.p4(120) Condition "hdr.ipv4.isValid()" (node_2) is false
[20:16:21.207] [bmv2] [D] [thread 101666] [28.0] [cxt 0] Pipeline 'ingress': end
[20:16:21.207] [bmv2] [D] [thread 101666] [28.0] [cxt 0] Egress port is 0
[20:16:21.207] [bmv2] [D] [thread 101667] [28.0] [cxt 0] Pipeline 'egress': start
[20:16:21.207] [bmv2] [D] [thread 101667] [28.0] [cxt 0] Pipeline 'egress': end
[20:16:21.207] [bmv2] [D] [thread 101667] [28.0] [cxt 0] Deparser 'deparser': start
[20:16:21.207] [bmv2] [D] [thread 101667] [28.0] [cxt 0] Deparsing header 'ethernet'
[20:16:21.207] [bmv2] [D] [thread 101667] [28.0] [cxt 0] Deparser 'deparser': end
[20:16:21.207] [bmv2] [D] [thread 101671] [28.0] [cxt 0] Transmitting packet of size 70 out of port 0
[20:17:26.742] [bmv2] [D] [thread 101666] [29.0] [cxt 0] Processing packet received on port 2
[20:17:26.742] [bmv2] [D] [thread 101666] [29.0] [cxt 0] Parser 'parser': start
[20:17:26.742] [bmv2] [D] [thread 101666] [29.0] [cxt 0] Parser 'parser' entering state 'start'
[20:17:26.742] [bmv2] [D] [thread 101666] [29.0] [cxt 0] Extracting header 'ethernet'
[20:17:26.742] [bmv2] [D] [thread 101666] [29.0] [cxt 0] Parser state 'start': key is 86dd
[20:17:26.743] [bmv2] [T] [thread 101666] [29.0] [cxt 0] Bytes parsed: 14
[20:17:26.743] [bmv2] [D] [thread 101666] [29.0] [cxt 0] Parser 'parser': end
[20:17:26.743] [bmv2] [D] [thread 101666] [29.0] [cxt 0] Pipeline 'ingress': start
[20:17:26.743] [bmv2] [T] [thread 101666] [29.0] [cxt 0] basic.p4(120) Condition "hdr.ipv4.isValid()" (node_2) is false
[20:17:26.743] [bmv2] [D] [thread 101666] [29.0] [cxt 0] Pipeline 'ingress': end
[20:17:26.743] [bmv2] [D] [thread 101666] [29.0] [cxt 0] Egress port is 0
[20:17:26.743] [bmv2] [D] [thread 101667] [29.0] [cxt 0] Pipeline 'egress': start
[20:17:26.743] [bmv2] [D] [thread 101667] [29.0] [cxt 0] Pipeline 'egress': end
[20:17:26.743] [bmv2] [D] [thread 101667] [29.0] [cxt 0] Deparser 'deparser': start
[20:17:26.743] [bmv2] [D] [thread 101667] [29.0] [cxt 0] Deparsing header 'ethernet'
[20:17:26.743] [bmv2] [D] [thread 101667] [29.0] [cxt 0] Deparser 'deparser': end
[20:17:26.743] [bmv2] [D] [thread 101671] [29.0] [cxt 0] Transmitting packet of size 70 out of port 0
[21:00:02.646] [bmv2] [D] [thread 101666] [30.0] [cxt 0] Processing packet received on port 1
[21:00:02.646] [bmv2] [D] [thread 101666] [30.0] [cxt 0] Parser 'parser': start
[21:00:02.646] [bmv2] [D] [thread 101666] [30.0] [cxt 0] Parser 'parser' entering state 'start'
[21:00:02.646] [bmv2] [D] [thread 101666] [30.0] [cxt 0] Extracting header 'ethernet'
[21:00:02.646] [bmv2] [D] [thread 101666] [30.0] [cxt 0] Parser state 'start': key is 86dd
[21:00:02.646] [bmv2] [T] [thread 101666] [30.0] [cxt 0] Bytes parsed: 14
[21:00:02.646] [bmv2] [D] [thread 101666] [30.0] [cxt 0] Parser 'parser': end
[21:00:02.647] [bmv2] [D] [thread 101666] [30.0] [cxt 0] Pipeline 'ingress': start
[21:00:02.647] [bmv2] [T] [thread 101666] [30.0] [cxt 0] basic.p4(120) Condition "hdr.ipv4.isValid()" (node_2) is false
[21:00:02.647] [bmv2] [D] [thread 101666] [30.0] [cxt 0] Pipeline 'ingress': end
[21:00:02.647] [bmv2] [D] [thread 101666] [30.0] [cxt 0] Egress port is 0
[21:00:02.647] [bmv2] [D] [thread 101667] [30.0] [cxt 0] Pipeline 'egress': start
[21:00:02.647] [bmv2] [D] [thread 101667] [30.0] [cxt 0] Pipeline 'egress': end
[21:00:02.647] [bmv2] [D] [thread 101667] [30.0] [cxt 0] Deparser 'deparser': start
[21:00:02.647] [bmv2] [D] [thread 101667] [30.0] [cxt 0] Deparsing header 'ethernet'
[21:00:02.647] [bmv2] [D] [thread 101667] [30.0] [cxt 0] Deparser 'deparser': end
[21:00:02.647] [bmv2] [D] [thread 101671] [30.0] [cxt 0] Transmitting packet of size 70 out of port 0
[21:13:09.078] [bmv2] [D] [thread 101666] [31.0] [cxt 0] Processing packet received on port 1
[21:13:09.078] [bmv2] [D] [thread 101666] [31.0] [cxt 0] Parser 'parser': start
[21:13:09.078] [bmv2] [D] [thread 101666] [31.0] [cxt 0] Parser 'parser' entering state 'start'
[21:13:09.079] [bmv2] [D] [thread 101666] [31.0] [cxt 0] Extracting header 'ethernet'
[21:13:09.079] [bmv2] [D] [thread 101666] [31.0] [cxt 0] Parser state 'start': key is 86dd
[21:13:09.079] [bmv2] [T] [thread 101666] [31.0] [cxt 0] Bytes parsed: 14
[21:13:09.079] [bmv2] [D] [thread 101666] [31.0] [cxt 0] Parser 'parser': end
[21:13:09.079] [bmv2] [D] [thread 101666] [31.0] [cxt 0] Pipeline 'ingress': start
[21:13:09.079] [bmv2] [T] [thread 101666] [31.0] [cxt 0] basic.p4(120) Condition "hdr.ipv4.isValid()" (node_2) is false
[21:13:09.079] [bmv2] [D] [thread 101666] [31.0] [cxt 0] Pipeline 'ingress': end
[21:13:09.079] [bmv2] [D] [thread 101666] [31.0] [cxt 0] Egress port is 0
[21:13:09.079] [bmv2] [D] [thread 101667] [31.0] [cxt 0] Pipeline 'egress': start
[21:13:09.079] [bmv2] [D] [thread 101667] [31.0] [cxt 0] Pipeline 'egress': end
[21:13:09.079] [bmv2] [D] [thread 101667] [31.0] [cxt 0] Deparser 'deparser': start
[21:13:09.079] [bmv2] [D] [thread 101667] [31.0] [cxt 0] Deparsing header 'ethernet'
[21:13:09.079] [bmv2] [D] [thread 101667] [31.0] [cxt 0] Deparser 'deparser': end
[21:13:09.079] [bmv2] [D] [thread 101671] [31.0] [cxt 0] Transmitting packet of size 70 out of port 0
[21:17:31.222] [bmv2] [D] [thread 101666] [32.0] [cxt 0] Processing packet received on port 2
[21:17:31.222] [bmv2] [D] [thread 101666] [32.0] [cxt 0] Parser 'parser': start
[21:17:31.222] [bmv2] [D] [thread 101666] [32.0] [cxt 0] Parser 'parser' entering state 'start'
[21:17:31.223] [bmv2] [D] [thread 101666] [32.0] [cxt 0] Extracting header 'ethernet'
[21:17:31.223] [bmv2] [D] [thread 101666] [32.0] [cxt 0] Parser state 'start': key is 86dd
[21:17:31.223] [bmv2] [T] [thread 101666] [32.0] [cxt 0] Bytes parsed: 14
[21:17:31.223] [bmv2] [D] [thread 101666] [32.0] [cxt 0] Parser 'parser': end
[21:17:31.223] [bmv2] [D] [thread 101666] [32.0] [cxt 0] Pipeline 'ingress': start
[21:17:31.223] [bmv2] [T] [thread 101666] [32.0] [cxt 0] basic.p4(120) Condition "hdr.ipv4.isValid()" (node_2) is false
[21:17:31.223] [bmv2] [D] [thread 101666] [32.0] [cxt 0] Pipeline 'ingress': end
[21:17:31.223] [bmv2] [D] [thread 101666] [32.0] [cxt 0] Egress port is 0
[21:17:31.223] [bmv2] [D] [thread 101667] [32.0] [cxt 0] Pipeline 'egress': start
[21:17:31.223] [bmv2] [D] [thread 101667] [32.0] [cxt 0] Pipeline 'egress': end
[21:17:31.223] [bmv2] [D] [thread 101667] [32.0] [cxt 0] Deparser 'deparser': start
[21:17:31.223] [bmv2] [D] [thread 101667] [32.0] [cxt 0] Deparsing header 'ethernet'
[21:17:31.223] [bmv2] [D] [thread 101667] [32.0] [cxt 0] Deparser 'deparser': end
[21:17:31.223] [bmv2] [D] [thread 101671] [32.0] [cxt 0] Transmitting packet of size 70 out of port 0
[22:01:12.662] [bmv2] [D] [thread 101666] [33.0] [cxt 0] Processing packet received on port 1
[22:01:12.662] [bmv2] [D] [thread 101666] [33.0] [cxt 0] Parser 'parser': start
[22:01:12.662] [bmv2] [D] [thread 101666] [33.0] [cxt 0] Parser 'parser' entering state 'start'
[22:01:12.662] [bmv2] [D] [thread 101666] [33.0] [cxt 0] Extracting header 'ethernet'
[22:01:12.662] [bmv2] [D] [thread 101666] [33.0] [cxt 0] Parser state 'start': key is 86dd
[22:01:12.662] [bmv2] [T] [thread 101666] [33.0] [cxt 0] Bytes parsed: 14
[22:01:12.662] [bmv2] [D] [thread 101666] [33.0] [cxt 0] Parser 'parser': end
[22:01:12.663] [bmv2] [D] [thread 101666] [33.0] [cxt 0] Pipeline 'ingress': start
[22:01:12.663] [bmv2] [T] [thread 101666] [33.0] [cxt 0] basic.p4(120) Condition "hdr.ipv4.isValid()" (node_2) is false
[22:01:12.663] [bmv2] [D] [thread 101666] [33.0] [cxt 0] Pipeline 'ingress': end
[22:01:12.663] [bmv2] [D] [thread 101666] [33.0] [cxt 0] Egress port is 0
[22:01:12.663] [bmv2] [D] [thread 101667] [33.0] [cxt 0] Pipeline 'egress': start
[22:01:12.663] [bmv2] [D] [thread 101667] [33.0] [cxt 0] Pipeline 'egress': end
[22:01:12.663] [bmv2] [D] [thread 101667] [33.0] [cxt 0] Deparser 'deparser': start
[22:01:12.663] [bmv2] [D] [thread 101667] [33.0] [cxt 0] Deparsing header 'ethernet'
[22:01:12.663] [bmv2] [D] [thread 101667] [33.0] [cxt 0] Deparser 'deparser': end
[22:01:12.663] [bmv2] [D] [thread 101671] [33.0] [cxt 0] Transmitting packet of size 70 out of port 0
[22:09:56.950] [bmv2] [D] [thread 101666] [34.0] [cxt 0] Processing packet received on port 1
[22:09:56.950] [bmv2] [D] [thread 101666] [34.0] [cxt 0] Parser 'parser': start
[22:09:56.950] [bmv2] [D] [thread 101666] [34.0] [cxt 0] Parser 'parser' entering state 'start'
[22:09:56.950] [bmv2] [D] [thread 101666] [34.0] [cxt 0] Extracting header 'ethernet'
[22:09:56.950] [bmv2] [D] [thread 101666] [34.0] [cxt 0] Parser state 'start': key is 86dd
[22:09:56.950] [bmv2] [T] [thread 101666] [34.0] [cxt 0] Bytes parsed: 14
[22:09:56.950] [bmv2] [D] [thread 101666] [34.0] [cxt 0] Parser 'parser': end
[22:09:56.951] [bmv2] [D] [thread 101666] [34.0] [cxt 0] Pipeline 'ingress': start
[22:09:56.951] [bmv2] [T] [thread 101666] [34.0] [cxt 0] basic.p4(120) Condition "hdr.ipv4.isValid()" (node_2) is false
[22:09:56.951] [bmv2] [D] [thread 101666] [34.0] [cxt 0] Pipeline 'ingress': end
[22:09:56.951] [bmv2] [D] [thread 101666] [34.0] [cxt 0] Egress port is 0
[22:09:56.951] [bmv2] [D] [thread 101667] [34.0] [cxt 0] Pipeline 'egress': start
[22:09:56.951] [bmv2] [D] [thread 101667] [34.0] [cxt 0] Pipeline 'egress': end
[22:09:56.951] [bmv2] [D] [thread 101667] [34.0] [cxt 0] Deparser 'deparser': start
[22:09:56.951] [bmv2] [D] [thread 101667] [34.0] [cxt 0] Deparsing header 'ethernet'
[22:09:56.951] [bmv2] [D] [thread 101667] [34.0] [cxt 0] Deparser 'deparser': end
[22:09:56.951] [bmv2] [D] [thread 101671] [34.0] [cxt 0] Transmitting packet of size 70 out of port 0
[22:23:03.382] [bmv2] [D] [thread 101666] [35.0] [cxt 0] Processing packet received on port 2
[22:23:03.382] [bmv2] [D] [thread 101666] [35.0] [cxt 0] Parser 'parser': start
[22:23:03.382] [bmv2] [D] [thread 101666] [35.0] [cxt 0] Parser 'parser' entering state 'start'
[22:23:03.382] [bmv2] [D] [thread 101666] [35.0] [cxt 0] Extracting header 'ethernet'
[22:23:03.383] [bmv2] [D] [thread 101666] [35.0] [cxt 0] Parser state 'start': key is 86dd
[22:23:03.383] [bmv2] [T] [thread 101666] [35.0] [cxt 0] Bytes parsed: 14
[22:23:03.383] [bmv2] [D] [thread 101666] [35.0] [cxt 0] Parser 'parser': end
[22:23:03.383] [bmv2] [D] [thread 101666] [35.0] [cxt 0] Pipeline 'ingress': start
[22:23:03.383] [bmv2] [T] [thread 101666] [35.0] [cxt 0] basic.p4(120) Condition "hdr.ipv4.isValid()" (node_2) is false
[22:23:03.383] [bmv2] [D] [thread 101666] [35.0] [cxt 0] Pipeline 'ingress': end
[22:23:03.383] [bmv2] [D] [thread 101666] [35.0] [cxt 0] Egress port is 0
[22:23:03.383] [bmv2] [D] [thread 101667] [35.0] [cxt 0] Pipeline 'egress': start
[22:23:03.383] [bmv2] [D] [thread 101667] [35.0] [cxt 0] Pipeline 'egress': end
[22:23:03.383] [bmv2] [D] [thread 101667] [35.0] [cxt 0] Deparser 'deparser': start
[22:23:03.383] [bmv2] [D] [thread 101667] [35.0] [cxt 0] Deparsing header 'ethernet'
[22:23:03.383] [bmv2] [D] [thread 101667] [35.0] [cxt 0] Deparser 'deparser': end
[22:23:03.383] [bmv2] [D] [thread 101671] [35.0] [cxt 0] Transmitting packet of size 70 out of port 0
[23:02:22.678] [bmv2] [D] [thread 101666] [36.0] [cxt 0] Processing packet received on port 1
[23:02:22.678] [bmv2] [D] [thread 101666] [36.0] [cxt 0] Parser 'parser': start
[23:02:22.678] [bmv2] [D] [thread 101666] [36.0] [cxt 0] Parser 'parser' entering state 'start'
[23:02:22.678] [bmv2] [D] [thread 101666] [36.0] [cxt 0] Extracting header 'ethernet'
[23:02:22.678] [bmv2] [D] [thread 101666] [36.0] [cxt 0] Parser state 'start': key is 86dd
[23:02:22.678] [bmv2] [T] [thread 101666] [36.0] [cxt 0] Bytes parsed: 14
[23:02:22.679] [bmv2] [D] [thread 101666] [36.0] [cxt 0] Parser 'parser': end
[23:02:22.679] [bmv2] [D] [thread 101666] [36.0] [cxt 0] Pipeline 'ingress': start
[23:02:22.679] [bmv2] [T] [thread 101666] [36.0] [cxt 0] basic.p4(120) Condition "hdr.ipv4.isValid()" (node_2) is false
[23:02:22.679] [bmv2] [D] [thread 101666] [36.0] [cxt 0] Pipeline 'ingress': end
[23:02:22.679] [bmv2] [D] [thread 101666] [36.0] [cxt 0] Egress port is 0
[23:02:22.679] [bmv2] [D] [thread 101667] [36.0] [cxt 0] Pipeline 'egress': start
[23:02:22.679] [bmv2] [D] [thread 101667] [36.0] [cxt 0] Pipeline 'egress': end
[23:02:22.679] [bmv2] [D] [thread 101667] [36.0] [cxt 0] Deparser 'deparser': start
[23:02:22.679] [bmv2] [D] [thread 101667] [36.0] [cxt 0] Deparsing header 'ethernet'
[23:02:22.679] [bmv2] [D] [thread 101667] [36.0] [cxt 0] Deparser 'deparser': end
[23:02:22.679] [bmv2] [D] [thread 101671] [36.0] [cxt 0] Transmitting packet of size 70 out of port 0
[23:11:06.967] [bmv2] [D] [thread 101666] [37.0] [cxt 0] Processing packet received on port 1
[23:11:06.967] [bmv2] [D] [thread 101666] [37.0] [cxt 0] Parser 'parser': start
[23:11:06.967] [bmv2] [D] [thread 101666] [37.0] [cxt 0] Parser 'parser' entering state 'start'
[23:11:06.967] [bmv2] [D] [thread 101666] [37.0] [cxt 0] Extracting header 'ethernet'
[23:11:06.967] [bmv2] [D] [thread 101666] [37.0] [cxt 0] Parser state 'start': key is 86dd
[23:11:06.967] [bmv2] [T] [thread 101666] [37.0] [cxt 0] Bytes parsed: 14
[23:11:06.967] [bmv2] [D] [thread 101666] [37.0] [cxt 0] Parser 'parser': end
[23:11:06.967] [bmv2] [D] [thread 101666] [37.0] [cxt 0] Pipeline 'ingress': start
[23:11:06.967] [bmv2] [T] [thread 101666] [37.0] [cxt 0] basic.p4(120) Condition "hdr.ipv4.isValid()" (node_2) is false
[23:11:06.967] [bmv2] [D] [thread 101666] [37.0] [cxt 0] Pipeline 'ingress': end
[23:11:06.967] [bmv2] [D] [thread 101666] [37.0] [cxt 0] Egress port is 0
[23:11:06.967] [bmv2] [D] [thread 101667] [37.0] [cxt 0] Pipeline 'egress': start
[23:11:06.967] [bmv2] [D] [thread 101667] [37.0] [cxt 0] Pipeline 'egress': end
[23:11:06.967] [bmv2] [D] [thread 101667] [37.0] [cxt 0] Deparser 'deparser': start
[23:11:06.967] [bmv2] [D] [thread 101667] [37.0] [cxt 0] Deparsing header 'ethernet'
[23:11:06.967] [bmv2] [D] [thread 101667] [37.0] [cxt 0] Deparser 'deparser': end
[23:11:06.967] [bmv2] [D] [thread 101671] [37.0] [cxt 0] Transmitting packet of size 70 out of port 0
[23:24:13.398] [bmv2] [D] [thread 101666] [38.0] [cxt 0] Processing packet received on port 2
[23:24:13.398] [bmv2] [D] [thread 101666] [38.0] [cxt 0] Parser 'parser': start
[23:24:13.398] [bmv2] [D] [thread 101666] [38.0] [cxt 0] Parser 'parser' entering state 'start'
[23:24:13.398] [bmv2] [D] [thread 101666] [38.0] [cxt 0] Extracting header 'ethernet'
[23:24:13.399] [bmv2] [D] [thread 101666] [38.0] [cxt 0] Parser state 'start': key is 86dd
[23:24:13.399] [bmv2] [T] [thread 101666] [38.0] [cxt 0] Bytes parsed: 14
[23:24:13.399] [bmv2] [D] [thread 101666] [38.0] [cxt 0] Parser 'parser': end
[23:24:13.399] [bmv2] [D] [thread 101666] [38.0] [cxt 0] Pipeline 'ingress': start
[23:24:13.399] [bmv2] [T] [thread 101666] [38.0] [cxt 0] basic.p4(120) Condition "hdr.ipv4.isValid()" (node_2) is false
[23:24:13.399] [bmv2] [D] [thread 101666] [38.0] [cxt 0] Pipeline 'ingress': end
[23:24:13.399] [bmv2] [D] [thread 101666] [38.0] [cxt 0] Egress port is 0
[23:24:13.399] [bmv2] [D] [thread 101667] [38.0] [cxt 0] Pipeline 'egress': start
[23:24:13.399] [bmv2] [D] [thread 101667] [38.0] [cxt 0] Pipeline 'egress': end
[23:24:13.399] [bmv2] [D] [thread 101667] [38.0] [cxt 0] Deparser 'deparser': start
[23:24:13.399] [bmv2] [D] [thread 101667] [38.0] [cxt 0] Deparsing header 'ethernet'
[23:24:13.399] [bmv2] [D] [thread 101667] [38.0] [cxt 0] Deparser 'deparser': end
[23:24:13.399] [bmv2] [D] [thread 101671] [38.0] [cxt 0] Transmitting packet of size 70 out of port 0
[00:07:54.838] [bmv2] [D] [thread 101666] [39.0] [cxt 0] Processing packet received on port 1
[00:07:54.838] [bmv2] [D] [thread 101666] [39.0] [cxt 0] Parser 'parser': start
[00:07:54.838] [bmv2] [D] [thread 101666] [39.0] [cxt 0] Parser 'parser' entering state 'start'
[00:07:54.838] [bmv2] [D] [thread 101666] [39.0] [cxt 0] Extracting header 'ethernet'
[00:07:54.839] [bmv2] [D] [thread 101666] [39.0] [cxt 0] Parser state 'start': key is 86dd
[00:07:54.839] [bmv2] [T] [thread 101666] [39.0] [cxt 0] Bytes parsed: 14
[00:07:54.839] [bmv2] [D] [thread 101666] [39.0] [cxt 0] Parser 'parser': end
[00:07:54.839] [bmv2] [D] [thread 101666] [39.0] [cxt 0] Pipeline 'ingress': start
[00:07:54.839] [bmv2] [T] [thread 101666] [39.0] [cxt 0] basic.p4(120) Condition "hdr.ipv4.isValid()" (node_2) is false
[00:07:54.839] [bmv2] [D] [thread 101666] [39.0] [cxt 0] Pipeline 'ingress': end
[00:07:54.839] [bmv2] [D] [thread 101666] [39.0] [cxt 0] Egress port is 0
[00:07:54.839] [bmv2] [D] [thread 101667] [39.0] [cxt 0] Pipeline 'egress': start
[00:07:54.839] [bmv2] [D] [thread 101667] [39.0] [cxt 0] Pipeline 'egress': end
[00:07:54.839] [bmv2] [D] [thread 101667] [39.0] [cxt 0] Deparser 'deparser': start
[00:07:54.839] [bmv2] [D] [thread 101667] [39.0] [cxt 0] Deparsing header 'ethernet'
[00:07:54.839] [bmv2] [D] [thread 101667] [39.0] [cxt 0] Deparser 'deparser': end
[00:07:54.839] [bmv2] [D] [thread 101671] [39.0] [cxt 0] Transmitting packet of size 70 out of port 0
[00:16:39.126] [bmv2] [D] [thread 101666] [40.0] [cxt 0] Processing packet received on port 1
[00:16:39.126] [bmv2] [D] [thread 101666] [40.0] [cxt 0] Parser 'parser': start
[00:16:39.126] [bmv2] [D] [thread 101666] [40.0] [cxt 0] Parser 'parser' entering state 'start'
[00:16:39.126] [bmv2] [D] [thread 101666] [40.0] [cxt 0] Extracting header 'ethernet'
[00:16:39.127] [bmv2] [D] [thread 101666] [40.0] [cxt 0] Parser state 'start': key is 86dd
[00:16:39.127] [bmv2] [T] [thread 101666] [40.0] [cxt 0] Bytes parsed: 14
[00:16:39.127] [bmv2] [D] [thread 101666] [40.0] [cxt 0] Parser 'parser': end
[00:16:39.127] [bmv2] [D] [thread 101666] [40.0] [cxt 0] Pipeline 'ingress': start
[00:16:39.127] [bmv2] [T] [thread 101666] [40.0] [cxt 0] basic.p4(120) Condition "hdr.ipv4.isValid()" (node_2) is false
[00:16:39.127] [bmv2] [D] [thread 101666] [40.0] [cxt 0] Pipeline 'ingress': end
[00:16:39.127] [bmv2] [D] [thread 101666] [40.0] [cxt 0] Egress port is 0
[00:16:39.127] [bmv2] [D] [thread 101667] [40.0] [cxt 0] Pipeline 'egress': start
[00:16:39.127] [bmv2] [D] [thread 101667] [40.0] [cxt 0] Pipeline 'egress': end
[00:16:39.127] [bmv2] [D] [thread 101667] [40.0] [cxt 0] Deparser 'deparser': start
[00:16:39.127] [bmv2] [D] [thread 101667] [40.0] [cxt 0] Deparsing header 'ethernet'
[00:16:39.127] [bmv2] [D] [thread 101667] [40.0] [cxt 0] Deparser 'deparser': end
[00:16:39.127] [bmv2] [D] [thread 101671] [40.0] [cxt 0] Transmitting packet of size 70 out of port 0
[00:29:45.558] [bmv2] [D] [thread 101666] [41.0] [cxt 0] Processing packet received on port 2
[00:29:45.558] [bmv2] [D] [thread 101666] [41.0] [cxt 0] Parser 'parser': start
[00:29:45.558] [bmv2] [D] [thread 101666] [41.0] [cxt 0] Parser 'parser' entering state 'start'
[00:29:45.559] [bmv2] [D] [thread 101666] [41.0] [cxt 0] Extracting header 'ethernet'
[00:29:45.559] [bmv2] [D] [thread 101666] [41.0] [cxt 0] Parser state 'start': key is 86dd
[00:29:45.559] [bmv2] [T] [thread 101666] [41.0] [cxt 0] Bytes parsed: 14
[00:29:45.559] [bmv2] [D] [thread 101666] [41.0] [cxt 0] Parser 'parser': end
[00:29:45.559] [bmv2] [D] [thread 101666] [41.0] [cxt 0] Pipeline 'ingress': start
[00:29:45.559] [bmv2] [T] [thread 101666] [41.0] [cxt 0] basic.p4(120) Condition "hdr.ipv4.isValid()" (node_2) is false
[00:29:45.559] [bmv2] [D] [thread 101666] [41.0] [cxt 0] Pipeline 'ingress': end
[00:29:45.559] [bmv2] [D] [thread 101666] [41.0] [cxt 0] Egress port is 0
[00:29:45.559] [bmv2] [D] [thread 101667] [41.0] [cxt 0] Pipeline 'egress': start
[00:29:45.559] [bmv2] [D] [thread 101667] [41.0] [cxt 0] Pipeline 'egress': end
[00:29:45.559] [bmv2] [D] [thread 101667] [41.0] [cxt 0] Deparser 'deparser': start
[00:29:45.559] [bmv2] [D] [thread 101667] [41.0] [cxt 0] Deparsing header 'ethernet'
[00:29:45.559] [bmv2] [D] [thread 101667] [41.0] [cxt 0] Deparser 'deparser': end
[00:29:45.559] [bmv2] [D] [thread 101671] [41.0] [cxt 0] Transmitting packet of size 70 out of port 0
